#
# A fatal error has been detected by the Java Runtime Environment:
#
#  SIGSEGV (0xb) at pc=0x0000000000000000, pid=19010, tid=6609
#
# JRE version: OpenJDK Runtime Environment (11.0.13+8) (build 11.0.13+8)
# Java VM: OpenJDK 64-Bit Server VM (11.0.13+8, mixed mode, tiered, compressed oops, g1 gc, linux-amd64)
# Problematic frame:
# C  0x0000000000000000
#
# No core dump will be written. Core dumps have been disabled. To enable core dumping, try "ulimit -c unlimited" before starting Java again
#
# If you would like to submit a bug report, please visit:
#   https://bugreport.java.com/bugreport/crash.jsp
#

---------------  S U M M A R Y ------------

Command Line: -Xverify:none -XX:TieredStopAtLevel=1 com.simple.mvc.SimpleSpringMvcApplication

Host: Intel(R) Core(TM) i3-8145U CPU @ 2.10GHz, 4 cores, 3G, Artix Linux
Time: Sat Jan  1 01:13:09 2022 WIB elapsed time: 159.019188 seconds (0d 0h 2m 39s)

---------------  T H R E A D  ---------------

Current thread (0x00007facc8014800):  JavaThread "restartedMain" [_thread_in_Java, id=6609, stack(0x00007fad4097c000,0x00007fad40a7d000)]

Stack: [0x00007fad4097c000,0x00007fad40a7d000],  sp=0x00007fad40a7abf0,  free space=1018k

siginfo: si_signo: 11 (SIGSEGV), si_code: 1 (SEGV_MAPERR), si_addr: 0x0000000000000000

Register to memory mapping:

RAX=0x0 is NULL
RBX=0x00007fad420766a0 is pointing into metadata
RCX=0x00000000ca73e9b8 is an oop: org.springframework.format.support.FormattingConversionService$PrinterConverter 
{0x00000000ca73e9b8} - klass: 'org/springframework/format/support/FormattingConversionService$PrinterConverter'
RDX=0x00007fad5085d203 is at code_begin+2307 in an Interpreter codelet
invoke return entry points  [0x00007fad5085c900, 0x00007fad5085d2e0]  2528 bytes
RSP=0x00007fad40a7abf0 is pointing into the stack for thread: 0x00007facc8014800
RBP=0x00007fad40a7ac70 is pointing into the stack for thread: 0x00007facc8014800
RSI=0x0 is NULL
RDI=0x00000000ca73e998 is an oop: org.springframework.format.datetime.standard.TemporalAccessorParser 
{0x00000000ca73e998} - klass: 'org/springframework/format/datetime/standard/TemporalAccessorParser'
R8 =0x0000000000000ca7 is an unknown value
R9 =0x0000000000000006 is an unknown value
R10=0x00007fad6de251a0: <offset 0x00000000012f41a0> in /usr/lib/jvm/java-11-openjdk/lib/server/libjvm.so at 0x00007fad6cb31000
R11=0x00007fad510a7be0 is at entry_point+32 in (nmethod*)0x00007fad510a7a10
R12=0x0 is NULL
R13=0x00007fad40a7abf8 is pointing into the stack for thread: 0x00007facc8014800
R14=0x00007fad40a7ac98 is pointing into the stack for thread: 0x00007facc8014800
R15=0x00007facc8014800 is a thread


Registers:
RAX=0x0000000000000000, RBX=0x00007fad420766a0, RCX=0x00000000ca73e9b8, RDX=0x00007fad5085d203
RSP=0x00007fad40a7abf0, RBP=0x00007fad40a7ac70, RSI=0x0000000000000000, RDI=0x00000000ca73e998
R8 =0x0000000000000ca7, R9 =0x0000000000000006, R10=0x00007fad6de251a0, R11=0x00007fad510a7be0
R12=0x0000000000000000, R13=0x00007fad40a7abf8, R14=0x00007fad40a7ac98, R15=0x00007facc8014800
RIP=0x0000000000000000, EFLAGS=0x0000000000010246, CSGSFS=0x002b000000000033, ERR=0x0000000000000014
  TRAPNO=0x000000000000000e

Top of Stack: (sp=0x00007fad40a7abf0)
0x00007fad40a7abf0:   00007fad5085d203 00000000ca72ffc8
0x00007fad40a7ac00:   00000000ca73e988 00000000c5018ea0
0x00007fad40a7ac10:   00000000ca73e9b8 00000000ca73e9b8
0x00007fad40a7ac20:   00000000ca72ffc8 00007fad40a7ac28 

Instructions: (pc=0x0000000000000000)
0xffffffffffffff00:   


Stack slot to memory mapping:
stack at sp + 0 slots: 0x00007fad5085d203 is at code_begin+2307 in an Interpreter codelet
invoke return entry points  [0x00007fad5085c900, 0x00007fad5085d2e0]  2528 bytes
stack at sp + 1 slots: 0x00000000ca72ffc8 is an oop: org.springframework.boot.convert.ApplicationConversionService 
{0x00000000ca72ffc8} - klass: 'org/springframework/boot/convert/ApplicationConversionService'
stack at sp + 2 slots: 0x00000000ca73e988 is an oop: org.springframework.format.datetime.standard.TemporalAccessorPrinter 
{0x00000000ca73e988} - klass: 'org/springframework/format/datetime/standard/TemporalAccessorPrinter'
stack at sp + 3 slots: 0x00000000c5018ea0 is an oop: java.lang.Class 
{0x00000000c5018ea0} - klass: 'java/lang/Class'
stack at sp + 4 slots: 0x00000000ca73e9b8 is an oop: org.springframework.format.support.FormattingConversionService$PrinterConverter 
{0x00000000ca73e9b8} - klass: 'org/springframework/format/support/FormattingConversionService$PrinterConverter'
stack at sp + 5 slots: 0x00000000ca73e9b8 is an oop: org.springframework.format.support.FormattingConversionService$PrinterConverter 
{0x00000000ca73e9b8} - klass: 'org/springframework/format/support/FormattingConversionService$PrinterConverter'
stack at sp + 6 slots: 0x00000000ca72ffc8 is an oop: org.springframework.boot.convert.ApplicationConversionService 
{0x00000000ca72ffc8} - klass: 'org/springframework/boot/convert/ApplicationConversionService'
stack at sp + 7 slots: 0x00007fad40a7ac28 is pointing into the stack for thread: 0x00007facc8014800


---------------  P R O C E S S  ---------------

Threads class SMR info:
_java_thread_list=0x00007facc80137e0, length=11, elements={
0x00007fad680f7000, 0x00007fad680fb000, 0x00007fad68110000, 0x00007fad68112000,
0x00007fad68114000, 0x00007fad68116000, 0x00007fad681b7800, 0x00007fad01163000,
0x00007fad68018000, 0x00007facdc00f800, 0x00007facc8014800
}

Java Threads: ( => current thread )
  0x00007fad680f7000 JavaThread "Reference Handler" daemon [_thread_blocked, id=19019, stack(0x00007fad43075000,0x00007fad43176000)]
  0x00007fad680fb000 JavaThread "Finalizer" daemon [_thread_blocked, id=19020, stack(0x00007fad42f74000,0x00007fad43075000)]
  0x00007fad68110000 JavaThread "Signal Dispatcher" daemon [_thread_blocked, id=19021, stack(0x00007fad42b8c000,0x00007fad42c8d000)]
  0x00007fad68112000 JavaThread "Service Thread" daemon [_thread_blocked, id=19022, stack(0x00007fad42a8b000,0x00007fad42b8c000)]
  0x00007fad68114000 JavaThread "C1 CompilerThread0" daemon [_thread_blocked, id=19023, stack(0x00007fad4298a000,0x00007fad42a8b000)]
  0x00007fad68116000 JavaThread "Sweeper thread" daemon [_thread_blocked, id=19024, stack(0x00007fad42889000,0x00007fad4298a000)]
  0x00007fad681b7800 JavaThread "Common-Cleaner" daemon [_thread_blocked, id=19026, stack(0x00007fad42686000,0x00007fad42787000)]
  0x00007fad01163000 JavaThread "Live Reload Server" daemon [_thread_in_native, id=19813, stack(0x00007face6ffc000,0x00007face70fd000)]
  0x00007fad68018000 JavaThread "DestroyJavaVM" [_thread_blocked, id=19011, stack(0x00007fad6c6ba000,0x00007fad6c7bb000)]
  0x00007facdc00f800 JavaThread "Thread-13" [_thread_blocked, id=6523, stack(0x00007fad42283000,0x00007fad42384000)]
=>0x00007facc8014800 JavaThread "restartedMain" [_thread_in_Java, id=6609, stack(0x00007fad4097c000,0x00007fad40a7d000)]

Other Threads:
  0x00007fad680ee800 VMThread "VM Thread" [stack: 0x00007fad43178000,0x00007fad43278000] [id=19018]
  0x00007fad681ac800 WatcherThread [stack: 0x00007fad42789000,0x00007fad42889000] [id=19025]
  0x00007fad6802f000 GCTaskThread "GC Thread#0" [stack: 0x00007fad6c371000,0x00007fad6c471000] [id=19012]
  0x00007fad34001000 GCTaskThread "GC Thread#1" [stack: 0x00007fad42586000,0x00007fad42686000] [id=19092]
  0x00007fad34004000 GCTaskThread "GC Thread#2" [stack: 0x00007fad41981000,0x00007fad41a81000] [id=19215]
  0x00007fad34005800 GCTaskThread "GC Thread#3" [stack: 0x00007fad4187f000,0x00007fad4197f000] [id=19216]
  0x00007fad68049800 ConcurrentGCThread "G1 Main Marker" [stack: 0x00007fad500be000,0x00007fad501be000] [id=19013]
  0x00007fad6804b800 ConcurrentGCThread "G1 Conc#0" [stack: 0x00007fad4a140000,0x00007fad4a240000] [id=19014]
  0x00007fad6808d800 ConcurrentGCThread "G1 Refine#0" [stack: 0x00007fad43bfd000,0x00007fad43cfd000] [id=19015]
  0x00007fad38001000 ConcurrentGCThread "G1 Refine#1" [stack: 0x00007face696c000,0x00007face6a6c000] [id=19762]
  0x00007fad6808f000 ConcurrentGCThread "G1 Young RemSet Sampling" [stack: 0x00007fad43afb000,0x00007fad43bfb000] [id=19016]

Threads with active compile tasks:

VM state:not at safepoint (normal execution)

VM Mutex/Monitor currently owned by a thread: None

Heap address: 0x00000000c4800000, size: 952 MB, Compressed Oops mode: 32-bit
Narrow klass base: 0x0000000000000000, Narrow klass shift: 3
Compressed class space size: 1073741824 Address: 0x0000000100000000

Heap:
 garbage-first heap   total 99328K, used 29049K [0x00000000c4800000, 0x0000000100000000)
  region size 1024K, 2 young (2048K), 0 survivors (0K)
 Metaspace       used 66109K, capacity 68146K, committed 68472K, reserved 1107968K
  class space    used 8422K, capacity 9242K, committed 9336K, reserved 1048576K
Heap Regions: E=young(eden), S=young(survivor), O=old, HS=humongous(starts), HC=humongous(continues), CS=collection set, F=free, A=archive, TAMS=top-at-mark-start (previous, next)
|   0|0x00000000c4800000, 0x00000000c4900000, 0x00000000c4900000|100%|HS|  |TAMS 0x00000000c4800000, 0x00000000c4800000| Untracked 
|   1|0x00000000c4900000, 0x00000000c49fffe0, 0x00000000c4a00000| 99%| O|  |TAMS 0x00000000c4900000, 0x00000000c4900000| Untracked 
|   2|0x00000000c4a00000, 0x00000000c4aff5c0, 0x00000000c4b00000| 99%| O|  |TAMS 0x00000000c4a00000, 0x00000000c4a00000| Untracked 
|   3|0x00000000c4b00000, 0x00000000c4bfc528, 0x00000000c4c00000| 98%| O|  |TAMS 0x00000000c4b00000, 0x00000000c4b00000| Untracked 
|   4|0x00000000c4c00000, 0x00000000c4cc46c8, 0x00000000c4d00000| 76%| O|  |TAMS 0x00000000c4c00000, 0x00000000c4c00000| Untracked 
|   5|0x00000000c4d00000, 0x00000000c4dffff8, 0x00000000c4e00000| 99%| O|  |TAMS 0x00000000c4d00000, 0x00000000c4d00000| Untracked 
|   6|0x00000000c4e00000, 0x00000000c4effff0, 0x00000000c4f00000| 99%| O|  |TAMS 0x00000000c4e00000, 0x00000000c4e00000| Untracked 
|   7|0x00000000c4f00000, 0x00000000c4fffff8, 0x00000000c5000000| 99%| O|  |TAMS 0x00000000c4f00000, 0x00000000c4f00000| Untracked 
|   8|0x00000000c5000000, 0x00000000c5100000, 0x00000000c5100000|100%| O|  |TAMS 0x00000000c5000000, 0x00000000c5000000| Untracked 
|   9|0x00000000c5100000, 0x00000000c51ffff0, 0x00000000c5200000| 99%| O|  |TAMS 0x00000000c5100000, 0x00000000c5100000| Untracked 
|  10|0x00000000c5200000, 0x00000000c5300000, 0x00000000c5300000|100%| O|  |TAMS 0x00000000c5200000, 0x00000000c5200000| Untracked 
|  11|0x00000000c5300000, 0x00000000c53ffff0, 0x00000000c5400000| 99%| O|  |TAMS 0x00000000c5300000, 0x00000000c5300000| Untracked 
|  12|0x00000000c5400000, 0x00000000c54fffb0, 0x00000000c5500000| 99%| O|  |TAMS 0x00000000c5400000, 0x00000000c5400000| Untracked 
|  13|0x00000000c5500000, 0x00000000c5600000, 0x00000000c5600000|100%| O|  |TAMS 0x00000000c5500000, 0x00000000c5500000| Untracked 
|  14|0x00000000c5600000, 0x00000000c56fffd8, 0x00000000c5700000| 99%| O|  |TAMS 0x00000000c5600000, 0x00000000c5600000| Untracked 
|  15|0x00000000c5700000, 0x00000000c57ffff0, 0x00000000c5800000| 99%| O|  |TAMS 0x00000000c5700000, 0x00000000c5700000| Untracked 
|  16|0x00000000c5800000, 0x00000000c58ffff8, 0x00000000c5900000| 99%| O|  |TAMS 0x00000000c5800000, 0x00000000c5800000| Untracked 
|  17|0x00000000c5900000, 0x00000000c5a00000, 0x00000000c5a00000|100%| O|  |TAMS 0x00000000c5900000, 0x00000000c5900000| Untracked 
|  18|0x00000000c5a00000, 0x00000000c5b00000, 0x00000000c5b00000|100%| O|  |TAMS 0x00000000c5a00000, 0x00000000c5a00000| Untracked 
|  19|0x00000000c5b00000, 0x00000000c5bfff20, 0x00000000c5c00000| 99%| O|  |TAMS 0x00000000c5b00000, 0x00000000c5b00000| Untracked 
|  20|0x00000000c5c00000, 0x00000000c5cfffc8, 0x00000000c5d00000| 99%| O|  |TAMS 0x00000000c5c00000, 0x00000000c5c00000| Untracked 
|  21|0x00000000c5d00000, 0x00000000c5dffff8, 0x00000000c5e00000| 99%| O|  |TAMS 0x00000000c5d00000, 0x00000000c5d00000| Untracked 
|  22|0x00000000c5e00000, 0x00000000c5efffe8, 0x00000000c5f00000| 99%| O|  |TAMS 0x00000000c5e00000, 0x00000000c5e00000| Untracked 
|  23|0x00000000c5f00000, 0x00000000c5fffa00, 0x00000000c6000000| 99%| O|  |TAMS 0x00000000c5f00000, 0x00000000c5f00000| Untracked 
|  24|0x00000000c6000000, 0x00000000c60ffff0, 0x00000000c6100000| 99%| O|  |TAMS 0x00000000c6000000, 0x00000000c6000000| Untracked 
|  25|0x00000000c6100000, 0x00000000c6200000, 0x00000000c6200000|100%| O|  |TAMS 0x00000000c6100000, 0x00000000c6100000| Untracked 
|  26|0x00000000c6200000, 0x00000000c6253420, 0x00000000c6300000| 32%| O|  |TAMS 0x00000000c6200000, 0x00000000c6200000| Untracked 
|  27|0x00000000c6300000, 0x00000000c6362d18, 0x00000000c6400000| 38%| O|  |TAMS 0x00000000c6300000, 0x00000000c6300000| Untracked 
|  28|0x00000000c6400000, 0x00000000c6400000, 0x00000000c6500000|  0%| F|  |TAMS 0x00000000c6400000, 0x00000000c6400000| Untracked 
|  29|0x00000000c6500000, 0x00000000c65e8b70, 0x00000000c6600000| 90%| O|  |TAMS 0x00000000c6500000, 0x00000000c6500000| Untracked 
|  30|0x00000000c6600000, 0x00000000c6600000, 0x00000000c6700000|  0%| F|  |TAMS 0x00000000c6600000, 0x00000000c6600000| Untracked 
|  31|0x00000000c6700000, 0x00000000c6700000, 0x00000000c6800000|  0%| F|  |TAMS 0x00000000c6700000, 0x00000000c6700000| Untracked 
|  32|0x00000000c6800000, 0x00000000c6800000, 0x00000000c6900000|  0%| F|  |TAMS 0x00000000c6800000, 0x00000000c6800000| Untracked 
|  33|0x00000000c6900000, 0x00000000c6900000, 0x00000000c6a00000|  0%| F|  |TAMS 0x00000000c6900000, 0x00000000c6900000| Untracked 
|  34|0x00000000c6a00000, 0x00000000c6a00000, 0x00000000c6b00000|  0%| F|  |TAMS 0x00000000c6a00000, 0x00000000c6a00000| Untracked 
|  35|0x00000000c6b00000, 0x00000000c6b00000, 0x00000000c6c00000|  0%| F|  |TAMS 0x00000000c6b00000, 0x00000000c6b00000| Untracked 
|  36|0x00000000c6c00000, 0x00000000c6c00000, 0x00000000c6d00000|  0%| F|  |TAMS 0x00000000c6c00000, 0x00000000c6c00000| Untracked 
|  37|0x00000000c6d00000, 0x00000000c6d00000, 0x00000000c6e00000|  0%| F|  |TAMS 0x00000000c6d00000, 0x00000000c6d00000| Untracked 
|  38|0x00000000c6e00000, 0x00000000c6e00000, 0x00000000c6f00000|  0%| F|  |TAMS 0x00000000c6e00000, 0x00000000c6e00000| Untracked 
|  39|0x00000000c6f00000, 0x00000000c6f00000, 0x00000000c7000000|  0%| F|  |TAMS 0x00000000c6f00000, 0x00000000c6f00000| Untracked 
|  40|0x00000000c7000000, 0x00000000c7000000, 0x00000000c7100000|  0%| F|  |TAMS 0x00000000c7000000, 0x00000000c7000000| Untracked 
|  41|0x00000000c7100000, 0x00000000c7100000, 0x00000000c7200000|  0%| F|  |TAMS 0x00000000c7100000, 0x00000000c7100000| Untracked 
|  42|0x00000000c7200000, 0x00000000c7200000, 0x00000000c7300000|  0%| F|  |TAMS 0x00000000c7200000, 0x00000000c7200000| Untracked 
|  43|0x00000000c7300000, 0x00000000c7300000, 0x00000000c7400000|  0%| F|  |TAMS 0x00000000c7300000, 0x00000000c7300000| Untracked 
|  44|0x00000000c7400000, 0x00000000c7400000, 0x00000000c7500000|  0%| F|  |TAMS 0x00000000c7400000, 0x00000000c7400000| Untracked 
|  45|0x00000000c7500000, 0x00000000c7500000, 0x00000000c7600000|  0%| F|  |TAMS 0x00000000c7500000, 0x00000000c7500000| Untracked 
|  46|0x00000000c7600000, 0x00000000c7600000, 0x00000000c7700000|  0%| F|  |TAMS 0x00000000c7600000, 0x00000000c7600000| Untracked 
|  47|0x00000000c7700000, 0x00000000c7700000, 0x00000000c7800000|  0%| F|  |TAMS 0x00000000c7700000, 0x00000000c7700000| Untracked 
|  48|0x00000000c7800000, 0x00000000c7800000, 0x00000000c7900000|  0%| F|  |TAMS 0x00000000c7800000, 0x00000000c7800000| Untracked 
|  49|0x00000000c7900000, 0x00000000c7900000, 0x00000000c7a00000|  0%| F|  |TAMS 0x00000000c7900000, 0x00000000c7900000| Untracked 
|  50|0x00000000c7a00000, 0x00000000c7a00000, 0x00000000c7b00000|  0%| F|  |TAMS 0x00000000c7a00000, 0x00000000c7a00000| Untracked 
|  51|0x00000000c7b00000, 0x00000000c7b00000, 0x00000000c7c00000|  0%| F|  |TAMS 0x00000000c7b00000, 0x00000000c7b00000| Untracked 
|  52|0x00000000c7c00000, 0x00000000c7c00000, 0x00000000c7d00000|  0%| F|  |TAMS 0x00000000c7c00000, 0x00000000c7c00000| Untracked 
|  53|0x00000000c7d00000, 0x00000000c7d00000, 0x00000000c7e00000|  0%| F|  |TAMS 0x00000000c7d00000, 0x00000000c7d00000| Untracked 
|  54|0x00000000c7e00000, 0x00000000c7e00000, 0x00000000c7f00000|  0%| F|  |TAMS 0x00000000c7e00000, 0x00000000c7e00000| Untracked 
|  55|0x00000000c7f00000, 0x00000000c7f00000, 0x00000000c8000000|  0%| F|  |TAMS 0x00000000c7f00000, 0x00000000c7f00000| Untracked 
|  56|0x00000000c8000000, 0x00000000c8000000, 0x00000000c8100000|  0%| F|  |TAMS 0x00000000c8000000, 0x00000000c8000000| Untracked 
|  57|0x00000000c8100000, 0x00000000c8100000, 0x00000000c8200000|  0%| F|  |TAMS 0x00000000c8100000, 0x00000000c8100000| Untracked 
|  58|0x00000000c8200000, 0x00000000c8200000, 0x00000000c8300000|  0%| F|  |TAMS 0x00000000c8200000, 0x00000000c8200000| Untracked 
|  59|0x00000000c8300000, 0x00000000c8300000, 0x00000000c8400000|  0%| F|  |TAMS 0x00000000c8300000, 0x00000000c8300000| Untracked 
|  60|0x00000000c8400000, 0x00000000c8400000, 0x00000000c8500000|  0%| F|  |TAMS 0x00000000c8400000, 0x00000000c8400000| Untracked 
|  61|0x00000000c8500000, 0x00000000c8500000, 0x00000000c8600000|  0%| F|  |TAMS 0x00000000c8500000, 0x00000000c8500000| Untracked 
|  62|0x00000000c8600000, 0x00000000c8600000, 0x00000000c8700000|  0%| F|  |TAMS 0x00000000c8600000, 0x00000000c8600000| Untracked 
|  63|0x00000000c8700000, 0x00000000c8700000, 0x00000000c8800000|  0%| F|  |TAMS 0x00000000c8700000, 0x00000000c8700000| Untracked 
|  64|0x00000000c8800000, 0x00000000c8800000, 0x00000000c8900000|  0%| F|  |TAMS 0x00000000c8800000, 0x00000000c8800000| Untracked 
|  65|0x00000000c8900000, 0x00000000c8900000, 0x00000000c8a00000|  0%| F|  |TAMS 0x00000000c8900000, 0x00000000c8900000| Untracked 
|  66|0x00000000c8a00000, 0x00000000c8a00000, 0x00000000c8b00000|  0%| F|  |TAMS 0x00000000c8a00000, 0x00000000c8a00000| Untracked 
|  67|0x00000000c8b00000, 0x00000000c8b00000, 0x00000000c8c00000|  0%| F|  |TAMS 0x00000000c8b00000, 0x00000000c8b00000| Untracked 
|  68|0x00000000c8c00000, 0x00000000c8c00000, 0x00000000c8d00000|  0%| F|  |TAMS 0x00000000c8c00000, 0x00000000c8c00000| Untracked 
|  69|0x00000000c8d00000, 0x00000000c8d00000, 0x00000000c8e00000|  0%| F|  |TAMS 0x00000000c8d00000, 0x00000000c8d00000| Untracked 
|  70|0x00000000c8e00000, 0x00000000c8e00000, 0x00000000c8f00000|  0%| F|  |TAMS 0x00000000c8e00000, 0x00000000c8e00000| Untracked 
|  71|0x00000000c8f00000, 0x00000000c8f00000, 0x00000000c9000000|  0%| F|  |TAMS 0x00000000c8f00000, 0x00000000c8f00000| Untracked 
|  72|0x00000000c9000000, 0x00000000c9000000, 0x00000000c9100000|  0%| F|  |TAMS 0x00000000c9000000, 0x00000000c9000000| Untracked 
|  73|0x00000000c9100000, 0x00000000c9100000, 0x00000000c9200000|  0%| F|  |TAMS 0x00000000c9100000, 0x00000000c9100000| Untracked 
|  74|0x00000000c9200000, 0x00000000c9200000, 0x00000000c9300000|  0%| F|  |TAMS 0x00000000c9200000, 0x00000000c9200000| Untracked 
|  75|0x00000000c9300000, 0x00000000c9300000, 0x00000000c9400000|  0%| F|  |TAMS 0x00000000c9300000, 0x00000000c9300000| Untracked 
|  76|0x00000000c9400000, 0x00000000c9400000, 0x00000000c9500000|  0%| F|  |TAMS 0x00000000c9400000, 0x00000000c9400000| Untracked 
|  77|0x00000000c9500000, 0x00000000c9500000, 0x00000000c9600000|  0%| F|  |TAMS 0x00000000c9500000, 0x00000000c9500000| Untracked 
|  78|0x00000000c9600000, 0x00000000c9600000, 0x00000000c9700000|  0%| F|  |TAMS 0x00000000c9600000, 0x00000000c9600000| Untracked 
|  79|0x00000000c9700000, 0x00000000c9700000, 0x00000000c9800000|  0%| F|  |TAMS 0x00000000c9700000, 0x00000000c9700000| Untracked 
|  80|0x00000000c9800000, 0x00000000c9800000, 0x00000000c9900000|  0%| F|  |TAMS 0x00000000c9800000, 0x00000000c9800000| Untracked 
|  81|0x00000000c9900000, 0x00000000c9900000, 0x00000000c9a00000|  0%| F|  |TAMS 0x00000000c9900000, 0x00000000c9900000| Untracked 
|  82|0x00000000c9a00000, 0x00000000c9a00000, 0x00000000c9b00000|  0%| F|  |TAMS 0x00000000c9a00000, 0x00000000c9a00000| Untracked 
|  83|0x00000000c9b00000, 0x00000000c9b00000, 0x00000000c9c00000|  0%| F|  |TAMS 0x00000000c9b00000, 0x00000000c9b00000| Untracked 
|  84|0x00000000c9c00000, 0x00000000c9c00000, 0x00000000c9d00000|  0%| F|  |TAMS 0x00000000c9c00000, 0x00000000c9c00000| Untracked 
|  85|0x00000000c9d00000, 0x00000000c9d00000, 0x00000000c9e00000|  0%| F|  |TAMS 0x00000000c9d00000, 0x00000000c9d00000| Untracked 
|  86|0x00000000c9e00000, 0x00000000c9e00000, 0x00000000c9f00000|  0%| F|  |TAMS 0x00000000c9e00000, 0x00000000c9e00000| Untracked 
|  87|0x00000000c9f00000, 0x00000000c9f00000, 0x00000000ca000000|  0%| F|  |TAMS 0x00000000c9f00000, 0x00000000c9f00000| Untracked 
|  88|0x00000000ca000000, 0x00000000ca000000, 0x00000000ca100000|  0%| F|  |TAMS 0x00000000ca000000, 0x00000000ca000000| Untracked 
|  89|0x00000000ca100000, 0x00000000ca100000, 0x00000000ca200000|  0%| F|  |TAMS 0x00000000ca100000, 0x00000000ca100000| Untracked 
|  90|0x00000000ca200000, 0x00000000ca200000, 0x00000000ca300000|  0%| F|  |TAMS 0x00000000ca200000, 0x00000000ca200000| Untracked 
|  91|0x00000000ca300000, 0x00000000ca300000, 0x00000000ca400000|  0%| F|  |TAMS 0x00000000ca300000, 0x00000000ca300000| Untracked 
|  92|0x00000000ca400000, 0x00000000ca400000, 0x00000000ca500000|  0%| F|  |TAMS 0x00000000ca400000, 0x00000000ca400000| Untracked 
|  93|0x00000000ca500000, 0x00000000ca500000, 0x00000000ca600000|  0%| F|  |TAMS 0x00000000ca500000, 0x00000000ca500000| Untracked 
|  94|0x00000000ca600000, 0x00000000ca600000, 0x00000000ca700000|  0%| F|  |TAMS 0x00000000ca600000, 0x00000000ca600000| Untracked 
|  95|0x00000000ca700000, 0x00000000ca748350, 0x00000000ca800000| 28%| E|  |TAMS 0x00000000ca700000, 0x00000000ca700000| Complete 
|  96|0x00000000ca800000, 0x00000000ca900000, 0x00000000ca900000|100%| E|CS|TAMS 0x00000000ca800000, 0x00000000ca800000| Complete 

Card table byte_map: [0x00007fad5039a000,0x00007fad50576000] _byte_map_base: 0x00007fad4fd76000

Marking Bits (Prev, Next): (CMBitMap*) 0x00007fad68045100, (CMBitMap*) 0x00007fad680450c8
 Prev Bits: [0x00007fad4a240000, 0x00007fad4b120000)
 Next Bits: [0x00007fad4b120000, 0x00007fad4c000000)

Polling page: 0x00007fad6c680000

Metaspace:

Usage:
  Non-class:     57.52 MB capacity,    56.33 MB ( 98%) used,   988.53 KB (  2%) free+waste,   228.88 KB ( <1%) overhead. 
      Class:      9.03 MB capacity,     8.23 MB ( 91%) used,   708.87 KB (  8%) free+waste,   110.25 KB (  1%) overhead. 
       Both:     66.55 MB capacity,    64.56 MB ( 97%) used,     1.66 MB (  2%) free+waste,   339.12 KB ( <1%) overhead. 

Virtual space:
  Non-class space:       58.00 MB reserved,      57.75 MB (>99%) committed 
      Class space:        1.00 GB reserved,       9.12 MB ( <1%) committed 
             Both:        1.06 GB reserved,      66.87 MB (  6%) committed 

Chunk freelists:
   Non-Class:  8.00 KB
       Class:  6.00 KB
        Both:  14.00 KB

MaxMetaspaceSize: unlimited
CompressedClassSpaceSize: 1.00 GB
Initial GC threshold: 20.80 MB
Current GC threshold: 111.45 MB
CDS: off

CodeHeap 'non-profiled nmethods': size=238948Kb used=11843Kb max_used=11843Kb free=227104Kb
 bounds [0x00007fad50efa000, 0x00007fad51a9a000, 0x00007fad5f853000]
CodeHeap 'non-nmethods': size=6812Kb used=1307Kb max_used=1307Kb free=5505Kb
 bounds [0x00007fad50853000, 0x00007fad50ac3000, 0x00007fad50efa000]
 total_blobs=7699 nmethods=7087 adapters=539
 compilation: enabled
              stopped_count=0, restarted_count=0
 full_count=0

Compilation events (20 events):
Event: 158.595 Thread 0x00007fad68114000 7078       1       java.util.Date::getTimeImpl (27 bytes)
Event: 158.595 Thread 0x00007fad68114000 nmethod 7078 0x00007fad51a87d90 code [0x00007fad51a87f40, 0x00007fad51a88040]
Event: 158.595 Thread 0x00007fad68114000 7079       1       java.io.PrintStream::ensureOpen (18 bytes)
Event: 158.596 Thread 0x00007fad68114000 nmethod 7079 0x00007fad51a88110 code [0x00007fad51a882c0, 0x00007fad51a88420]
Event: 158.993 Thread 0x00007fad68114000 7080       1       java.io.UnixFileSystem::normalize (129 bytes)
Event: 158.994 Thread 0x00007fad68114000 nmethod 7080 0x00007fad51a88510 code [0x00007fad51a88760, 0x00007fad51a88e60]
Event: 159.002 Thread 0x00007fad68114000 7081       1       java.util.stream.ReferencePipeline::forEach (11 bytes)
Event: 159.003 Thread 0x00007fad68114000 nmethod 7081 0x00007fad51a89410 code [0x00007fad51a895e0, 0x00007fad51a89830]
Event: 159.003 Thread 0x00007fad68114000 7082       1       java.util.stream.ForEachOps::makeRef (15 bytes)
Event: 159.003 Thread 0x00007fad68114000 nmethod 7082 0x00007fad51a89990 code [0x00007fad51a89b40, 0x00007fad51a89d60]
Event: 159.003 Thread 0x00007fad68114000 7083       1       java.util.stream.ForEachOps$ForEachOp$OfRef::<init> (11 bytes)
Event: 159.003 Thread 0x00007fad68114000 nmethod 7083 0x00007fad51a89e90 code [0x00007fad51a8a040, 0x00007fad51a8a150]
Event: 159.003 Thread 0x00007fad68114000 7084       1       java.util.stream.ForEachOps$ForEachOp::<init> (10 bytes)
Event: 159.003 Thread 0x00007fad68114000 nmethod 7084 0x00007fad51a8a190 code [0x00007fad51a8a340, 0x00007fad51a8a3f0]
Event: 159.003 Thread 0x00007fad68114000 7085       1       java.util.stream.ForEachOps$ForEachOp::getOpFlags (15 bytes)
Event: 159.003 Thread 0x00007fad68114000 nmethod 7085 0x00007fad51a8a490 code [0x00007fad51a8a640, 0x00007fad51a8a710]
Event: 159.003 Thread 0x00007fad68114000 7086       1       java.util.stream.ForEachOps$ForEachOp$OfRef::evaluateSequential (7 bytes)
Event: 159.003 Thread 0x00007fad68114000 nmethod 7086 0x00007fad51a8a790 code [0x00007fad51a8a940, 0x00007fad51a8aa60]
Event: 159.007 Thread 0x00007fad68114000 7087       1       org.springframework.core.env.PropertySource::equals (35 bytes)
Event: 159.007 Thread 0x00007fad68114000 nmethod 7087 0x00007fad51a8ab10 code [0x00007fad51a8acc0, 0x00007fad51a8ae40]

GC Heap History (20 events):
Event: 131.883 GC heap before
{Heap before GC invocations=30 (full 1):
 garbage-first heap   total 102400K, used 57561K [0x00000000c4800000, 0x0000000100000000)
  region size 1024K, 11 young (11264K), 5 survivors (5120K)
 Metaspace       used 65842K, capacity 67802K, committed 67832K, reserved 1107968K
  class space    used 8394K, capacity 9179K, committed 9208K, reserved 1048576K
}
Event: 131.898 GC heap after
{Heap after GC invocations=31 (full 1):
 garbage-first heap   total 102400K, used 53689K [0x00000000c4800000, 0x0000000100000000)
  region size 1024K, 2 young (2048K), 2 survivors (2048K)
 Metaspace       used 65842K, capacity 67802K, committed 67832K, reserved 1107968K
  class space    used 8394K, capacity 9179K, committed 9208K, reserved 1048576K
}
Event: 147.575 GC heap before
{Heap before GC invocations=32 (full 1):
 garbage-first heap   total 102400K, used 65977K [0x00000000c4800000, 0x0000000100000000)
  region size 1024K, 18 young (18432K), 2 survivors (2048K)
 Metaspace       used 65847K, capacity 67811K, committed 68088K, reserved 1107968K
  class space    used 8395K, capacity 9183K, committed 9208K, reserved 1048576K
}
Event: 147.751 GC heap after
{Heap after GC invocations=33 (full 2):
 garbage-first heap   total 99328K, used 27810K [0x00000000c4800000, 0x0000000100000000)
  region size 1024K, 0 young (0K), 0 survivors (0K)
 Metaspace       used 65847K, capacity 67811K, committed 68088K, reserved 1107968K
  class space    used 8395K, capacity 9183K, committed 9208K, reserved 1048576K
}
Event: 148.079 GC heap before
{Heap before GC invocations=33 (full 2):
 garbage-first heap   total 99328K, used 54434K [0x00000000c4800000, 0x0000000100000000)
  region size 1024K, 26 young (26624K), 0 survivors (0K)
 Metaspace       used 65897K, capacity 67917K, committed 68088K, reserved 1107968K
  class space    used 8404K, capacity 9196K, committed 9208K, reserved 1048576K
}
Event: 148.091 GC heap after
{Heap after GC invocations=34 (full 2):
 garbage-first heap   total 99328K, used 29676K [0x00000000c4800000, 0x0000000100000000)
  region size 1024K, 2 young (2048K), 2 survivors (2048K)
 Metaspace       used 65897K, capacity 67917K, committed 68088K, reserved 1107968K
  class space    used 8404K, capacity 9196K, committed 9208K, reserved 1048576K
}
Event: 148.208 GC heap before
{Heap before GC invocations=34 (full 2):
 garbage-first heap   total 99328K, used 58348K [0x00000000c4800000, 0x0000000100000000)
  region size 1024K, 31 young (31744K), 2 survivors (2048K)
 Metaspace       used 65907K, capacity 67923K, committed 68088K, reserved 1107968K
  class space    used 8405K, capacity 9197K, committed 9208K, reserved 1048576K
}
Event: 148.212 GC heap after
{Heap after GC invocations=35 (full 2):
 garbage-first heap   total 99328K, used 30202K [0x00000000c4800000, 0x0000000100000000)
  region size 1024K, 3 young (3072K), 3 survivors (3072K)
 Metaspace       used 65907K, capacity 67923K, committed 68088K, reserved 1107968K
  class space    used 8405K, capacity 9197K, committed 9208K, reserved 1048576K
}
Event: 148.257 GC heap before
{Heap before GC invocations=35 (full 2):
 garbage-first heap   total 99328K, used 60922K [0x00000000c4800000, 0x0000000100000000)
  region size 1024K, 33 young (33792K), 3 survivors (3072K)
 Metaspace       used 65908K, capacity 67923K, committed 68088K, reserved 1107968K
  class space    used 8406K, capacity 9197K, committed 9208K, reserved 1048576K
}
Event: 148.263 GC heap after
{Heap after GC invocations=36 (full 2):
 garbage-first heap   total 99328K, used 30510K [0x00000000c4800000, 0x0000000100000000)
  region size 1024K, 3 young (3072K), 3 survivors (3072K)
 Metaspace       used 65908K, capacity 67923K, committed 68088K, reserved 1107968K
  class space    used 8406K, capacity 9197K, committed 9208K, reserved 1048576K
}
Event: 148.702 GC heap before
{Heap before GC invocations=36 (full 2):
 garbage-first heap   total 99328K, used 64302K [0x00000000c4800000, 0x0000000100000000)
  region size 1024K, 36 young (36864K), 3 survivors (3072K)
 Metaspace       used 66087K, capacity 68110K, committed 68472K, reserved 1107968K
  class space    used 8419K, capacity 9234K, committed 9336K, reserved 1048576K
}
Event: 148.715 GC heap after
{Heap after GC invocations=37 (full 2):
 garbage-first heap   total 99328K, used 34024K [0x00000000c4800000, 0x0000000100000000)
  region size 1024K, 5 young (5120K), 5 survivors (5120K)
 Metaspace       used 66087K, capacity 68110K, committed 68472K, reserved 1107968K
  class space    used 8419K, capacity 9234K, committed 9336K, reserved 1048576K
}
Event: 148.763 GC heap before
{Heap before GC invocations=37 (full 2):
 garbage-first heap   total 99328K, used 67816K [0x00000000c4800000, 0x0000000100000000)
  region size 1024K, 37 young (37888K), 5 survivors (5120K)
 Metaspace       used 66087K, capacity 68110K, committed 68472K, reserved 1107968K
  class space    used 8419K, capacity 9234K, committed 9336K, reserved 1048576K
}
Event: 148.776 GC heap after
{Heap after GC invocations=38 (full 2):
 garbage-first heap   total 99328K, used 41570K [0x00000000c4800000, 0x0000000100000000)
  region size 1024K, 5 young (5120K), 5 survivors (5120K)
 Metaspace       used 66087K, capacity 68110K, committed 68472K, reserved 1107968K
  class space    used 8419K, capacity 9234K, committed 9336K, reserved 1048576K
}
Event: 148.809 GC heap before
{Heap before GC invocations=38 (full 2):
 garbage-first heap   total 99328K, used 70242K [0x00000000c4800000, 0x0000000100000000)
  region size 1024K, 32 young (32768K), 5 survivors (5120K)
 Metaspace       used 66111K, capacity 68146K, committed 68472K, reserved 1107968K
  class space    used 8422K, capacity 9241K, committed 9336K, reserved 1048576K
}
Event: 148.822 GC heap after
{Heap after GC invocations=39 (full 2):
 garbage-first heap   total 99328K, used 50338K [0x00000000c4800000, 0x0000000100000000)
  region size 1024K, 4 young (4096K), 4 survivors (4096K)
 Metaspace       used 66111K, capacity 68146K, committed 68472K, reserved 1107968K
  class space    used 8422K, capacity 9241K, committed 9336K, reserved 1048576K
}
Event: 148.835 GC heap before
{Heap before GC invocations=39 (full 2):
 garbage-first heap   total 99328K, used 63650K [0x00000000c4800000, 0x0000000100000000)
  region size 1024K, 18 young (18432K), 4 survivors (4096K)
 Metaspace       used 66111K, capacity 68146K, committed 68472K, reserved 1107968K
  class space    used 8422K, capacity 9241K, committed 9336K, reserved 1048576K
}
Event: 148.841 GC heap after
{Heap after GC invocations=40 (full 2):
 garbage-first heap   total 99328K, used 52835K [0x00000000c4800000, 0x0000000100000000)
  region size 1024K, 4 young (4096K), 4 survivors (4096K)
 Metaspace       used 66111K, capacity 68146K, committed 68472K, reserved 1107968K
  class space    used 8422K, capacity 9241K, committed 9336K, reserved 1048576K
}
Event: 158.682 GC heap before
{Heap before GC invocations=41 (full 2):
 garbage-first heap   total 99328K, used 63075K [0x00000000c4800000, 0x0000000100000000)
  region size 1024K, 20 young (20480K), 4 survivors (4096K)
 Metaspace       used 66110K, capacity 68146K, committed 68472K, reserved 1107968K
  class space    used 8422K, capacity 9242K, committed 9336K, reserved 1048576K
}
Event: 158.991 GC heap after
{Heap after GC invocations=42 (full 3):
 garbage-first heap   total 99328K, used 28025K [0x00000000c4800000, 0x0000000100000000)
  region size 1024K, 0 young (0K), 0 survivors (0K)
 Metaspace       used 66107K, capacity 68140K, committed 68472K, reserved 1107968K
  class space    used 8422K, capacity 9240K, committed 9336K, reserved 1048576K
}

Deoptimization events (4 events):
Event: 2.222 Thread 0x00007fad0c002000 DEOPT PACKING pc=0x00007fad511859cc sp=0x00007fad4227f9b0
Event: 2.222 Thread 0x00007fad0c002000 DEOPT UNPACKING pc=0x00007fad5089d64a sp=0x00007fad4227ef38 mode 0
Event: 4.676 Thread 0x00007fad0c002000 DEOPT PACKING pc=0x00007fad511ac855 sp=0x00007fad4227db40
Event: 4.676 Thread 0x00007fad0c002000 DEOPT UNPACKING pc=0x00007fad5089d64a sp=0x00007fad4227d068 mode 3

Classes redefined (0 events):
No events

Internal exceptions (20 events):
Event: 131.669 Thread 0x00007fad3000a000 Exception <a 'java/io/FileNotFoundException'{0x00000000c905c898}> (0x00000000c905c898) thrown at [src/hotspot/share/prims/jni.cpp, line 616]
Event: 131.669 Thread 0x00007fad3000a000 Exception <a 'java/io/FileNotFoundException'{0x00000000c905d520}> (0x00000000c905d520) thrown at [src/hotspot/share/prims/jni.cpp, line 616]
Event: 147.547 Thread 0x00007fad041d1800 Exception <a 'java/lang/InterruptedException'{0x00000000c9a67930}: sleep interrupted> (0x00000000c9a67930) thrown at [src/hotspot/share/prims/jvm.cpp, line 3125]
Event: 147.769 Thread 0x00007facec1b8000 Exception <a 'java/io/FileNotFoundException'{0x00000000ca72f4d8}> (0x00000000ca72f4d8) thrown at [src/hotspot/share/prims/jni.cpp, line 616]
Event: 148.143 Thread 0x00007facec1b8000 Exception <a 'java/lang/NoClassDefFoundError'{0x00000000ca6ed850}: org/flywaydb/core/Flyway> (0x00000000ca6ed850) thrown at [src/hotspot/share/oops/constantPool.cpp, line 775]
Event: 148.143 Thread 0x00007facec1b8000 Exception <a 'java/lang/NoClassDefFoundError'{0x00000000ca6edb78}: liquibase/integration/spring/SpringLiquibase> (0x00000000ca6edb78) thrown at [src/hotspot/share/oops/constantPool.cpp, line 775]
Event: 148.150 Thread 0x00007facec1b8000 Exception <a 'java/lang/NoClassDefFoundError'{0x00000000ca547cd0}: org/jooq/DSLContext> (0x00000000ca547cd0) thrown at [src/hotspot/share/oops/constantPool.cpp, line 775]
Event: 148.151 Thread 0x00007facec1b8000 Exception <a 'java/lang/NoClassDefFoundError'{0x00000000ca5522c8}: org/springframework/batch/core/repository/JobRepository> (0x00000000ca5522c8) thrown at [src/hotspot/share/oops/constantPool.cpp, line 775]
Event: 148.151 Thread 0x00007facec1b8000 Exception <a 'java/lang/NoClassDefFoundError'{0x00000000ca552600}: org/quartz/Scheduler> (0x00000000ca552600) thrown at [src/hotspot/share/oops/constantPool.cpp, line 775]
Event: 148.151 Thread 0x00007facec1b8000 Exception <a 'java/lang/NoClassDefFoundError'{0x00000000ca552938}: org/springframework/session/jdbc/JdbcIndexedSessionRepository> (0x00000000ca552938) thrown at [src/hotspot/share/oops/constantPool.cpp, line 775]
Event: 148.245 Thread 0x00007facec1b8000 Exception <a 'java/io/FileNotFoundException'{0x00000000c909e5b0}> (0x00000000c909e5b0) thrown at [src/hotspot/share/prims/jni.cpp, line 616]
Event: 148.276 Thread 0x00007facec1b8000 Exception <a 'java/io/FileNotFoundException'{0x00000000ca8e60e0}> (0x00000000ca8e60e0) thrown at [src/hotspot/share/prims/jni.cpp, line 616]
Event: 148.611 Thread 0x00007facec1b8000 Exception <a 'java/lang/ClassNotFoundException'{0x00000000c9b1d280}: java/lang/ObjectCustomizer> (0x00000000c9b1d280) thrown at [src/hotspot/share/classfile/systemDictionary.cpp, line 231]
Event: 148.612 Thread 0x00007facec1b8000 Exception <a 'java/lang/ClassNotFoundException'{0x00000000c9b32180}: com/simple/mvc/models/entity/ProductCustomizer> (0x00000000c9b32180) thrown at [src/hotspot/share/classfile/systemDictionary.cpp, line 231]
Event: 148.625 Thread 0x00007facec1b8000 Exception <a 'java/lang/reflect/InvocationTargetException'{0x00000000c9689bf8}> (0x00000000c9689bf8) thrown at [src/hotspot/share/runtime/reflection.cpp, line 1245]
Event: 148.627 Thread 0x00007facec1b8000 Exception <a 'java/lang/reflect/InvocationTargetException'{0x00000000c969cc78}> (0x00000000c969cc78) thrown at [src/hotspot/share/runtime/reflection.cpp, line 1245]
Event: 148.632 Thread 0x00007facec1b8000 Exception <a 'java/io/FileNotFoundException'{0x00000000c95561f8}> (0x00000000c95561f8) thrown at [src/hotspot/share/prims/jni.cpp, line 616]
Event: 148.632 Thread 0x00007facec1b8000 Exception <a 'java/io/FileNotFoundException'{0x00000000c9556e80}> (0x00000000c9556e80) thrown at [src/hotspot/share/prims/jni.cpp, line 616]
Event: 158.539 Thread 0x00007face8047000 Exception <a 'java/lang/InterruptedException'{0x00000000c9551598}: sleep interrupted> (0x00000000c9551598) thrown at [src/hotspot/share/prims/jvm.cpp, line 3125]
Event: 159.008 Thread 0x00007facc8014800 Exception <a 'java/io/FileNotFoundException'{0x00000000ca72f690}> (0x00000000ca72f690) thrown at [src/hotspot/share/prims/jni.cpp, line 616]

Events (20 events):
Event: 159.005 loading class org/zeroturnaround/javarebel/Integration
Event: 159.005 loading class org/zeroturnaround/javarebel/Integration done
Event: 159.005 loading class org/zeroturnaround/javarebel$Integration
Event: 159.005 loading class org/zeroturnaround/javarebel$Integration done
Event: 159.006 loading class org/zeroturnaround/javarebel/ReloaderFactory
Event: 159.006 loading class org/zeroturnaround/javarebel/ReloaderFactory done
Event: 159.006 loading class org/zeroturnaround/javarebel$ReloaderFactory
Event: 159.006 loading class org/zeroturnaround/javarebel$ReloaderFactory done
Event: 159.006 loading class org/hotswap/agent/HotswapAgent
Event: 159.006 loading class org/hotswap/agent/HotswapAgent done
Event: 159.006 loading class org/hotswap/agent$HotswapAgent
Event: 159.006 loading class org/hotswap/agent$HotswapAgent done
Event: 159.006 loading class org/springframework/boot/logging/logback/LogbackLoggingSystem/Factory
Event: 159.006 loading class org/springframework/boot/logging/logback/LogbackLoggingSystem/Factory done
Event: 159.006 loading class org/springframework/boot/logging/log4j2/Log4J2LoggingSystem/Factory
Event: 159.006 loading class org/springframework/boot/logging/log4j2/Log4J2LoggingSystem/Factory done
Event: 159.006 loading class org/springframework/boot/logging/java/JavaLoggingSystem/Factory
Event: 159.006 loading class org/springframework/boot/logging/java/JavaLoggingSystem/Factory done
Event: 159.007 Executing VM operation: RevokeBias
Event: 159.007 Executing VM operation: RevokeBias done


Dynamic libraries:
c4800000-ca900000 rw-p 00000000 00:00 0 
ca900000-100000000 ---p 00000000 00:00 0 
100000000-10091e000 rw-p 00000000 00:00 0 
10091e000-140000000 ---p 00000000 00:00 0 
56309b1a0000-56309b1a1000 r--p 00000000 103:03 591840                    /usr/lib/jvm/java-11-openjdk/bin/java
56309b1a1000-56309b1a2000 r-xp 00001000 103:03 591840                    /usr/lib/jvm/java-11-openjdk/bin/java
56309b1a2000-56309b1a3000 r--p 00002000 103:03 591840                    /usr/lib/jvm/java-11-openjdk/bin/java
56309b1a3000-56309b1a4000 r--p 00002000 103:03 591840                    /usr/lib/jvm/java-11-openjdk/bin/java
56309b1a4000-56309b1a5000 rw-p 00003000 103:03 591840                    /usr/lib/jvm/java-11-openjdk/bin/java
56309c50e000-56309c556000 rw-p 00000000 00:00 0                          [heap]
7facc8000000-7facc8097000 rw-p 00000000 00:00 0 
7facc8097000-7faccc000000 ---p 00000000 00:00 0 
7facd0000000-7facd0088000 rw-p 00000000 00:00 0 
7facd0088000-7facd4000000 ---p 00000000 00:00 0 
7facd4000000-7facd4021000 rw-p 00000000 00:00 0 
7facd4021000-7facd8000000 ---p 00000000 00:00 0 
7facd8000000-7facd809a000 rw-p 00000000 00:00 0 
7facd809a000-7facdc000000 ---p 00000000 00:00 0 
7facdc000000-7facdc137000 rw-p 00000000 00:00 0 
7facdc137000-7face0000000 ---p 00000000 00:00 0 
7face0000000-7face00ae000 rw-p 00000000 00:00 0 
7face00ae000-7face4000000 ---p 00000000 00:00 0 
7face5c67000-7face5c6b000 ---p 00000000 00:00 0 
7face5c6b000-7face5f28000 rw-p 00000000 00:00 0 
7face5f28000-7face5f68000 ---p 00000000 00:00 0 
7face5f68000-7face6168000 rw-p 00000000 00:00 0 
7face6168000-7face616c000 ---p 00000000 00:00 0 
7face616c000-7face6269000 rw-p 00000000 00:00 0 
7face6269000-7face626d000 ---p 00000000 00:00 0 
7face626d000-7face656a000 rw-p 00000000 00:00 0 
7face656a000-7face676a000 rw-p 00000000 00:00 0 
7face676a000-7face696a000 rw-p 00000000 00:00 0 
7face696a000-7face696b000 ---p 00000000 00:00 0 
7face696b000-7face6a6c000 rw-p 00000000 00:00 0 
7face6ac5000-7face6acd000 r--p 00000000 103:03 415448                    /usr/lib/jvm/java-11-openjdk/lib/libsunec.so
7face6acd000-7face6ae6000 r-xp 00008000 103:03 415448                    /usr/lib/jvm/java-11-openjdk/lib/libsunec.so
7face6ae6000-7face6af0000 r--p 00021000 103:03 415448                    /usr/lib/jvm/java-11-openjdk/lib/libsunec.so
7face6af0000-7face6af1000 ---p 0002b000 103:03 415448                    /usr/lib/jvm/java-11-openjdk/lib/libsunec.so
7face6af1000-7face6af5000 r--p 0002b000 103:03 415448                    /usr/lib/jvm/java-11-openjdk/lib/libsunec.so
7face6af5000-7face6af7000 rw-p 0002f000 103:03 415448                    /usr/lib/jvm/java-11-openjdk/lib/libsunec.so
7face6af7000-7face6afb000 ---p 00000000 00:00 0 
7face6afb000-7face6bf8000 rw-p 00000000 00:00 0 
7face6bf8000-7face6bfc000 ---p 00000000 00:00 0 
7face6bfc000-7face6cf9000 rw-p 00000000 00:00 0 
7face6cf9000-7face6cfd000 ---p 00000000 00:00 0 
7face6cfd000-7face6dfa000 rw-p 00000000 00:00 0 
7face6dfa000-7face6dfe000 ---p 00000000 00:00 0 
7face6dfe000-7face6efb000 rw-p 00000000 00:00 0 
7face6efb000-7face6eff000 ---p 00000000 00:00 0 
7face6eff000-7face6ffc000 rw-p 00000000 00:00 0 
7face6ffc000-7face7000000 ---p 00000000 00:00 0 
7face7000000-7face70fd000 rw-p 00000000 00:00 0 
7face70fd000-7face7101000 ---p 00000000 00:00 0 
7face7101000-7face71fe000 rw-p 00000000 00:00 0 
7face71fe000-7face7202000 ---p 00000000 00:00 0 
7face7202000-7face72ff000 rw-p 00000000 00:00 0 
7face72ff000-7face7303000 ---p 00000000 00:00 0 
7face7303000-7face7600000 rw-p 00000000 00:00 0 
7face7600000-7face7800000 rw-p 00000000 00:00 0 
7face7800000-7face7a00000 rw-p 00000000 00:00 0 
7face7a00000-7face7c00000 rw-p 00000000 00:00 0 
7face7c00000-7face7e00000 rw-p 00000000 00:00 0 
7face7e00000-7face8000000 rw-p 00000000 00:00 0 
7face8000000-7face80b9000 rw-p 00000000 00:00 0 
7face80b9000-7facec000000 ---p 00000000 00:00 0 
7facec000000-7facec1ba000 rw-p 00000000 00:00 0 
7facec1ba000-7facf0000000 ---p 00000000 00:00 0 
7facf0000000-7facf0021000 rw-p 00000000 00:00 0 
7facf0021000-7facf4000000 ---p 00000000 00:00 0 
7facf4000000-7facf4021000 rw-p 00000000 00:00 0 
7facf4021000-7facf8000000 ---p 00000000 00:00 0 
7facf8000000-7facf802d000 rw-p 00000000 00:00 0 
7facf802d000-7facfc000000 ---p 00000000 00:00 0 
7facfc000000-7facfc027000 rw-p 00000000 00:00 0 
7facfc027000-7fad00000000 ---p 00000000 00:00 0 
7fad00000000-7fad011dc000 rw-p 00000000 00:00 0 
7fad011dc000-7fad04000000 ---p 00000000 00:00 0 
7fad04000000-7fad04232000 rw-p 00000000 00:00 0 
7fad04232000-7fad08000000 ---p 00000000 00:00 0 
7fad08000000-7fad08045000 rw-p 00000000 00:00 0 
7fad08045000-7fad0c000000 ---p 00000000 00:00 0 
7fad0c000000-7fad0c123000 rw-p 00000000 00:00 0 
7fad0c123000-7fad10000000 ---p 00000000 00:00 0 
7fad10000000-7fad10046000 rw-p 00000000 00:00 0 
7fad10046000-7fad14000000 ---p 00000000 00:00 0 
7fad14000000-7fad14021000 rw-p 00000000 00:00 0 
7fad14021000-7fad18000000 ---p 00000000 00:00 0 
7fad18000000-7fad1885d000 rw-p 00000000 00:00 0 
7fad1885d000-7fad1c000000 ---p 00000000 00:00 0 
7fad1c000000-7fad1c021000 rw-p 00000000 00:00 0 
7fad1c021000-7fad20000000 ---p 00000000 00:00 0 
7fad20000000-7fad20021000 rw-p 00000000 00:00 0 
7fad20021000-7fad24000000 ---p 00000000 00:00 0 
7fad24000000-7fad24115000 rw-p 00000000 00:00 0 
7fad24115000-7fad28000000 ---p 00000000 00:00 0 
7fad28000000-7fad28027000 rw-p 00000000 00:00 0 
7fad28027000-7fad2c000000 ---p 00000000 00:00 0 
7fad2c000000-7fad2c021000 rw-p 00000000 00:00 0 
7fad2c021000-7fad30000000 ---p 00000000 00:00 0 
7fad30000000-7fad3008f000 rw-p 00000000 00:00 0 
7fad3008f000-7fad34000000 ---p 00000000 00:00 0 
7fad34000000-7fad349bd000 rw-p 00000000 00:00 0 
7fad349bd000-7fad38000000 ---p 00000000 00:00 0 
7fad38000000-7fad38022000 rw-p 00000000 00:00 0 
7fad38022000-7fad3c000000 ---p 00000000 00:00 0 
7fad3c000000-7fad3c066000 rw-p 00000000 00:00 0 
7fad3c066000-7fad40000000 ---p 00000000 00:00 0 
7fad4001d000-7fad40021000 r--p 00000000 103:03 541247                    /usr/lib/libresolv-2.33.so
7fad40021000-7fad4002f000 r-xp 00004000 103:03 541247                    /usr/lib/libresolv-2.33.so
7fad4002f000-7fad40032000 r--p 00012000 103:03 541247                    /usr/lib/libresolv-2.33.so
7fad40032000-7fad40033000 ---p 00015000 103:03 541247                    /usr/lib/libresolv-2.33.so
7fad40033000-7fad40034000 r--p 00015000 103:03 541247                    /usr/lib/libresolv-2.33.so
7fad40034000-7fad40035000 rw-p 00016000 103:03 541247                    /usr/lib/libresolv-2.33.so
7fad40035000-7fad40037000 rw-p 00000000 00:00 0 
7fad40051000-7fad40079000 rw-p 00000000 00:00 0 
7fad40079000-7fad4007d000 ---p 00000000 00:00 0 
7fad4007d000-7fad4017a000 rw-p 00000000 00:00 0 
7fad4017a000-7fad4017e000 ---p 00000000 00:00 0 
7fad4017e000-7fad4047b000 rw-p 00000000 00:00 0 
7fad4047b000-7fad4067b000 rw-p 00000000 00:00 0 
7fad4067b000-7fad4087b000 rw-p 00000000 00:00 0 
7fad4087b000-7fad4087f000 ---p 00000000 00:00 0 
7fad4087f000-7fad4097c000 rw-p 00000000 00:00 0 
7fad4097c000-7fad40980000 ---p 00000000 00:00 0 
7fad40980000-7fad40c7d000 rw-p 00000000 00:00 0 
7fad40c7d000-7fad40e7d000 rw-p 00000000 00:00 0 
7fad40e7d000-7fad4107d000 rw-p 00000000 00:00 0 
7fad4107d000-7fad4127d000 rw-p 00000000 00:00 0 
7fad4127d000-7fad4147d000 rw-p 00000000 00:00 0 
7fad4147d000-7fad4167d000 rw-p 00000000 00:00 0 
7fad4167d000-7fad4187d000 rw-p 00000000 00:00 0 
7fad4187d000-7fad4187e000 ---p 00000000 00:00 0 
7fad4187e000-7fad4197f000 rw-p 00000000 00:00 0 
7fad4197f000-7fad41980000 ---p 00000000 00:00 0 
7fad41980000-7fad41c81000 rw-p 00000000 00:00 0 
7fad41c81000-7fad41c85000 ---p 00000000 00:00 0 
7fad41c85000-7fad41f82000 rw-p 00000000 00:00 0 
7fad41f82000-7fad42182000 rw-p 00000000 00:00 0 
7fad42182000-7fad42186000 ---p 00000000 00:00 0 
7fad42186000-7fad42283000 rw-p 00000000 00:00 0 
7fad42283000-7fad42287000 ---p 00000000 00:00 0 
7fad42287000-7fad42584000 rw-p 00000000 00:00 0 
7fad42584000-7fad42585000 ---p 00000000 00:00 0 
7fad42585000-7fad42686000 rw-p 00000000 00:00 0 
7fad42686000-7fad4268a000 ---p 00000000 00:00 0 
7fad4268a000-7fad42787000 rw-p 00000000 00:00 0 
7fad42787000-7fad42788000 ---p 00000000 00:00 0 
7fad42788000-7fad42889000 rw-p 00000000 00:00 0 
7fad42889000-7fad4288d000 ---p 00000000 00:00 0 
7fad4288d000-7fad4298a000 rw-p 00000000 00:00 0 
7fad4298a000-7fad4298e000 ---p 00000000 00:00 0 
7fad4298e000-7fad42a8b000 rw-p 00000000 00:00 0 
7fad42a8b000-7fad42a8f000 ---p 00000000 00:00 0 
7fad42a8f000-7fad42b8c000 rw-p 00000000 00:00 0 
7fad42b8c000-7fad42b90000 ---p 00000000 00:00 0 
7fad42b90000-7fad42c8d000 rw-p 00000000 00:00 0 
7fad42c8d000-7fad42f74000 r--p 00000000 103:03 653290                    /usr/lib/locale/locale-archive
7fad42f74000-7fad42f78000 ---p 00000000 00:00 0 
7fad42f78000-7fad43075000 rw-p 00000000 00:00 0 
7fad43075000-7fad43079000 ---p 00000000 00:00 0 
7fad43079000-7fad43176000 rw-p 00000000 00:00 0 
7fad43176000-7fad43177000 ---p 00000000 00:00 0 
7fad43177000-7fad43af9000 rw-p 00000000 00:00 0 
7fad43af9000-7fad43afa000 ---p 00000000 00:00 0 
7fad43afa000-7fad43bfb000 rw-p 00000000 00:00 0 
7fad43bfb000-7fad43bfc000 ---p 00000000 00:00 0 
7fad43bfc000-7fad44000000 rw-p 00000000 00:00 0 
7fad44000000-7fad4402e000 rw-p 00000000 00:00 0 
7fad4402e000-7fad48000000 ---p 00000000 00:00 0 
7fad48003000-7fad48005000 r--p 00000000 103:03 541233                    /usr/lib/libnss_dns-2.33.so
7fad48005000-7fad48009000 r-xp 00002000 103:03 541233                    /usr/lib/libnss_dns-2.33.so
7fad48009000-7fad4800a000 r--p 00006000 103:03 541233                    /usr/lib/libnss_dns-2.33.so
7fad4800a000-7fad4800b000 r--p 00006000 103:03 541233                    /usr/lib/libnss_dns-2.33.so
7fad4800b000-7fad4800c000 rw-p 00007000 103:03 541233                    /usr/lib/libnss_dns-2.33.so
7fad4800c000-7fad4a13e000 rw-p 00000000 00:00 0 
7fad4a13e000-7fad4a13f000 ---p 00000000 00:00 0 
7fad4a13f000-7fad4a3c4000 rw-p 00000000 00:00 0 
7fad4a3c4000-7fad4b120000 ---p 00000000 00:00 0 
7fad4b120000-7fad4b2a4000 rw-p 00000000 00:00 0 
7fad4b2a4000-7fad4c000000 ---p 00000000 00:00 0 
7fad4c000000-7fad4c04e000 rw-p 00000000 00:00 0 
7fad4c04e000-7fad50000000 ---p 00000000 00:00 0 
7fad50007000-7fad50008000 r--p 00000000 103:03 418120                    /usr/lib/jvm/java-11-openjdk/lib/libextnet.so
7fad50008000-7fad50009000 r-xp 00001000 103:03 418120                    /usr/lib/jvm/java-11-openjdk/lib/libextnet.so
7fad50009000-7fad5000a000 r--p 00002000 103:03 418120                    /usr/lib/jvm/java-11-openjdk/lib/libextnet.so
7fad5000a000-7fad5000b000 r--p 00002000 103:03 418120                    /usr/lib/jvm/java-11-openjdk/lib/libextnet.so
7fad5000b000-7fad5000c000 rw-p 00003000 103:03 418120                    /usr/lib/jvm/java-11-openjdk/lib/libextnet.so
7fad5000c000-7fad50010000 r--p 00000000 103:03 415415                    /usr/lib/jvm/java-11-openjdk/lib/libnet.so
7fad50010000-7fad50020000 r-xp 00004000 103:03 415415                    /usr/lib/jvm/java-11-openjdk/lib/libnet.so
7fad50020000-7fad50024000 r--p 00014000 103:03 415415                    /usr/lib/jvm/java-11-openjdk/lib/libnet.so
7fad50024000-7fad50025000 r--p 00017000 103:03 415415                    /usr/lib/jvm/java-11-openjdk/lib/libnet.so
7fad50025000-7fad50026000 rw-p 00018000 103:03 415415                    /usr/lib/jvm/java-11-openjdk/lib/libnet.so
7fad50026000-7fad5002d000 r--p 00000000 103:03 415428                    /usr/lib/jvm/java-11-openjdk/lib/libnio.so
7fad5002d000-7fad50034000 r-xp 00007000 103:03 415428                    /usr/lib/jvm/java-11-openjdk/lib/libnio.so
7fad50034000-7fad50037000 r--p 0000e000 103:03 415428                    /usr/lib/jvm/java-11-openjdk/lib/libnio.so
7fad50037000-7fad50038000 r--p 00010000 103:03 415428                    /usr/lib/jvm/java-11-openjdk/lib/libnio.so
7fad50038000-7fad50039000 rw-p 00011000 103:03 415428                    /usr/lib/jvm/java-11-openjdk/lib/libnio.so
7fad50039000-7fad500bc000 rw-p 00000000 00:00 0 
7fad500bc000-7fad500bd000 ---p 00000000 00:00 0 
7fad500bd000-7fad501ef000 rw-p 00000000 00:00 0 
7fad501ef000-7fad5039a000 ---p 00000000 00:00 0 
7fad5039a000-7fad503cb000 rw-p 00000000 00:00 0 
7fad503cb000-7fad50576000 ---p 00000000 00:00 0 
7fad50576000-7fad505a7000 rw-p 00000000 00:00 0 
7fad505a7000-7fad50752000 ---p 00000000 00:00 0 
7fad50752000-7fad50853000 rw-p 00000000 00:00 0 
7fad50853000-7fad50ac3000 rwxp 00000000 00:00 0 
7fad50ac3000-7fad50efa000 ---p 00000000 00:00 0 
7fad50efa000-7fad51a9a000 rwxp 00000000 00:00 0 
7fad51a9a000-7fad5f853000 ---p 00000000 00:00 0 
7fad5f853000-7fad68000000 r--s 00000000 103:03 415436                    /usr/lib/jvm/java-11-openjdk/lib/modules
7fad68000000-7fad68880000 rw-p 00000000 00:00 0 
7fad68880000-7fad6c000000 ---p 00000000 00:00 0 
7fad6c001000-7fad6c003000 r--p 00000000 103:03 415419                    /usr/lib/jvm/java-11-openjdk/lib/libmanagement_ext.so
7fad6c003000-7fad6c006000 r-xp 00002000 103:03 415419                    /usr/lib/jvm/java-11-openjdk/lib/libmanagement_ext.so
7fad6c006000-7fad6c007000 r--p 00005000 103:03 415419                    /usr/lib/jvm/java-11-openjdk/lib/libmanagement_ext.so
7fad6c007000-7fad6c008000 ---p 00006000 103:03 415419                    /usr/lib/jvm/java-11-openjdk/lib/libmanagement_ext.so
7fad6c008000-7fad6c009000 r--p 00006000 103:03 415419                    /usr/lib/jvm/java-11-openjdk/lib/libmanagement_ext.so
7fad6c009000-7fad6c00a000 rw-p 00007000 103:03 415419                    /usr/lib/jvm/java-11-openjdk/lib/libmanagement_ext.so
7fad6c00a000-7fad6c36f000 rw-p 00000000 00:00 0 
7fad6c36f000-7fad6c370000 ---p 00000000 00:00 0 
7fad6c370000-7fad6c489000 rw-p 00000000 00:00 0 
7fad6c489000-7fad6c644000 ---p 00000000 00:00 0 
7fad6c644000-7fad6c649000 rw-p 00000000 00:00 0 
7fad6c649000-7fad6c652000 ---p 00000000 00:00 0 
7fad6c652000-7fad6c655000 r--p 00000000 103:03 541236                    /usr/lib/libnss_files-2.33.so
7fad6c655000-7fad6c65c000 r-xp 00003000 103:03 541236                    /usr/lib/libnss_files-2.33.so
7fad6c65c000-7fad6c65e000 r--p 0000a000 103:03 541236                    /usr/lib/libnss_files-2.33.so
7fad6c65e000-7fad6c65f000 r--p 0000b000 103:03 541236                    /usr/lib/libnss_files-2.33.so
7fad6c65f000-7fad6c660000 rw-p 0000c000 103:03 541236                    /usr/lib/libnss_files-2.33.so
7fad6c660000-7fad6c666000 rw-p 00000000 00:00 0 
7fad6c667000-7fad6c66a000 r--p 00000000 103:03 415423                    /usr/lib/jvm/java-11-openjdk/lib/libmanagement.so
7fad6c66a000-7fad6c66b000 r-xp 00003000 103:03 415423                    /usr/lib/jvm/java-11-openjdk/lib/libmanagement.so
7fad6c66b000-7fad6c66c000 r--p 00004000 103:03 415423                    /usr/lib/jvm/java-11-openjdk/lib/libmanagement.so
7fad6c66c000-7fad6c66d000 r--p 00004000 103:03 415423                    /usr/lib/jvm/java-11-openjdk/lib/libmanagement.so
7fad6c66d000-7fad6c66e000 rw-p 00005000 103:03 415423                    /usr/lib/jvm/java-11-openjdk/lib/libmanagement.so
7fad6c66e000-7fad6c670000 r--p 00000000 103:03 415437                    /usr/lib/jvm/java-11-openjdk/lib/libzip.so
7fad6c670000-7fad6c674000 r-xp 00002000 103:03 415437                    /usr/lib/jvm/java-11-openjdk/lib/libzip.so
7fad6c674000-7fad6c676000 r--p 00006000 103:03 415437                    /usr/lib/jvm/java-11-openjdk/lib/libzip.so
7fad6c676000-7fad6c677000 r--p 00007000 103:03 415437                    /usr/lib/jvm/java-11-openjdk/lib/libzip.so
7fad6c677000-7fad6c678000 rw-p 00008000 103:03 415437                    /usr/lib/jvm/java-11-openjdk/lib/libzip.so
7fad6c678000-7fad6c680000 rw-s 00000000 00:2e 1008                       /tmp/hsperfdata_artix/19010
7fad6c680000-7fad6c681000 ---p 00000000 00:00 0 
7fad6c681000-7fad6c682000 r--p 00000000 00:00 0 
7fad6c682000-7fad6c690000 r--p 00000000 103:03 418135                    /usr/lib/jvm/java-11-openjdk/lib/libjava.so
7fad6c690000-7fad6c6a5000 r-xp 0000e000 103:03 418135                    /usr/lib/jvm/java-11-openjdk/lib/libjava.so
7fad6c6a5000-7fad6c6ab000 r--p 00023000 103:03 418135                    /usr/lib/jvm/java-11-openjdk/lib/libjava.so
7fad6c6ab000-7fad6c6ac000 ---p 00029000 103:03 418135                    /usr/lib/jvm/java-11-openjdk/lib/libjava.so
7fad6c6ac000-7fad6c6ad000 r--p 00029000 103:03 418135                    /usr/lib/jvm/java-11-openjdk/lib/libjava.so
7fad6c6ad000-7fad6c6ae000 rw-p 0002a000 103:03 418135                    /usr/lib/jvm/java-11-openjdk/lib/libjava.so
7fad6c6ae000-7fad6c6af000 rw-p 00000000 00:00 0 
7fad6c6af000-7fad6c6b2000 r--p 00000000 103:03 541251                    /usr/lib/librt-2.33.so
7fad6c6b2000-7fad6c6b6000 r-xp 00003000 103:03 541251                    /usr/lib/librt-2.33.so
7fad6c6b6000-7fad6c6b8000 r--p 00007000 103:03 541251                    /usr/lib/librt-2.33.so
7fad6c6b8000-7fad6c6b9000 r--p 00008000 103:03 541251                    /usr/lib/librt-2.33.so
7fad6c6b9000-7fad6c6ba000 rw-p 00009000 103:03 541251                    /usr/lib/librt-2.33.so
7fad6c6ba000-7fad6c6be000 ---p 00000000 00:00 0 
7fad6c6be000-7fad6c7bb000 rw-p 00000000 00:00 0 
7fad6c7bb000-7fad6c7be000 r--p 00000000 103:03 680088                    /usr/lib/libgcc_s.so.1
7fad6c7be000-7fad6c7d0000 r-xp 00003000 103:03 680088                    /usr/lib/libgcc_s.so.1
7fad6c7d0000-7fad6c7d3000 r--p 00015000 103:03 680088                    /usr/lib/libgcc_s.so.1
7fad6c7d3000-7fad6c7d4000 ---p 00018000 103:03 680088                    /usr/lib/libgcc_s.so.1
7fad6c7d4000-7fad6c7d5000 r--p 00018000 103:03 680088                    /usr/lib/libgcc_s.so.1
7fad6c7d5000-7fad6c7d6000 rw-p 00019000 103:03 680088                    /usr/lib/libgcc_s.so.1
7fad6c7d6000-7fad6c7e5000 r--p 00000000 103:03 541215                    /usr/lib/libm-2.33.so
7fad6c7e5000-7fad6c880000 r-xp 0000f000 103:03 541215                    /usr/lib/libm-2.33.so
7fad6c880000-7fad6c918000 r--p 000aa000 103:03 541215                    /usr/lib/libm-2.33.so
7fad6c918000-7fad6c919000 ---p 00142000 103:03 541215                    /usr/lib/libm-2.33.so
7fad6c919000-7fad6c91a000 r--p 00142000 103:03 541215                    /usr/lib/libm-2.33.so
7fad6c91a000-7fad6c91b000 rw-p 00143000 103:03 541215                    /usr/lib/libm-2.33.so
7fad6c91b000-7fad6c9b4000 r--p 00000000 103:03 677876                    /usr/lib/libstdc++.so.6.0.29
7fad6c9b4000-7fad6cab4000 r-xp 00099000 103:03 677876                    /usr/lib/libstdc++.so.6.0.29
7fad6cab4000-7fad6cb20000 r--p 00199000 103:03 677876                    /usr/lib/libstdc++.so.6.0.29
7fad6cb20000-7fad6cb2d000 r--p 00204000 103:03 677876                    /usr/lib/libstdc++.so.6.0.29
7fad6cb2d000-7fad6cb2e000 rw-p 00211000 103:03 677876                    /usr/lib/libstdc++.so.6.0.29
7fad6cb2e000-7fad6cb31000 rw-p 00000000 00:00 0 
7fad6cb31000-7fad6cdaa000 r--p 00000000 103:03 13024                     /usr/lib/jvm/java-11-openjdk/lib/server/libjvm.so
7fad6cdaa000-7fad6da13000 r-xp 00279000 103:03 13024                     /usr/lib/jvm/java-11-openjdk/lib/server/libjvm.so
7fad6da13000-7fad6dce5000 r--p 00ee2000 103:03 13024                     /usr/lib/jvm/java-11-openjdk/lib/server/libjvm.so
7fad6dce5000-7fad6dce6000 ---p 011b4000 103:03 13024                     /usr/lib/jvm/java-11-openjdk/lib/server/libjvm.so
7fad6dce6000-7fad6dda7000 r--p 011b4000 103:03 13024                     /usr/lib/jvm/java-11-openjdk/lib/server/libjvm.so
7fad6dda7000-7fad6dde1000 rw-p 01275000 103:03 13024                     /usr/lib/jvm/java-11-openjdk/lib/server/libjvm.so
7fad6dde1000-7fad6de39000 rw-p 00000000 00:00 0 
7fad6de39000-7fad6de40000 r--p 00000000 103:03 541243                    /usr/lib/libpthread-2.33.so
7fad6de40000-7fad6de4f000 r-xp 00007000 103:03 541243                    /usr/lib/libpthread-2.33.so
7fad6de4f000-7fad6de54000 r--p 00016000 103:03 541243                    /usr/lib/libpthread-2.33.so
7fad6de54000-7fad6de55000 r--p 0001a000 103:03 541243                    /usr/lib/libpthread-2.33.so
7fad6de55000-7fad6de56000 rw-p 0001b000 103:03 541243                    /usr/lib/libpthread-2.33.so
7fad6de56000-7fad6de5a000 rw-p 00000000 00:00 0 
7fad6de5a000-7fad6de5c000 r--p 00000000 103:03 541209                    /usr/lib/libdl-2.33.so
7fad6de5c000-7fad6de5e000 r-xp 00002000 103:03 541209                    /usr/lib/libdl-2.33.so
7fad6de5e000-7fad6de5f000 r--p 00004000 103:03 541209                    /usr/lib/libdl-2.33.so
7fad6de5f000-7fad6de60000 r--p 00004000 103:03 541209                    /usr/lib/libdl-2.33.so
7fad6de60000-7fad6de61000 rw-p 00005000 103:03 541209                    /usr/lib/libdl-2.33.so
7fad6de61000-7fad6de64000 r--p 00000000 103:03 911054                    /usr/lib/libz.so.1.2.11
7fad6de64000-7fad6de72000 r-xp 00003000 103:03 911054                    /usr/lib/libz.so.1.2.11
7fad6de72000-7fad6de78000 r--p 00011000 103:03 911054                    /usr/lib/libz.so.1.2.11
7fad6de78000-7fad6de79000 ---p 00017000 103:03 911054                    /usr/lib/libz.so.1.2.11
7fad6de79000-7fad6de7a000 r--p 00017000 103:03 911054                    /usr/lib/libz.so.1.2.11
7fad6de7a000-7fad6de7b000 rw-p 00018000 103:03 911054                    /usr/lib/libz.so.1.2.11
7fad6de7b000-7fad6dea1000 r--p 00000000 103:03 541201                    /usr/lib/libc-2.33.so
7fad6dea1000-7fad6dfed000 r-xp 00026000 103:03 541201                    /usr/lib/libc-2.33.so
7fad6dfed000-7fad6e039000 r--p 00172000 103:03 541201                    /usr/lib/libc-2.33.so
7fad6e039000-7fad6e03c000 r--p 001bd000 103:03 541201                    /usr/lib/libc-2.33.so
7fad6e03c000-7fad6e03f000 rw-p 001c0000 103:03 541201                    /usr/lib/libc-2.33.so
7fad6e03f000-7fad6e048000 rw-p 00000000 00:00 0 
7fad6e048000-7fad6e04a000 r--p 00000000 103:03 418141                    /usr/lib/jvm/java-11-openjdk/lib/libjimage.so
7fad6e04a000-7fad6e04d000 r-xp 00002000 103:03 418141                    /usr/lib/jvm/java-11-openjdk/lib/libjimage.so
7fad6e04d000-7fad6e04e000 r--p 00005000 103:03 418141                    /usr/lib/jvm/java-11-openjdk/lib/libjimage.so
7fad6e04e000-7fad6e04f000 ---p 00006000 103:03 418141                    /usr/lib/jvm/java-11-openjdk/lib/libjimage.so
7fad6e04f000-7fad6e050000 r--p 00006000 103:03 418141                    /usr/lib/jvm/java-11-openjdk/lib/libjimage.so
7fad6e050000-7fad6e051000 rw-p 00007000 103:03 418141                    /usr/lib/jvm/java-11-openjdk/lib/libjimage.so
7fad6e051000-7fad6e056000 r--p 00000000 103:03 415439                    /usr/lib/jvm/java-11-openjdk/lib/libverify.so
7fad6e056000-7fad6e05d000 r-xp 00005000 103:03 415439                    /usr/lib/jvm/java-11-openjdk/lib/libverify.so
7fad6e05d000-7fad6e05f000 r--p 0000c000 103:03 415439                    /usr/lib/jvm/java-11-openjdk/lib/libverify.so
7fad6e05f000-7fad6e061000 r--p 0000d000 103:03 415439                    /usr/lib/jvm/java-11-openjdk/lib/libverify.so
7fad6e061000-7fad6e062000 rw-p 0000f000 103:03 415439                    /usr/lib/jvm/java-11-openjdk/lib/libverify.so
7fad6e062000-7fad6e065000 r--p 00000000 103:03 591721                    /usr/lib/jvm/java-11-openjdk/lib/jli/libjli.so
7fad6e065000-7fad6e06f000 r-xp 00003000 103:03 591721                    /usr/lib/jvm/java-11-openjdk/lib/jli/libjli.so
7fad6e06f000-7fad6e072000 r--p 0000d000 103:03 591721                    /usr/lib/jvm/java-11-openjdk/lib/jli/libjli.so
7fad6e072000-7fad6e073000 ---p 00010000 103:03 591721                    /usr/lib/jvm/java-11-openjdk/lib/jli/libjli.so
7fad6e073000-7fad6e074000 r--p 00010000 103:03 591721                    /usr/lib/jvm/java-11-openjdk/lib/jli/libjli.so
7fad6e074000-7fad6e075000 rw-p 00011000 103:03 591721                    /usr/lib/jvm/java-11-openjdk/lib/jli/libjli.so
7fad6e075000-7fad6e077000 rw-p 00000000 00:00 0 
7fad6e077000-7fad6e078000 r--p 00000000 103:03 541190                    /usr/lib/ld-2.33.so
7fad6e078000-7fad6e09c000 r-xp 00001000 103:03 541190                    /usr/lib/ld-2.33.so
7fad6e09c000-7fad6e0a5000 r--p 00025000 103:03 541190                    /usr/lib/ld-2.33.so
7fad6e0a6000-7fad6e0a8000 r--p 0002e000 103:03 541190                    /usr/lib/ld-2.33.so
7fad6e0a8000-7fad6e0aa000 rw-p 00030000 103:03 541190                    /usr/lib/ld-2.33.so
7ffcf5db5000-7ffcf5dd8000 rw-p 00000000 00:00 0                          [stack]
7ffcf5de6000-7ffcf5dea000 r--p 00000000 00:00 0                          [vvar]
7ffcf5dea000-7ffcf5dec000 r-xp 00000000 00:00 0                          [vdso]
ffffffffff600000-ffffffffff601000 --xp 00000000 00:00 0                  [vsyscall]


VM Arguments:
jvm_args: -Xverify:none -XX:TieredStopAtLevel=1 
java_command: com.simple.mvc.SimpleSpringMvcApplication
java_class_path (initial): /run/media/artix/MySDCard/Projects/simple-spring-mvc/target/classes:/home/artix/.m2/repository/ch/qos/logback/logback-classic/1.2.6/logback-classic-1.2.6.jar:/home/artix/.m2/repository/ch/qos/logback/logback-core/1.2.6/logback-core-1.2.6.jar:/home/artix/.m2/repository/org/apache/logging/log4j/log4j-to-slf4j/2.14.1/log4j-to-slf4j-2.14.1.jar:/home/artix/.m2/repository/org/apache/logging/log4j/log4j-api/2.14.1/log4j-api-2.14.1.jar:/home/artix/.m2/repository/org/slf4j/jul-to-slf4j/1.7.32/jul-to-slf4j-1.7.32.jar:/home/artix/.m2/repository/jakarta/annotation/jakarta.annotation-api/1.3.5/jakarta.annotation-api-1.3.5.jar:/home/artix/.m2/repository/org/yaml/snakeyaml/1.28/snakeyaml-1.28.jar:/home/artix/.m2/repository/org/thymeleaf/thymeleaf-spring5/3.0.12.RELEASE/thymeleaf-spring5-3.0.12.RELEASE.jar:/home/artix/.m2/repository/org/thymeleaf/thymeleaf/3.0.12.RELEASE/thymeleaf-3.0.12.RELEASE.jar:/home/artix/.m2/repository/org/attoparser/attoparser/2.0.5.RELEASE/attoparser-2.0.5.RELEASE.jar:/home/artix/.m2/repository/org/unbescape/unbescape/1.1.6.RELEASE/unbescape-1.1.6.RELEASE.jar:/home/artix/.m2/repository/org/thymeleaf/extras/thymeleaf-extras-java8time/3.0.4.RELEASE/thymeleaf-extras-java8time-3.0.4.RELEASE.jar:/home/artix/.m2/repository/com/fasterxml/jackson/datatype/jackson-datatype-jdk8/2.12.5/jackson-datatype-jdk8-2.12.5.jar:/home/artix/.m2/repository/com/fasterxml/jackson/datatype/jackson-datatype-jsr310/2.12.5/jackson-datatype-jsr310-2.12.5.jar:/home/artix/.m2/repository/com/fasterxml/jackson/module/jackson-module-parameter-names/2.12.5/jackson-module-parameter-names-2.12.5.jar:/home/artix/.m2/repository/org/apache/tomcat/embed/tomcat-embed-core/9.0.53/tomcat-embed-core-9.0.53.jar:/home/artix/.m2/repository/org/apache/tomcat/embed/tomcat-embed-el/9.0.53/tomcat-embed-el-9.0.53.jar:/home/artix/.m2/repository/org/apache/tomcat/embed/tomcat-embed-websocket/9.0.53/tomcat-embed-websocket-9.0.53.jar:/home/artix/.m2/repository/org/springframework/spr
Launcher Type: SUN_STANDARD

[Global flags]
     bool BytecodeVerificationLocal                = false                                     {product} {command line}
     bool BytecodeVerificationRemote               = false                                     {product} {command line}
     intx CICompilerCount                          = 3                                         {product} {ergonomic}
     uint ConcGCThreads                            = 1                                         {product} {ergonomic}
     uint G1ConcRefinementThreads                  = 4                                         {product} {ergonomic}
   size_t G1HeapRegionSize                         = 1048576                                   {product} {ergonomic}
    uintx GCDrainStackTargetSize                   = 64                                        {product} {ergonomic}
   size_t InitialHeapSize                          = 62914560                                  {product} {ergonomic}
   size_t MarkStackSize                            = 4194304                                   {product} {ergonomic}
   size_t MaxHeapSize                              = 998244352                                 {product} {ergonomic}
   size_t MaxNewSize                               = 598736896                                 {product} {ergonomic}
   size_t MinHeapDeltaBytes                        = 1048576                                   {product} {ergonomic}
    uintx NonNMethodCodeHeapSize                   = 6973028                                {pd product} {ergonomic}
    uintx NonProfiledCodeHeapSize                  = 244685212                              {pd product} {ergonomic}
    uintx ProfiledCodeHeapSize                     = 0                                      {pd product} {ergonomic}
    uintx ReservedCodeCacheSize                    = 251658240                              {pd product} {ergonomic}
     bool SegmentedCodeCache                       = true                                      {product} {ergonomic}
     intx TieredStopAtLevel                        = 1                                         {product} {command line}
     bool UseCompressedClassPointers               = true                                 {lp64_product} {ergonomic}
     bool UseCompressedOops                        = true                                 {lp64_product} {ergonomic}
     bool UseG1GC                                  = true                                      {product} {ergonomic}

Logging:
Log output configuration:
 #0: stdout all=warning uptime,level,tags
 #1: stderr all=off uptime,level,tags

Environment Variables:
PATH=/home/artix/Applications:/opt/lampp:/opt/lampp/bin:/opt/lappstack-7.4.22-0:/opt/lappstack-7.4.22-0/postgresql/bin:/home/artix/Applications:/opt/lampp:/opt/lampp/bin:/opt/lappstack-7.4.22-0:/opt/lappstack-7.4.22-0/postgresql/bin:/usr/local/bin:/usr/local/sbin:/usr/bin:/opt/android-sdk/platform-tools:/opt/android-sdk/tools:/opt/android-sdk/tools/bin:/usr/lib/jvm/default/bin:/usr/bin/site_perl:/usr/bin/vendor_perl:/usr/bin/core_perl
SHELL=/bin/zsh
DISPLAY=:0.0
LANG=en_US.UTF-8

Signal Handlers:
SIGSEGV: [libjvm.so+0xe68600], sa_mask[0]=11111111011111111101111111111110, sa_flags=SA_RESTART|SA_SIGINFO
SIGBUS: [libjvm.so+0xe68600], sa_mask[0]=11111111011111111101111111111110, sa_flags=SA_RESTART|SA_SIGINFO
SIGFPE: [libjvm.so+0xe68600], sa_mask[0]=11111111011111111101111111111110, sa_flags=SA_RESTART|SA_SIGINFO
SIGPIPE: [libjvm.so+0xc52910], sa_mask[0]=11111111011111111101111111111110, sa_flags=SA_RESTART|SA_SIGINFO
SIGXFSZ: [libjvm.so+0xc52910], sa_mask[0]=11111111011111111101111111111110, sa_flags=SA_RESTART|SA_SIGINFO
SIGILL: [libjvm.so+0xe68600], sa_mask[0]=11111111011111111101111111111110, sa_flags=SA_RESTART|SA_SIGINFO
SIGUSR2: [libjvm.so+0xc52790], sa_mask[0]=00100000000000000000000000000000, sa_flags=SA_RESTART|SA_SIGINFO
SIGHUP: [libjvm.so+0xc52da0], sa_mask[0]=11111111011111111101111111111110, sa_flags=SA_RESTART|SA_SIGINFO
SIGINT: [libjvm.so+0xc52da0], sa_mask[0]=11111111011111111101111111111110, sa_flags=SA_RESTART|SA_SIGINFO
SIGTERM: [libjvm.so+0xc52da0], sa_mask[0]=11111111011111111101111111111110, sa_flags=SA_RESTART|SA_SIGINFO
SIGQUIT: [libjvm.so+0xc52da0], sa_mask[0]=11111111011111111101111111111110, sa_flags=SA_RESTART|SA_SIGINFO


---------------  S Y S T E M  ---------------

OS:LSB_VERSION=1.4
DISTRIB_ID=Artix
DISTRIB_RELEASE=rolling
DISTRIB_DESCRIPTION="Artix Linux"
uname:Linux 5.15.10-zen1-1-zen #1 ZEN SMP PREEMPT Fri, 17 Dec 2021 18:32:53 +0000 x86_64
OS uptime: 0 days 7:24 hours
libc:glibc 2.33 NPTL 2.33 
rlimit (soft/hard): STACK 8192k/infinity , CORE 0k/infinity , NPROC 15159/15159 , NOFILE 4096/4096 , AS infinity/infinity , CPU infinity/infinity , DATA infinity/infinity , FSIZE infinity/infinity , MEMLOCK 64k/64k
load average:3.51 2.90 2.70

/proc/meminfo:
MemTotal:        3898620 kB
MemFree:           99980 kB
MemAvailable:      94264 kB
Buffers:             100 kB
Cached:           357732 kB
SwapCached:        14040 kB
Active:           452800 kB
Inactive:         685128 kB
Active(anon):     350940 kB
Inactive(anon):   626776 kB
Active(file):     101860 kB
Inactive(file):    58352 kB
Unevictable:       20896 kB
Mlocked:               0 kB
SwapTotal:      12582908 kB
SwapFree:        7226044 kB
Dirty:               180 kB
Writeback:             0 kB
AnonPages:        789892 kB
Mapped:           167196 kB
Shmem:            197400 kB
KReclaimable:      74476 kB
Slab:             314176 kB
SReclaimable:      74476 kB
SUnreclaim:       239700 kB
KernelStack:       15400 kB
PageTables:        46444 kB
NFS_Unstable:          0 kB
Bounce:                0 kB
WritebackTmp:          0 kB
CommitLimit:    14532216 kB
Committed_AS:   13566076 kB
VmallocTotal:   34359738367 kB
VmallocUsed:      189408 kB
VmallocChunk:          0 kB
Percpu:             1120 kB
HardwareCorrupted:     0 kB
AnonHugePages:     20480 kB
ShmemHugePages:        0 kB
ShmemPmdMapped:        0 kB
FileHugePages:         0 kB
FilePmdMapped:         0 kB
CmaTotal:              0 kB
CmaFree:               0 kB
HugePages_Total:       0
HugePages_Free:        0
HugePages_Rsvd:        0
HugePages_Surp:        0
Hugepagesize:       2048 kB
Hugetlb:               0 kB
DirectMap4k:      959372 kB
DirectMap2M:     3117056 kB
DirectMap1G:           0 kB

/sys/kernel/mm/transparent_hugepage/enabled:
[always] madvise never
/sys/kernel/mm/transparent_hugepage/defrag (defrag/compaction efforts parameter):
always defer [defer+madvise] madvise never

Process Memory:
Virtual Size: 4649072K (peak: 4696672K)
Resident Set Size: 144948K (peak: 232760K) (anon: 135196K, file: 9736K, shmem: 16K)
Swapped out: 99640K
C-Heap outstanding allocations: 34670K

/proc/sys/kernel/threads-max (system-wide limit on the number of threads):
30318
/proc/sys/vm/max_map_count (maximum number of memory map areas a process may have):
65530
/proc/sys/kernel/pid_max (system-wide limit on number of process identifiers):
32768

container (cgroup) information:
container_type: cgroupv1
cpu_cpuset_cpus: 0-3
cpu_memory_nodes: 0
active_processor_count: 4
cpu_quota: -1
cpu_period: 100000
cpu_shares: -1
memory_limit_in_bytes: -1
memory_and_swap_limit_in_bytes: -1
memory_soft_limit_in_bytes: -1
memory_usage_in_bytes: 1175330816
memory_max_usage_in_bytes: 0

Steal ticks since vm start: 0
Steal ticks percentage since vm start:  0.000

CPU:total 4 (initial active 4) (2 cores per cpu, 2 threads per core) family 6 model 142 stepping 12 microcode 0xea, cmov, cx8, fxsr, mmx, sse, sse2, sse3, ssse3, sse4.1, sse4.2, popcnt, avx, avx2, aes, clmul, erms, 3dnowpref, lzcnt, ht, tsc, tscinvbit, bmi1, bmi2, adx, fma
CPU Model and flags from /proc/cpuinfo:
model name	: Intel(R) Core(TM) i3-8145U CPU @ 2.10GHz
flags		: fpu vme de pse tsc msr pae mce cx8 apic sep mtrr pge mca cmov pat pse36 clflush dts acpi mmx fxsr sse sse2 ss ht tm pbe syscall nx pdpe1gb rdtscp lm constant_tsc art arch_perfmon pebs bts rep_good nopl xtopology nonstop_tsc cpuid aperfmperf pni pclmulqdq dtes64 monitor ds_cpl vmx est tm2 ssse3 sdbg fma cx16 xtpr pdcm pcid sse4_1 sse4_2 x2apic movbe popcnt tsc_deadline_timer aes xsave avx f16c rdrand lahf_lm abm 3dnowprefetch cpuid_fault epb invpcid_single ssbd ibrs ibpb stibp ibrs_enhanced tpr_shadow vnmi flexpriority ept vpid ept_ad fsgsbase tsc_adjust bmi1 avx2 smep bmi2 erms invpcid mpx rdseed adx smap clflushopt intel_pt xsaveopt xsavec xgetbv1 xsaves dtherm ida arat pln pts hwp hwp_notify hwp_act_window hwp_epp md_clear flush_l1d arch_capabilities
Online cpus:
0-3
Offline cpus:

BIOS frequency limitation:
<Not Available>
Frequency switch latency (ns):
0
Available cpu frequencies:
<Not Available>
Current governor:
powersave
Core performance/turbo boost:
<Not Available>

Memory: 4k page, physical 3898620k(100484k free), swap 12582908k(7225020k free)

vm_info: OpenJDK 64-Bit Server VM (11.0.13+8) for linux-amd64 JRE (11.0.13+8), built on Nov 10 2021 17:02:42 by "builduser" with gcc 11.1.0

END.
