#
# A fatal error has been detected by the Java Runtime Environment:
#
#  SIGSEGV (0xb) at pc=0x00007f1301746b60, pid=24484, tid=32604
#
# JRE version: OpenJDK Runtime Environment (11.0.13+8) (build 11.0.13+8)
# Java VM: OpenJDK 64-Bit Server VM (11.0.13+8, mixed mode, tiered, compressed oops, g1 gc, linux-amd64)
# Problematic frame:
# V  [libjvm.so+0xd3fb60]
#
# No core dump will be written. Core dumps have been disabled. To enable core dumping, try "ulimit -c unlimited" before starting Java again
#
# If you would like to submit a bug report, please visit:
#   https://bugreport.java.com/bugreport/crash.jsp
#

---------------  S U M M A R Y ------------

Command Line: -Xverify:none -XX:TieredStopAtLevel=1 com.simple.mvc.SimpleSpringMvcApplication

Host: Intel(R) Core(TM) i3-8145U CPU @ 2.10GHz, 4 cores, 3G, Artix Linux
Time: Sat Jan  1 01:59:47 2022 WIB elapsed time: 68.734828 seconds (0d 0h 1m 8s)

---------------  T H R E A D  ---------------

Current thread (0x00007f12a8004800):  JavaThread "Thread-8" daemon [_thread_in_vm, id=32604, stack(0x00007f1281ff2000,0x00007f12820f3000)]

Stack: [0x00007f1281ff2000,0x00007f12820f3000],  sp=0x00007f12820ef390,  free space=1012k
Native frames: (J=compiled Java code, A=aot compiled Java code, j=interpreted, Vv=VM code, C=native code)
V  [libjvm.so+0xd3fb60]
V  [libjvm.so+0x787468]
V  [libjvm.so+0x8bfc1f]
V  [libjvm.so+0x8c0245]
j  sun.security.util.BitArray.<init>(I[B)V+1 java.base@11.0.13
j  sun.security.util.DerInputStream.getUnalignedBitString()Lsun/security/util/BitArray;+127 java.base@11.0.13
j  sun.security.x509.X509Key.parse(Lsun/security/util/DerValue;)Ljava/security/PublicKey;+35 java.base@11.0.13
j  sun.security.x509.CertificateX509Key.<init>(Lsun/security/util/DerInputStream;)V+11 java.base@11.0.13
j  sun.security.x509.X509CertInfo.parse(Lsun/security/util/DerValue;)V+179 java.base@11.0.13
j  sun.security.x509.X509CertInfo.<init>(Lsun/security/util/DerValue;)V+67 java.base@11.0.13
j  sun.security.x509.X509CertImpl.parse(Lsun/security/util/DerValue;)V+227 java.base@11.0.13
j  sun.security.x509.X509CertImpl.<init>([B)V+50 java.base@11.0.13
j  sun.security.provider.X509Factory.engineGenerateCertificate(Ljava/io/InputStream;)Ljava/security/cert/Certificate;+54 java.base@11.0.13
j  java.security.cert.CertificateFactory.generateCertificate(Ljava/io/InputStream;)Ljava/security/cert/Certificate;+5 java.base@11.0.13
j  sun.security.provider.JavaKeyStore.engineLoad(Ljava/io/InputStream;[C)V+545 java.base@11.0.13
j  sun.security.util.KeyStoreDelegator.engineLoad(Ljava/io/InputStream;[C)V+209 java.base@11.0.13
j  java.security.KeyStore.load(Ljava/io/InputStream;[C)V+6 java.base@11.0.13
j  sun.security.ssl.TrustStoreManager$TrustAnchorManager.loadKeyStore(Lsun/security/ssl/TrustStoreManager$TrustStoreDescriptor;)Ljava/security/KeyStore;+130 java.base@11.0.13
j  sun.security.ssl.TrustStoreManager$TrustAnchorManager.getTrustedCerts(Lsun/security/ssl/TrustStoreManager$TrustStoreDescriptor;)Ljava/util/Set;+98 java.base@11.0.13
j  sun.security.ssl.TrustStoreManager.getTrustedCerts()Ljava/util/Set;+6 java.base@11.0.13
j  sun.security.ssl.TrustManagerFactoryImpl.engineInit(Ljava/security/KeyStore;)V+6 java.base@11.0.13
j  javax.net.ssl.TrustManagerFactory.init(Ljava/security/KeyStore;)V+5 java.base@11.0.13
j  sun.security.ssl.SSLContextImpl$DefaultManagersHolder.getTrustManagers()[Ljavax/net/ssl/TrustManager;+27 java.base@11.0.13
j  sun.security.ssl.SSLContextImpl$DefaultManagersHolder.<clinit>()V+2 java.base@11.0.13
v  ~StubRoutines::call_stub
V  [libjvm.so+0x8c746f]
V  [libjvm.so+0x8a2ef5]
V  [libjvm.so+0x8a3495]
V  [libjvm.so+0xac9a44]
V  [libjvm.so+0xaca4a3]
V  [libjvm.so+0x8becd4]
V  [libjvm.so+0x8c0405]
j  sun.security.ssl.SSLContextImpl$DefaultSSLContext.<init>()V+4 java.base@11.0.13
v  ~StubRoutines::call_stub
V  [libjvm.so+0x8c746f]
V  [libjvm.so+0xcf5f33]
V  [libjvm.so+0xcf6d82]
V  [libjvm.so+0x98cd93]  JVM_NewInstanceFromConstructor+0xe3
J 2022  jdk.internal.reflect.NativeConstructorAccessorImpl.newInstance0(Ljava/lang/reflect/Constructor;[Ljava/lang/Object;)Ljava/lang/Object; java.base@11.0.13 (0 bytes) @ 0x00007f12e51caa98 [0x00007f12e51ca9c0+0x00000000000000d8]
J 1716 c1 jdk.internal.reflect.NativeConstructorAccessorImpl.newInstance([Ljava/lang/Object;)Ljava/lang/Object; java.base@11.0.13 (89 bytes) @ 0x00007f12e514c454 [0x00007f12e514c140+0x0000000000000314]
J 1708 c1 jdk.internal.reflect.DelegatingConstructorAccessorImpl.newInstance([Ljava/lang/Object;)Ljava/lang/Object; java.base@11.0.13 (9 bytes) @ 0x00007f12e514ae84 [0x00007f12e514ae40+0x0000000000000044]
J 1706 c1 java.lang.reflect.Constructor.newInstance([Ljava/lang/Object;)Ljava/lang/Object; java.base@11.0.13 (76 bytes) @ 0x00007f12e5149f4c [0x00007f12e5149e80+0x00000000000000cc]
j  java.security.Provider.newInstanceUtil(Ljava/lang/Class;Ljava/lang/Class;Ljava/lang/Object;)Ljava/lang/Object;+18 java.base@11.0.13
j  java.security.Provider$Service.newInstance(Ljava/lang/Object;)Ljava/lang/Object;+241 java.base@11.0.13
j  sun.security.jca.GetInstance.getInstance(Ljava/security/Provider$Service;Ljava/lang/Class;)Lsun/security/jca/GetInstance$Instance;+2 java.base@11.0.13
j  sun.security.jca.GetInstance.getInstance(Ljava/lang/String;Ljava/lang/Class;Ljava/lang/String;)Lsun/security/jca/GetInstance$Instance;+56 java.base@11.0.13
j  javax.net.ssl.SSLContext.getInstance(Ljava/lang/String;)Ljavax/net/ssl/SSLContext;+12 java.base@11.0.13
j  javax.net.ssl.SSLContext.getDefault()Ljavax/net/ssl/SSLContext;+8 java.base@11.0.13
j  javax.net.ssl.SSLSocketFactory.getDefault()Ljavax/net/SocketFactory;+164 java.base@11.0.13
j  com.sun.mail.util.SocketFetcher.startTLS(Ljava/net/Socket;Ljava/lang/String;Ljava/util/Properties;Ljava/lang/String;)Ljava/net/Socket;+459
j  com.sun.mail.smtp.SMTPTransport.startTLS()V+47
j  com.sun.mail.smtp.SMTPTransport.protocolConnect(Ljava/lang/String;ILjava/lang/String;Ljava/lang/String;)Z+383
j  javax.mail.Service.connect(Ljava/lang/String;ILjava/lang/String;Ljava/lang/String;)V+361
j  org.springframework.mail.javamail.JavaMailSenderImpl.connectTransport()Ljavax/mail/Transport;+52
j  org.springframework.mail.javamail.JavaMailSenderImpl.doSend([Ljavax/mail/internet/MimeMessage;[Ljava/lang/Object;)V+53
j  org.springframework.mail.javamail.JavaMailSenderImpl.send([Lorg/springframework/mail/SimpleMailMessage;)V+85
j  org.springframework.mail.javamail.JavaMailSenderImpl.send(Lorg/springframework/mail/SimpleMailMessage;)V+9
j  com.simple.mvc.services.EmailService.sendEmail(Ljava/lang/String;Ljava/lang/String;Ljava/lang/String;Ljava/lang/String;)V+29
j  com.simple.mvc.services.ProductService.lambda$0(Lcom/simple/mvc/models/entity/Product;)V+92
j  com.simple.mvc.services.ProductService$$Lambda$1088.run()V+8
j  java.lang.Thread.run()V+11 java.base@11.0.13
v  ~StubRoutines::call_stub
V  [libjvm.so+0x8c746f]
V  [libjvm.so+0x8c52d7]
V  [libjvm.so+0x97f376]
V  [libjvm.so+0xdfa809]
V  [libjvm.so+0xdf7a05]
V  [libjvm.so+0xc5cdf9]

Java frames: (J=compiled Java code, j=interpreted, Vv=VM code)
j  sun.security.util.BitArray.<init>(I[B)V+1 java.base@11.0.13
j  sun.security.util.DerInputStream.getUnalignedBitString()Lsun/security/util/BitArray;+127 java.base@11.0.13
j  sun.security.x509.X509Key.parse(Lsun/security/util/DerValue;)Ljava/security/PublicKey;+35 java.base@11.0.13
j  sun.security.x509.CertificateX509Key.<init>(Lsun/security/util/DerInputStream;)V+11 java.base@11.0.13
j  sun.security.x509.X509CertInfo.parse(Lsun/security/util/DerValue;)V+179 java.base@11.0.13
j  sun.security.x509.X509CertInfo.<init>(Lsun/security/util/DerValue;)V+67 java.base@11.0.13
j  sun.security.x509.X509CertImpl.parse(Lsun/security/util/DerValue;)V+227 java.base@11.0.13
j  sun.security.x509.X509CertImpl.<init>([B)V+50 java.base@11.0.13
j  sun.security.provider.X509Factory.engineGenerateCertificate(Ljava/io/InputStream;)Ljava/security/cert/Certificate;+54 java.base@11.0.13
j  java.security.cert.CertificateFactory.generateCertificate(Ljava/io/InputStream;)Ljava/security/cert/Certificate;+5 java.base@11.0.13
j  sun.security.provider.JavaKeyStore.engineLoad(Ljava/io/InputStream;[C)V+545 java.base@11.0.13
j  sun.security.util.KeyStoreDelegator.engineLoad(Ljava/io/InputStream;[C)V+209 java.base@11.0.13
j  java.security.KeyStore.load(Ljava/io/InputStream;[C)V+6 java.base@11.0.13
j  sun.security.ssl.TrustStoreManager$TrustAnchorManager.loadKeyStore(Lsun/security/ssl/TrustStoreManager$TrustStoreDescriptor;)Ljava/security/KeyStore;+130 java.base@11.0.13
j  sun.security.ssl.TrustStoreManager$TrustAnchorManager.getTrustedCerts(Lsun/security/ssl/TrustStoreManager$TrustStoreDescriptor;)Ljava/util/Set;+98 java.base@11.0.13
j  sun.security.ssl.TrustStoreManager.getTrustedCerts()Ljava/util/Set;+6 java.base@11.0.13
j  sun.security.ssl.TrustManagerFactoryImpl.engineInit(Ljava/security/KeyStore;)V+6 java.base@11.0.13
j  javax.net.ssl.TrustManagerFactory.init(Ljava/security/KeyStore;)V+5 java.base@11.0.13
j  sun.security.ssl.SSLContextImpl$DefaultManagersHolder.getTrustManagers()[Ljavax/net/ssl/TrustManager;+27 java.base@11.0.13
j  sun.security.ssl.SSLContextImpl$DefaultManagersHolder.<clinit>()V+2 java.base@11.0.13
v  ~StubRoutines::call_stub
j  sun.security.ssl.SSLContextImpl$DefaultSSLContext.<init>()V+4 java.base@11.0.13
v  ~StubRoutines::call_stub
J 2022  jdk.internal.reflect.NativeConstructorAccessorImpl.newInstance0(Ljava/lang/reflect/Constructor;[Ljava/lang/Object;)Ljava/lang/Object; java.base@11.0.13 (0 bytes) @ 0x00007f12e51caa23 [0x00007f12e51ca9c0+0x0000000000000063]
J 1716 c1 jdk.internal.reflect.NativeConstructorAccessorImpl.newInstance([Ljava/lang/Object;)Ljava/lang/Object; java.base@11.0.13 (89 bytes) @ 0x00007f12e514c454 [0x00007f12e514c140+0x0000000000000314]
J 1708 c1 jdk.internal.reflect.DelegatingConstructorAccessorImpl.newInstance([Ljava/lang/Object;)Ljava/lang/Object; java.base@11.0.13 (9 bytes) @ 0x00007f12e514ae84 [0x00007f12e514ae40+0x0000000000000044]
J 1706 c1 java.lang.reflect.Constructor.newInstance([Ljava/lang/Object;)Ljava/lang/Object; java.base@11.0.13 (76 bytes) @ 0x00007f12e5149f4c [0x00007f12e5149e80+0x00000000000000cc]
j  java.security.Provider.newInstanceUtil(Ljava/lang/Class;Ljava/lang/Class;Ljava/lang/Object;)Ljava/lang/Object;+18 java.base@11.0.13
j  java.security.Provider$Service.newInstance(Ljava/lang/Object;)Ljava/lang/Object;+241 java.base@11.0.13
j  sun.security.jca.GetInstance.getInstance(Ljava/security/Provider$Service;Ljava/lang/Class;)Lsun/security/jca/GetInstance$Instance;+2 java.base@11.0.13
j  sun.security.jca.GetInstance.getInstance(Ljava/lang/String;Ljava/lang/Class;Ljava/lang/String;)Lsun/security/jca/GetInstance$Instance;+56 java.base@11.0.13
j  javax.net.ssl.SSLContext.getInstance(Ljava/lang/String;)Ljavax/net/ssl/SSLContext;+12 java.base@11.0.13
j  javax.net.ssl.SSLContext.getDefault()Ljavax/net/ssl/SSLContext;+8 java.base@11.0.13
j  javax.net.ssl.SSLSocketFactory.getDefault()Ljavax/net/SocketFactory;+164 java.base@11.0.13
j  com.sun.mail.util.SocketFetcher.startTLS(Ljava/net/Socket;Ljava/lang/String;Ljava/util/Properties;Ljava/lang/String;)Ljava/net/Socket;+459
j  com.sun.mail.smtp.SMTPTransport.startTLS()V+47
j  com.sun.mail.smtp.SMTPTransport.protocolConnect(Ljava/lang/String;ILjava/lang/String;Ljava/lang/String;)Z+383
j  javax.mail.Service.connect(Ljava/lang/String;ILjava/lang/String;Ljava/lang/String;)V+361
j  org.springframework.mail.javamail.JavaMailSenderImpl.connectTransport()Ljavax/mail/Transport;+52
j  org.springframework.mail.javamail.JavaMailSenderImpl.doSend([Ljavax/mail/internet/MimeMessage;[Ljava/lang/Object;)V+53
j  org.springframework.mail.javamail.JavaMailSenderImpl.send([Lorg/springframework/mail/SimpleMailMessage;)V+85
j  org.springframework.mail.javamail.JavaMailSenderImpl.send(Lorg/springframework/mail/SimpleMailMessage;)V+9
j  com.simple.mvc.services.EmailService.sendEmail(Ljava/lang/String;Ljava/lang/String;Ljava/lang/String;Ljava/lang/String;)V+29
j  com.simple.mvc.services.ProductService.lambda$0(Lcom/simple/mvc/models/entity/Product;)V+92
j  com.simple.mvc.services.ProductService$$Lambda$1088.run()V+8
j  java.lang.Thread.run()V+11 java.base@11.0.13
v  ~StubRoutines::call_stub

siginfo: si_signo: 11 (SIGSEGV), si_code: 1 (SEGV_MAPERR), si_addr: 0x0000000000000006

Register to memory mapping:

RAX=0x00007f1301bbee00: <offset 0x00000000011b7e00> in /usr/lib/jvm/java-11-openjdk/lib/server/libjvm.so at 0x00007f1300a07000
RBX=0x00007f12820ef3c0 is pointing into the stack for thread: 0x00007f12a8004800
RCX=0x0000000000000007 is an unknown value
RDX=0x0 is NULL
RSP=0x00007f12820ef390 is pointing into the stack for thread: 0x00007f12a8004800
RBP=0x00007f12820ef3b0 is pointing into the stack for thread: 0x00007f12a8004800
RSI=0x0 is NULL
RDI=0x00007f12820ef3c0 is pointing into the stack for thread: 0x00007f12a8004800
R8 =0x00007f12d4be0628 is pointing into metadata
R9 =0x00007f12e485bb00 points into unknown readable memory: 0x0000000000000354 | 54 03 00 00 00 00 00 00
R10=0x00007f130051a000 points into unknown readable memory: 0x0100050403020100 | 00 01 02 03 04 05 00 01
R11=0x00007f12e53f4960 is at entry_point+32 in (nmethod*)0x00007f12e53f4790
R12=0x00007f12820ef480 is pointing into the stack for thread: 0x00007f12a8004800
R13=0x00007f12820ef3c0 is pointing into the stack for thread: 0x00007f12a8004800
R14=0x00007f12820ef480 is pointing into the stack for thread: 0x00007f12a8004800
R15=0x00007f12820ef460 is pointing into the stack for thread: 0x00007f12a8004800


Registers:
RAX=0x00007f1301bbee00, RBX=0x00007f12820ef3c0, RCX=0x0000000000000007, RDX=0x0000000000000000
RSP=0x00007f12820ef390, RBP=0x00007f12820ef3b0, RSI=0x0000000000000000, RDI=0x00007f12820ef3c0
R8 =0x00007f12d4be0628, R9 =0x00007f12e485bb00, R10=0x00007f130051a000, R11=0x00007f12e53f4960
R12=0x00007f12820ef480, R13=0x00007f12820ef3c0, R14=0x00007f12820ef480, R15=0x00007f12820ef460
RIP=0x00007f1301746b60, EFLAGS=0x0000000000010206, CSGSFS=0x002b000000000033, ERR=0x0000000000000004
  TRAPNO=0x000000000000000e

Top of Stack: (sp=0x00007f12820ef390)
0x00007f12820ef390:   00007f1301bcbdd8 00007f12a8004e00
0x00007f12820ef3a0:   00007f12820ef480 00007f12820ef3c0
0x00007f12820ef3b0:   00007f12820ef400 00007f130118e468
0x00007f12820ef3c0:   00007f1301bbee00 0000000000000000 

Instructions: (pc=0x00007f1301746b60)
0x00007f1301746a60:   85 c8 00 00 00 b8 02 00 00 00 66 0f 1f 44 00 00
0x00007f1301746a70:   89 43 10 89 c2 48 83 c0 01 0f b6 74 01 05 40 80
0x00007f1301746a80:   fe 5b 74 ec 83 c2 01 40 80 fe 4c 0f 84 7f 00 00
0x00007f1301746a90:   00 89 53 10 48 8b 03 be 01 00 00 00 48 89 df ff
0x00007f1301746aa0:   50 50 8b 43 14 85 c0 0f 89 18 fe ff ff c7 43 18
0x00007f1301746ab0:   0d 00 00 00 8b 43 10 e9 0c fe ff ff 0f 1f 40 00
0x00007f1301746ac0:   b8 02 00 00 00 0f 1f 00 89 43 10 89 c2 48 83 c0
0x00007f1301746ad0:   01 80 7c 01 04 3b 75 f0 48 8b 03 be 01 00 00 00
0x00007f1301746ae0:   48 89 df ff 50 48 8b 53 14 85 d2 0f 89 d4 fd ff
0x00007f1301746af0:   ff c7 43 18 0c 00 00 00 8b 43 10 e9 c8 fd ff ff
0x00007f1301746b00:   c7 43 18 08 00 00 00 e9 ec fd ff ff 0f 1f 40 00
0x00007f1301746b10:   48 63 c2 0f 1f 44 00 00 89 43 10 89 c2 48 83 c0
0x00007f1301746b20:   01 80 7c 01 04 3b 75 f0 e9 67 ff ff ff ba 01 00
0x00007f1301746b30:   00 00 e9 4d ff ff ff 90 0f 1f 84 00 00 00 00 00
0x00007f1301746b40:   f3 0f 1e fa 55 48 89 e5 41 55 41 54 53 48 89 fb
0x00007f1301746b50:   48 83 ec 08 48 8b 57 08 48 c7 47 10 00 00 00 00
0x00007f1301746b60:   80 7a 06 28 0f 85 66 03 00 00 be 01 00 00 00 b8
0x00007f1301746b70:   01 00 00 00 89 43 10 48 8d 4a 06 0f b6 54 32 06
0x00007f1301746b80:   80 fa 29 74 73 4c 8d 2d 74 4c 22 00 4c 8d 25 65
0x00007f1301746b90:   4d 22 00 0f 1f 44 00 00 83 ea 42 80 fa 19 77 10
0x00007f1301746ba0:   0f b6 d2 49 63 14 94 4c 01 e2 3e ff e2 0f 1f 00
0x00007f1301746bb0:   48 8d 05 d1 af 53 00 be 6d 00 00 00 4c 89 ef 48
0x00007f1301746bc0:   8b 00 c6 00 58 67 e8 05 c7 98 ff 67 e8 bf 49 f1
0x00007f1301746bd0:   ff 8b 43 14 8d 50 ff 8b 43 10 66 0f 1f 44 00 00
0x00007f1301746be0:   89 53 14 48 8b 53 08 48 63 f0 48 8d 4a 06 0f b6
0x00007f1301746bf0:   54 32 06 80 fa 29 75 a0 83 c0 01 c7 43 14 00 00
0x00007f1301746c00:   00 00 89 43 10 48 83 c4 08 5b 41 5c 41 5d 5d c3
0x00007f1301746c10:   44 8d 40 01 49 63 d0 44 89 43 10 0f b6 34 11 40
0x00007f1301746c20:   80 fe 5b 0f 85 f2 02 00 00 83 c0 02 48 98 66 90
0x00007f1301746c30:   89 43 10 89 c2 48 83 c0 01 0f b6 74 01 ff 40 80
0x00007f1301746c40:   fe 5b 74 ec 83 c2 01 40 80 fe 4c 0f 84 5f 02 00
0x00007f1301746c50:   00 89 53 10 48 8b 03 44 89 c6 48 89 df ff 50 50 


Stack slot to memory mapping:
stack at sp + 0 slots: 0x00007f1301bcbdd8: <offset 0x00000000011c4dd8> in /usr/lib/jvm/java-11-openjdk/lib/server/libjvm.so at 0x00007f1300a07000
stack at sp + 1 slots: 0x00007f12a8004e00 points into unknown readable memory: 0x0000000000000002 | 02 00 00 00 00 00 00 00
stack at sp + 2 slots: 0x00007f12820ef480 is pointing into the stack for thread: 0x00007f12a8004800
stack at sp + 3 slots: 0x00007f12820ef3c0 is pointing into the stack for thread: 0x00007f12a8004800
stack at sp + 4 slots: 0x00007f12820ef400 is pointing into the stack for thread: 0x00007f12a8004800
stack at sp + 5 slots: 0x00007f130118e468: <offset 0x0000000000787468> in /usr/lib/jvm/java-11-openjdk/lib/server/libjvm.so at 0x00007f1300a07000
stack at sp + 6 slots: 0x00007f1301bbee00: <offset 0x00000000011b7e00> in /usr/lib/jvm/java-11-openjdk/lib/server/libjvm.so at 0x00007f1300a07000
stack at sp + 7 slots: 0x0 is NULL


---------------  P R O C E S S  ---------------

Threads class SMR info:
_java_thread_list=0x00007f12a803e6b0, length=27, elements={
0x00007f12fc0f7000, 0x00007f12fc0fb000, 0x00007f12fc110000, 0x00007f12fc112000,
0x00007f12fc114000, 0x00007f12fc116000, 0x00007f12fc1c0000, 0x00007f12949bf000,
0x00007f12981a0000, 0x00007f12949c4000, 0x00007f1294c1f800, 0x00007f12951b4000,
0x00007f12951b8000, 0x00007f12951c6800, 0x00007f12951c8000, 0x00007f12fc018000,
0x00007f126c004800, 0x00007f126c005800, 0x00007f126c006800, 0x00007f126c008800,
0x00007f126c009000, 0x00007f126c00a000, 0x00007f126c00b800, 0x00007f126c00d000,
0x00007f126c00f000, 0x00007f126c010000, 0x00007f12a8004800
}

Java Threads: ( => current thread )
  0x00007f12fc0f7000 JavaThread "Reference Handler" daemon [_thread_blocked, id=24493, stack(0x00007f12d6f74000,0x00007f12d7075000)]
  0x00007f12fc0fb000 JavaThread "Finalizer" daemon [_thread_blocked, id=24494, stack(0x00007f12d6e73000,0x00007f12d6f74000)]
  0x00007f12fc110000 JavaThread "Signal Dispatcher" daemon [_thread_blocked, id=24495, stack(0x00007f12d6a8b000,0x00007f12d6b8c000)]
  0x00007f12fc112000 JavaThread "Service Thread" daemon [_thread_blocked, id=24496, stack(0x00007f12d698a000,0x00007f12d6a8b000)]
  0x00007f12fc114000 JavaThread "C1 CompilerThread0" daemon [_thread_blocked, id=24497, stack(0x00007f12d6889000,0x00007f12d698a000)]
  0x00007f12fc116000 JavaThread "Sweeper thread" daemon [_thread_blocked, id=24498, stack(0x00007f12d6788000,0x00007f12d6889000)]
  0x00007f12fc1c0000 JavaThread "Common-Cleaner" daemon [_thread_blocked, id=24500, stack(0x00007f12d6585000,0x00007f12d6686000)]
  0x00007f12949bf000 JavaThread "Catalina-utility-1" [_thread_blocked, id=24837, stack(0x00007f12d5b4f000,0x00007f12d5c50000)]
  0x00007f12981a0000 JavaThread "Catalina-utility-2" [_thread_blocked, id=24838, stack(0x00007f12d484a000,0x00007f12d494b000)]
  0x00007f12949c4000 JavaThread "container-0" [_thread_blocked, id=24839, stack(0x00007f12d4749000,0x00007f12d484a000)]
  0x00007f1294c1f800 JavaThread "HikariPool-1 housekeeper" daemon [_thread_blocked, id=24919, stack(0x00007f12d4048000,0x00007f12d4149000)]
  0x00007f12951b4000 JavaThread "File Watcher" daemon [_thread_blocked, id=25163, stack(0x00007f12829f6000,0x00007f1282af7000)]
  0x00007f12951b8000 JavaThread "Live Reload Server" daemon [_thread_in_native, id=25169, stack(0x00007f12831fe000,0x00007f12832ff000)]
  0x00007f12951c6800 JavaThread "http-nio-8080-Poller" daemon [_thread_in_native, id=25191, stack(0x00007f1282af7000,0x00007f1282bf8000)]
  0x00007f12951c8000 JavaThread "http-nio-8080-Acceptor" daemon [_thread_in_native, id=25193, stack(0x00007f1282cf9000,0x00007f1282dfa000)]
  0x00007f12fc018000 JavaThread "DestroyJavaVM" [_thread_blocked, id=24485, stack(0x00007f1300590000,0x00007f1300691000)]
  0x00007f126c004800 JavaThread "http-nio-8080-exec-1" daemon [_thread_blocked, id=29858, stack(0x00007f1283eff000,0x00007f1284000000)]
  0x00007f126c005800 JavaThread "http-nio-8080-exec-2" daemon [_thread_blocked, id=29946, stack(0x00007f12d6151000,0x00007f12d6252000)]
  0x00007f126c006800 JavaThread "http-nio-8080-exec-3" daemon [_thread_blocked, id=30201, stack(0x00007f12d6050000,0x00007f12d6151000)]
  0x00007f126c008800 JavaThread "http-nio-8080-exec-4" daemon [_thread_blocked, id=30202, stack(0x00007f1282dfa000,0x00007f1282efb000)]
  0x00007f126c009000 JavaThread "http-nio-8080-exec-5" daemon [_thread_blocked, id=30426, stack(0x00007f12830fd000,0x00007f12831fe000)]
  0x00007f126c00a000 JavaThread "http-nio-8080-exec-6" daemon [_thread_blocked, id=30595, stack(0x00007f1282bf8000,0x00007f1282cf9000)]
  0x00007f126c00b800 JavaThread "http-nio-8080-exec-7" daemon [_thread_blocked, id=30598, stack(0x00007f1282ffc000,0x00007f12830fd000)]
  0x00007f126c00d000 JavaThread "http-nio-8080-exec-8" daemon [_thread_blocked, id=30623, stack(0x00007f1282efb000,0x00007f1282ffc000)]
  0x00007f126c00f000 JavaThread "http-nio-8080-exec-9" daemon [_thread_blocked, id=30892, stack(0x00007f12822f5000,0x00007f12823f6000)]
  0x00007f126c010000 JavaThread "http-nio-8080-exec-10" daemon [_thread_blocked, id=30922, stack(0x00007f12821f4000,0x00007f12822f5000)]
=>0x00007f12a8004800 JavaThread "Thread-8" daemon [_thread_in_vm, id=32604, stack(0x00007f1281ff2000,0x00007f12820f3000)]

Other Threads:
  0x00007f12fc0ee800 VMThread "VM Thread" [stack: 0x00007f12d7077000,0x00007f12d7177000] [id=24492]
  0x00007f12fc1b4800 WatcherThread [stack: 0x00007f12d6688000,0x00007f12d6788000] [id=24499]
  0x00007f12fc02f000 GCTaskThread "GC Thread#0" [stack: 0x00007f1300247000,0x00007f1300347000] [id=24486]
  0x00007f12c8001000 GCTaskThread "GC Thread#1" [stack: 0x00007f12d6454000,0x00007f12d6554000] [id=24543]
  0x00007f12c8004000 GCTaskThread "GC Thread#2" [stack: 0x00007f12d584f000,0x00007f12d594f000] [id=24634]
  0x00007f12c8005800 GCTaskThread "GC Thread#3" [stack: 0x00007f12d574d000,0x00007f12d584d000] [id=24635]
  0x00007f12fc049800 ConcurrentGCThread "G1 Main Marker" [stack: 0x00007f12de140000,0x00007f12de240000] [id=24487]
  0x00007f12fc04b800 ConcurrentGCThread "G1 Conc#0" [stack: 0x00007f12de03e000,0x00007f12de13e000] [id=24488]
  0x00007f12fc08d800 ConcurrentGCThread "G1 Refine#0" [stack: 0x00007f12d7afc000,0x00007f12d7bfc000] [id=24489]
  0x00007f12fc08f000 ConcurrentGCThread "G1 Young RemSet Sampling" [stack: 0x00007f12d79fa000,0x00007f12d7afa000] [id=24490]

Threads with active compile tasks:

VM state:not at safepoint (normal execution)

VM Mutex/Monitor currently owned by a thread: None

Heap address: 0x00000000c4800000, size: 952 MB, Compressed Oops mode: 32-bit
Narrow klass base: 0x0000000000000000, Narrow klass shift: 3
Compressed class space size: 1073741824 Address: 0x0000000100000000

Heap:
 garbage-first heap   total 129024K, used 57700K [0x00000000c4800000, 0x0000000100000000)
  region size 1024K, 29 young (29696K), 4 survivors (4096K)
 Metaspace       used 62294K, capacity 64094K, committed 64504K, reserved 1105920K
  class space    used 7927K, capacity 8602K, committed 8696K, reserved 1048576K
Heap Regions: E=young(eden), S=young(survivor), O=old, HS=humongous(starts), HC=humongous(continues), CS=collection set, F=free, A=archive, TAMS=top-at-mark-start (previous, next)
|   0|0x00000000c4800000, 0x00000000c4900000, 0x00000000c4900000|100%|HS|  |TAMS 0x00000000c4900000, 0x00000000c4800000| Complete 
|   1|0x00000000c4900000, 0x00000000c4a00000, 0x00000000c4a00000|100%| O|  |TAMS 0x00000000c4a00000, 0x00000000c4900000| Untracked 
|   2|0x00000000c4a00000, 0x00000000c4b00000, 0x00000000c4b00000|100%| O|  |TAMS 0x00000000c4b00000, 0x00000000c4a00000| Untracked 
|   3|0x00000000c4b00000, 0x00000000c4c00000, 0x00000000c4c00000|100%| O|  |TAMS 0x00000000c4c00000, 0x00000000c4b00000| Untracked 
|   4|0x00000000c4c00000, 0x00000000c4d00000, 0x00000000c4d00000|100%| O|  |TAMS 0x00000000c4d00000, 0x00000000c4c00000| Untracked 
|   5|0x00000000c4d00000, 0x00000000c4e00000, 0x00000000c4e00000|100%| O|  |TAMS 0x00000000c4e00000, 0x00000000c4d00000| Untracked 
|   6|0x00000000c4e00000, 0x00000000c4f00000, 0x00000000c4f00000|100%| O|  |TAMS 0x00000000c4f00000, 0x00000000c4e00000| Untracked 
|   7|0x00000000c4f00000, 0x00000000c5000000, 0x00000000c5000000|100%| O|  |TAMS 0x00000000c5000000, 0x00000000c4f00000| Untracked 
|   8|0x00000000c5000000, 0x00000000c5100000, 0x00000000c5100000|100%| O|  |TAMS 0x00000000c5100000, 0x00000000c5000000| Untracked 
|   9|0x00000000c5100000, 0x00000000c5200000, 0x00000000c5200000|100%| O|  |TAMS 0x00000000c5200000, 0x00000000c5100000| Untracked 
|  10|0x00000000c5200000, 0x00000000c5300000, 0x00000000c5300000|100%| O|  |TAMS 0x00000000c5300000, 0x00000000c5200000| Untracked 
|  11|0x00000000c5300000, 0x00000000c5400000, 0x00000000c5400000|100%| O|  |TAMS 0x00000000c5400000, 0x00000000c5300000| Untracked 
|  12|0x00000000c5400000, 0x00000000c5500000, 0x00000000c5500000|100%| O|  |TAMS 0x00000000c5500000, 0x00000000c5400000| Untracked 
|  13|0x00000000c5500000, 0x00000000c5600000, 0x00000000c5600000|100%| O|  |TAMS 0x00000000c5600000, 0x00000000c5500000| Untracked 
|  14|0x00000000c5600000, 0x00000000c5700000, 0x00000000c5700000|100%| O|  |TAMS 0x00000000c5700000, 0x00000000c5600000| Untracked 
|  15|0x00000000c5700000, 0x00000000c5800000, 0x00000000c5800000|100%| O|  |TAMS 0x00000000c5800000, 0x00000000c5700000| Untracked 
|  16|0x00000000c5800000, 0x00000000c5900000, 0x00000000c5900000|100%| O|  |TAMS 0x00000000c5900000, 0x00000000c5800000| Untracked 
|  17|0x00000000c5900000, 0x00000000c5a00000, 0x00000000c5a00000|100%| O|  |TAMS 0x00000000c5a00000, 0x00000000c5900000| Untracked 
|  18|0x00000000c5a00000, 0x00000000c5b00000, 0x00000000c5b00000|100%| O|  |TAMS 0x00000000c5b00000, 0x00000000c5a00000| Untracked 
|  19|0x00000000c5b00000, 0x00000000c5c00000, 0x00000000c5c00000|100%| O|  |TAMS 0x00000000c5c00000, 0x00000000c5b00000| Untracked 
|  20|0x00000000c5c00000, 0x00000000c5d00000, 0x00000000c5d00000|100%| O|  |TAMS 0x00000000c5d00000, 0x00000000c5c00000| Untracked 
|  21|0x00000000c5d00000, 0x00000000c5e00000, 0x00000000c5e00000|100%| O|  |TAMS 0x00000000c5e00000, 0x00000000c5d00000| Untracked 
|  22|0x00000000c5e00000, 0x00000000c5e12000, 0x00000000c5f00000|  7%| O|  |TAMS 0x00000000c5e12000, 0x00000000c5e00000| Untracked 
|  23|0x00000000c5f00000, 0x00000000c6000000, 0x00000000c6000000|100%| O|  |TAMS 0x00000000c6000000, 0x00000000c5f00000| Untracked 
|  24|0x00000000c6000000, 0x00000000c6100000, 0x00000000c6100000|100%| O|  |TAMS 0x00000000c6100000, 0x00000000c6000000| Untracked 
|  25|0x00000000c6100000, 0x00000000c6200000, 0x00000000c6200000|100%| O|  |TAMS 0x00000000c6200000, 0x00000000c6100000| Untracked 
|  26|0x00000000c6200000, 0x00000000c6300000, 0x00000000c6300000|100%| O|  |TAMS 0x00000000c6300000, 0x00000000c6200000| Untracked 
|  27|0x00000000c6300000, 0x00000000c6400000, 0x00000000c6400000|100%| O|  |TAMS 0x00000000c6400000, 0x00000000c6300000| Untracked 
|  28|0x00000000c6400000, 0x00000000c6500000, 0x00000000c6500000|100%| O|  |TAMS 0x00000000c6500000, 0x00000000c6400000| Untracked 
|  29|0x00000000c6500000, 0x00000000c6600000, 0x00000000c6600000|100%| O|  |TAMS 0x00000000c6600000, 0x00000000c6500000| Untracked 
|  30|0x00000000c6600000, 0x00000000c6600000, 0x00000000c6700000|  0%| F|  |TAMS 0x00000000c6600000, 0x00000000c6600000| Untracked 
|  31|0x00000000c6700000, 0x00000000c6700000, 0x00000000c6800000|  0%| F|  |TAMS 0x00000000c6700000, 0x00000000c6700000| Untracked 
|  32|0x00000000c6800000, 0x00000000c6800000, 0x00000000c6900000|  0%| F|  |TAMS 0x00000000c6800000, 0x00000000c6800000| Untracked 
|  33|0x00000000c6900000, 0x00000000c6900000, 0x00000000c6a00000|  0%| F|  |TAMS 0x00000000c6900000, 0x00000000c6900000| Untracked 
|  34|0x00000000c6a00000, 0x00000000c6a00000, 0x00000000c6b00000|  0%| F|  |TAMS 0x00000000c6a00000, 0x00000000c6a00000| Untracked 
|  35|0x00000000c6b00000, 0x00000000c6b00000, 0x00000000c6c00000|  0%| F|  |TAMS 0x00000000c6b00000, 0x00000000c6b00000| Untracked 
|  36|0x00000000c6c00000, 0x00000000c6c00000, 0x00000000c6d00000|  0%| F|  |TAMS 0x00000000c6c00000, 0x00000000c6c00000| Untracked 
|  37|0x00000000c6d00000, 0x00000000c6d00000, 0x00000000c6e00000|  0%| F|  |TAMS 0x00000000c6d00000, 0x00000000c6d00000| Untracked 
|  38|0x00000000c6e00000, 0x00000000c6e00000, 0x00000000c6f00000|  0%| F|  |TAMS 0x00000000c6e00000, 0x00000000c6e00000| Untracked 
|  39|0x00000000c6f00000, 0x00000000c6f00000, 0x00000000c7000000|  0%| F|  |TAMS 0x00000000c6f00000, 0x00000000c6f00000| Untracked 
|  40|0x00000000c7000000, 0x00000000c7000000, 0x00000000c7100000|  0%| F|  |TAMS 0x00000000c7000000, 0x00000000c7000000| Untracked 
|  41|0x00000000c7100000, 0x00000000c7100000, 0x00000000c7200000|  0%| F|  |TAMS 0x00000000c7100000, 0x00000000c7100000| Untracked 
|  42|0x00000000c7200000, 0x00000000c7200000, 0x00000000c7300000|  0%| F|  |TAMS 0x00000000c7200000, 0x00000000c7200000| Untracked 
|  43|0x00000000c7300000, 0x00000000c7300000, 0x00000000c7400000|  0%| F|  |TAMS 0x00000000c7300000, 0x00000000c7300000| Untracked 
|  44|0x00000000c7400000, 0x00000000c7400000, 0x00000000c7500000|  0%| F|  |TAMS 0x00000000c7400000, 0x00000000c7400000| Untracked 
|  45|0x00000000c7500000, 0x00000000c7500000, 0x00000000c7600000|  0%| F|  |TAMS 0x00000000c7500000, 0x00000000c7500000| Untracked 
|  46|0x00000000c7600000, 0x00000000c7600000, 0x00000000c7700000|  0%| F|  |TAMS 0x00000000c7600000, 0x00000000c7600000| Untracked 
|  47|0x00000000c7700000, 0x00000000c7700000, 0x00000000c7800000|  0%| F|  |TAMS 0x00000000c7700000, 0x00000000c7700000| Untracked 
|  48|0x00000000c7800000, 0x00000000c7800000, 0x00000000c7900000|  0%| F|  |TAMS 0x00000000c7800000, 0x00000000c7800000| Untracked 
|  49|0x00000000c7900000, 0x00000000c7900000, 0x00000000c7a00000|  0%| F|  |TAMS 0x00000000c7900000, 0x00000000c7900000| Untracked 
|  50|0x00000000c7a00000, 0x00000000c7a00000, 0x00000000c7b00000|  0%| F|  |TAMS 0x00000000c7a00000, 0x00000000c7a00000| Untracked 
|  51|0x00000000c7b00000, 0x00000000c7b00000, 0x00000000c7c00000|  0%| F|  |TAMS 0x00000000c7b00000, 0x00000000c7b00000| Untracked 
|  52|0x00000000c7c00000, 0x00000000c7c00000, 0x00000000c7d00000|  0%| F|  |TAMS 0x00000000c7c00000, 0x00000000c7c00000| Untracked 
|  53|0x00000000c7d00000, 0x00000000c7d00000, 0x00000000c7e00000|  0%| F|  |TAMS 0x00000000c7d00000, 0x00000000c7d00000| Untracked 
|  54|0x00000000c7e00000, 0x00000000c7e00000, 0x00000000c7f00000|  0%| F|  |TAMS 0x00000000c7e00000, 0x00000000c7e00000| Untracked 
|  55|0x00000000c7f00000, 0x00000000c7f00000, 0x00000000c8000000|  0%| F|  |TAMS 0x00000000c7f00000, 0x00000000c7f00000| Untracked 
|  56|0x00000000c8000000, 0x00000000c8000000, 0x00000000c8100000|  0%| F|  |TAMS 0x00000000c8000000, 0x00000000c8000000| Untracked 
|  57|0x00000000c8100000, 0x00000000c8100000, 0x00000000c8200000|  0%| F|  |TAMS 0x00000000c8100000, 0x00000000c8100000| Untracked 
|  58|0x00000000c8200000, 0x00000000c8200000, 0x00000000c8300000|  0%| F|  |TAMS 0x00000000c8200000, 0x00000000c8200000| Untracked 
|  59|0x00000000c8300000, 0x00000000c8300000, 0x00000000c8400000|  0%| F|  |TAMS 0x00000000c8300000, 0x00000000c8300000| Untracked 
|  60|0x00000000c8400000, 0x00000000c8400000, 0x00000000c8500000|  0%| F|  |TAMS 0x00000000c8400000, 0x00000000c8400000| Untracked 
|  61|0x00000000c8500000, 0x00000000c8500000, 0x00000000c8600000|  0%| F|  |TAMS 0x00000000c8500000, 0x00000000c8500000| Untracked 
|  62|0x00000000c8600000, 0x00000000c8600000, 0x00000000c8700000|  0%| F|  |TAMS 0x00000000c8600000, 0x00000000c8600000| Untracked 
|  63|0x00000000c8700000, 0x00000000c8700000, 0x00000000c8800000|  0%| F|  |TAMS 0x00000000c8700000, 0x00000000c8700000| Untracked 
|  64|0x00000000c8800000, 0x00000000c8800000, 0x00000000c8900000|  0%| F|  |TAMS 0x00000000c8800000, 0x00000000c8800000| Untracked 
|  65|0x00000000c8900000, 0x00000000c8900000, 0x00000000c8a00000|  0%| F|  |TAMS 0x00000000c8900000, 0x00000000c8900000| Untracked 
|  66|0x00000000c8a00000, 0x00000000c8a00000, 0x00000000c8b00000|  0%| F|  |TAMS 0x00000000c8a00000, 0x00000000c8a00000| Untracked 
|  67|0x00000000c8b00000, 0x00000000c8b00000, 0x00000000c8c00000|  0%| F|  |TAMS 0x00000000c8b00000, 0x00000000c8b00000| Untracked 
|  68|0x00000000c8c00000, 0x00000000c8c00000, 0x00000000c8d00000|  0%| F|  |TAMS 0x00000000c8c00000, 0x00000000c8c00000| Untracked 
|  69|0x00000000c8d00000, 0x00000000c8d00000, 0x00000000c8e00000|  0%| F|  |TAMS 0x00000000c8d00000, 0x00000000c8d00000| Untracked 
|  70|0x00000000c8e00000, 0x00000000c8e00000, 0x00000000c8f00000|  0%| F|  |TAMS 0x00000000c8e00000, 0x00000000c8e00000| Untracked 
|  71|0x00000000c8f00000, 0x00000000c8f00000, 0x00000000c9000000|  0%| F|  |TAMS 0x00000000c8f00000, 0x00000000c8f00000| Untracked 
|  72|0x00000000c9000000, 0x00000000c9000000, 0x00000000c9100000|  0%| F|  |TAMS 0x00000000c9000000, 0x00000000c9000000| Untracked 
|  73|0x00000000c9100000, 0x00000000c9100000, 0x00000000c9200000|  0%| F|  |TAMS 0x00000000c9100000, 0x00000000c9100000| Untracked 
|  74|0x00000000c9200000, 0x00000000c9200000, 0x00000000c9300000|  0%| F|  |TAMS 0x00000000c9200000, 0x00000000c9200000| Untracked 
|  75|0x00000000c9300000, 0x00000000c9300000, 0x00000000c9400000|  0%| F|  |TAMS 0x00000000c9300000, 0x00000000c9300000| Untracked 
|  76|0x00000000c9400000, 0x00000000c9400000, 0x00000000c9500000|  0%| F|  |TAMS 0x00000000c9400000, 0x00000000c9400000| Untracked 
|  77|0x00000000c9500000, 0x00000000c9547160, 0x00000000c9600000| 27%| S|CS|TAMS 0x00000000c9500000, 0x00000000c9500000| Complete 
|  78|0x00000000c9600000, 0x00000000c9700000, 0x00000000c9700000|100%| S|CS|TAMS 0x00000000c9600000, 0x00000000c9600000| Complete 
|  79|0x00000000c9700000, 0x00000000c9800000, 0x00000000c9800000|100%| S|CS|TAMS 0x00000000c9700000, 0x00000000c9700000| Complete 
|  80|0x00000000c9800000, 0x00000000c9900000, 0x00000000c9900000|100%| S|CS|TAMS 0x00000000c9800000, 0x00000000c9800000| Complete 
|  81|0x00000000c9900000, 0x00000000c9900000, 0x00000000c9a00000|  0%| F|  |TAMS 0x00000000c9900000, 0x00000000c9900000| Untracked 
|  82|0x00000000c9a00000, 0x00000000c9a00000, 0x00000000c9b00000|  0%| F|  |TAMS 0x00000000c9a00000, 0x00000000c9a00000| Untracked 
|  83|0x00000000c9b00000, 0x00000000c9b00000, 0x00000000c9c00000|  0%| F|  |TAMS 0x00000000c9b00000, 0x00000000c9b00000| Untracked 
|  84|0x00000000c9c00000, 0x00000000c9c00000, 0x00000000c9d00000|  0%| F|  |TAMS 0x00000000c9c00000, 0x00000000c9c00000| Untracked 
|  85|0x00000000c9d00000, 0x00000000c9d00000, 0x00000000c9e00000|  0%| F|  |TAMS 0x00000000c9d00000, 0x00000000c9d00000| Untracked 
|  86|0x00000000c9e00000, 0x00000000c9e00000, 0x00000000c9f00000|  0%| F|  |TAMS 0x00000000c9e00000, 0x00000000c9e00000| Untracked 
|  87|0x00000000c9f00000, 0x00000000c9f00000, 0x00000000ca000000|  0%| F|  |TAMS 0x00000000c9f00000, 0x00000000c9f00000| Untracked 
|  88|0x00000000ca000000, 0x00000000ca000000, 0x00000000ca100000|  0%| F|  |TAMS 0x00000000ca000000, 0x00000000ca000000| Untracked 
|  89|0x00000000ca100000, 0x00000000ca100000, 0x00000000ca200000|  0%| F|  |TAMS 0x00000000ca100000, 0x00000000ca100000| Untracked 
|  90|0x00000000ca200000, 0x00000000ca200000, 0x00000000ca300000|  0%| F|  |TAMS 0x00000000ca200000, 0x00000000ca200000| Untracked 
|  91|0x00000000ca300000, 0x00000000ca300000, 0x00000000ca400000|  0%| F|  |TAMS 0x00000000ca300000, 0x00000000ca300000| Untracked 
|  92|0x00000000ca400000, 0x00000000ca400000, 0x00000000ca500000|  0%| F|  |TAMS 0x00000000ca400000, 0x00000000ca400000| Untracked 
|  93|0x00000000ca500000, 0x00000000ca500000, 0x00000000ca600000|  0%| F|  |TAMS 0x00000000ca500000, 0x00000000ca500000| Untracked 
|  94|0x00000000ca600000, 0x00000000ca600000, 0x00000000ca700000|  0%| F|  |TAMS 0x00000000ca600000, 0x00000000ca600000| Untracked 
|  95|0x00000000ca700000, 0x00000000ca700000, 0x00000000ca800000|  0%| F|  |TAMS 0x00000000ca700000, 0x00000000ca700000| Untracked 
|  96|0x00000000ca800000, 0x00000000ca800000, 0x00000000ca900000|  0%| F|  |TAMS 0x00000000ca800000, 0x00000000ca800000| Untracked 
|  97|0x00000000ca900000, 0x00000000ca900000, 0x00000000caa00000|  0%| F|  |TAMS 0x00000000ca900000, 0x00000000ca900000| Untracked 
|  98|0x00000000caa00000, 0x00000000caa00000, 0x00000000cab00000|  0%| F|  |TAMS 0x00000000caa00000, 0x00000000caa00000| Untracked 
|  99|0x00000000cab00000, 0x00000000cab00000, 0x00000000cac00000|  0%| F|  |TAMS 0x00000000cab00000, 0x00000000cab00000| Untracked 
| 100|0x00000000cac00000, 0x00000000cac00000, 0x00000000cad00000|  0%| F|  |TAMS 0x00000000cac00000, 0x00000000cac00000| Untracked 
| 101|0x00000000cad00000, 0x00000000cad95e10, 0x00000000cae00000| 58%| E|  |TAMS 0x00000000cad00000, 0x00000000cad00000| Complete 
| 102|0x00000000cae00000, 0x00000000caf00000, 0x00000000caf00000|100%| E|CS|TAMS 0x00000000cae00000, 0x00000000cae00000| Complete 
| 103|0x00000000caf00000, 0x00000000cb000000, 0x00000000cb000000|100%| E|CS|TAMS 0x00000000caf00000, 0x00000000caf00000| Complete 
| 104|0x00000000cb000000, 0x00000000cb100000, 0x00000000cb100000|100%| E|CS|TAMS 0x00000000cb000000, 0x00000000cb000000| Complete 
| 105|0x00000000cb100000, 0x00000000cb200000, 0x00000000cb200000|100%| E|CS|TAMS 0x00000000cb100000, 0x00000000cb100000| Complete 
| 106|0x00000000cb200000, 0x00000000cb300000, 0x00000000cb300000|100%| E|CS|TAMS 0x00000000cb200000, 0x00000000cb200000| Complete 
| 107|0x00000000cb300000, 0x00000000cb400000, 0x00000000cb400000|100%| E|CS|TAMS 0x00000000cb300000, 0x00000000cb300000| Complete 
| 108|0x00000000cb400000, 0x00000000cb500000, 0x00000000cb500000|100%| E|CS|TAMS 0x00000000cb400000, 0x00000000cb400000| Complete 
| 109|0x00000000cb500000, 0x00000000cb600000, 0x00000000cb600000|100%| E|CS|TAMS 0x00000000cb500000, 0x00000000cb500000| Complete 
| 110|0x00000000cb600000, 0x00000000cb700000, 0x00000000cb700000|100%| E|CS|TAMS 0x00000000cb600000, 0x00000000cb600000| Complete 
| 111|0x00000000cb700000, 0x00000000cb800000, 0x00000000cb800000|100%| E|CS|TAMS 0x00000000cb700000, 0x00000000cb700000| Complete 
| 112|0x00000000cb800000, 0x00000000cb900000, 0x00000000cb900000|100%| E|CS|TAMS 0x00000000cb800000, 0x00000000cb800000| Complete 
| 113|0x00000000cb900000, 0x00000000cba00000, 0x00000000cba00000|100%| E|CS|TAMS 0x00000000cb900000, 0x00000000cb900000| Complete 
| 114|0x00000000cba00000, 0x00000000cbb00000, 0x00000000cbb00000|100%| E|CS|TAMS 0x00000000cba00000, 0x00000000cba00000| Complete 
| 115|0x00000000cbb00000, 0x00000000cbc00000, 0x00000000cbc00000|100%| E|CS|TAMS 0x00000000cbb00000, 0x00000000cbb00000| Complete 
| 116|0x00000000cbc00000, 0x00000000cbd00000, 0x00000000cbd00000|100%| E|CS|TAMS 0x00000000cbc00000, 0x00000000cbc00000| Complete 
| 117|0x00000000cbd00000, 0x00000000cbe00000, 0x00000000cbe00000|100%| E|CS|TAMS 0x00000000cbd00000, 0x00000000cbd00000| Complete 
| 118|0x00000000cbe00000, 0x00000000cbf00000, 0x00000000cbf00000|100%| E|CS|TAMS 0x00000000cbe00000, 0x00000000cbe00000| Complete 
| 119|0x00000000cbf00000, 0x00000000cc000000, 0x00000000cc000000|100%| E|CS|TAMS 0x00000000cbf00000, 0x00000000cbf00000| Complete 
| 120|0x00000000cc000000, 0x00000000cc100000, 0x00000000cc100000|100%| E|CS|TAMS 0x00000000cc000000, 0x00000000cc000000| Complete 
| 121|0x00000000cc100000, 0x00000000cc200000, 0x00000000cc200000|100%| E|CS|TAMS 0x00000000cc100000, 0x00000000cc100000| Complete 
| 122|0x00000000cc200000, 0x00000000cc300000, 0x00000000cc300000|100%| E|CS|TAMS 0x00000000cc200000, 0x00000000cc200000| Complete 
| 123|0x00000000cc300000, 0x00000000cc400000, 0x00000000cc400000|100%| E|CS|TAMS 0x00000000cc300000, 0x00000000cc300000| Complete 
| 124|0x00000000cc400000, 0x00000000cc500000, 0x00000000cc500000|100%| E|CS|TAMS 0x00000000cc400000, 0x00000000cc400000| Complete 
| 125|0x00000000cc500000, 0x00000000cc600000, 0x00000000cc600000|100%| E|CS|TAMS 0x00000000cc500000, 0x00000000cc500000| Complete 

Card table byte_map: [0x00007f12e4299000,0x00007f12e4475000] _byte_map_base: 0x00007f12e3c75000

Marking Bits (Prev, Next): (CMBitMap*) 0x00007f12fc0450c8, (CMBitMap*) 0x00007f12fc045100
 Prev Bits: [0x00007f12df120000, 0x00007f12e0000000)
 Next Bits: [0x00007f12de240000, 0x00007f12df120000)

Polling page: 0x00007f1300556000

Metaspace:

Usage:
  Non-class:     54.19 MB capacity,    53.09 MB ( 98%) used,   912.21 KB (  2%) free+waste,   212.50 KB ( <1%) overhead. 
      Class:      8.40 MB capacity,     7.74 MB ( 92%) used,   572.92 KB (  7%) free+waste,   101.94 KB (  1%) overhead. 
       Both:     62.59 MB capacity,    60.83 MB ( 97%) used,     1.45 MB (  2%) free+waste,   314.44 KB ( <1%) overhead. 

Virtual space:
  Non-class space:       56.00 MB reserved,      54.50 MB ( 97%) committed 
      Class space:        1.00 GB reserved,       8.49 MB ( <1%) committed 
             Both:        1.05 GB reserved,      62.99 MB (  6%) committed 

Chunk freelists:
   Non-Class:  164.00 KB
       Class:  6.00 KB
        Both:  170.00 KB

MaxMetaspaceSize: unlimited
CompressedClassSpaceSize: 1.00 GB
Initial GC threshold: 20.80 MB
Current GC threshold: 102.28 MB
CDS: off

CodeHeap 'non-profiled nmethods': size=238948Kb used=9143Kb max_used=9143Kb free=229804Kb
 bounds [0x00007f12e4efa000, 0x00007f12e57ea000, 0x00007f12f3853000]
CodeHeap 'non-nmethods': size=6812Kb used=1278Kb max_used=1278Kb free=5533Kb
 bounds [0x00007f12e4853000, 0x00007f12e4ac3000, 0x00007f12e4efa000]
 total_blobs=6212 nmethods=5633 adapters=507
 compilation: enabled
              stopped_count=0, restarted_count=0
 full_count=0

Compilation events (20 events):
Event: 68.707 Thread 0x00007f12fc114000 5624       1       java.util.ArrayList$SubList::<init> (35 bytes)
Event: 68.707 Thread 0x00007f12fc114000 nmethod 5624 0x00007f12e57e2c10 code [0x00007f12e57e2dc0, 0x00007f12e57e2f10]
Event: 68.707 Thread 0x00007f12fc114000 5627       1       sun.security.ssl.SSLAlgorithmDecomposer::decompose (93 bytes)
Event: 68.707 Thread 0x00007f12fc114000 nmethod 5627 0x00007f12e57e2f90 code [0x00007f12e57e31a0, 0x00007f12e57e3530]
Event: 68.707 Thread 0x00007f12fc114000 5630       1       sun.security.util.AlgorithmDecomposer::decomposeImpl (128 bytes)
Event: 68.708 Thread 0x00007f12fc114000 nmethod 5630 0x00007f12e57e3710 code [0x00007f12e57e3900, 0x00007f12e57e3c80]
Event: 68.708 Thread 0x00007f12fc114000 5625       1       java.util.ArrayList$SubList::toArray (79 bytes)
Event: 68.708 Thread 0x00007f12fc114000 nmethod 5625 0x00007f12e57e4010 code [0x00007f12e57e4200, 0x00007f12e57e4560]
Event: 68.708 Thread 0x00007f12fc114000 5629       1       sun.security.ssl.SSLAlgorithmDecomposer::decomposes (533 bytes)
Event: 68.710 Thread 0x00007f12fc114000 nmethod 5629 0x00007f12e57e4710 code [0x00007f12e57e4bc0, 0x00007f12e57e5ac0]
Event: 68.710 Thread 0x00007f12fc114000 5626       1       java.util.ArrayList$SubList::checkForComodification (23 bytes)
Event: 68.710 Thread 0x00007f12fc114000 nmethod 5626 0x00007f12e57e6110 code [0x00007f12e57e62c0, 0x00007f12e57e63e0]
Event: 68.710 Thread 0x00007f12fc114000 5628       1       java.util.EnumSet::of (16 bytes)
Event: 68.710 Thread 0x00007f12fc114000 nmethod 5628 0x00007f12e57e6490 code [0x00007f12e57e6660, 0x00007f12e57e67a0]
Event: 68.710 Thread 0x00007f12fc114000 5631       1       sun.security.ssl.SSLAlgorithmConstraints::permits (96 bytes)
Event: 68.710 Thread 0x00007f12fc114000 nmethod 5631 0x00007f12e57e6910 code [0x00007f12e57e6b20, 0x00007f12e57e6df0]
Event: 68.710 Thread 0x00007f12fc114000 5632       1       sun.security.ssl.SSLAlgorithmDecomposer::decomposes (236 bytes)
Event: 68.711 Thread 0x00007f12fc114000 nmethod 5632 0x00007f12e57e7010 code [0x00007f12e57e72c0, 0x00007f12e57e78b0]
Event: 68.723 Thread 0x00007f12fc114000 5633       1       sun.util.calendar.CalendarDate::getDayOfMonth (5 bytes)
Event: 68.723 Thread 0x00007f12fc114000 nmethod 5633 0x00007f12e57e7b90 code [0x00007f12e57e7d40, 0x00007f12e57e7df0]

GC Heap History (20 events):
Event: 2.761 GC heap before
{Heap before GC invocations=11 (full 0):
 garbage-first heap   total 89088K, used 68341K [0x00000000c4800000, 0x0000000100000000)
  region size 1024K, 49 young (50176K), 5 survivors (5120K)
 Metaspace       used 31178K, capacity 32145K, committed 32384K, reserved 1077248K
  class space    used 3775K, capacity 4170K, committed 4224K, reserved 1048576K
}
Event: 2.771 GC heap after
{Heap after GC invocations=12 (full 0):
 garbage-first heap   total 89088K, used 19586K [0x00000000c4800000, 0x0000000100000000)
  region size 1024K, 6 young (6144K), 6 survivors (6144K)
 Metaspace       used 31178K, capacity 32145K, committed 32384K, reserved 1077248K
  class space    used 3775K, capacity 4170K, committed 4224K, reserved 1048576K
}
Event: 2.878 GC heap before
{Heap before GC invocations=12 (full 0):
 garbage-first heap   total 89088K, used 65666K [0x00000000c4800000, 0x0000000100000000)
  region size 1024K, 52 young (53248K), 6 survivors (6144K)
 Metaspace       used 31844K, capacity 32883K, committed 33280K, reserved 1079296K
  class space    used 3832K, capacity 4244K, committed 4352K, reserved 1048576K
}
Event: 2.882 GC heap after
{Heap after GC invocations=13 (full 0):
 garbage-first heap   total 89088K, used 20476K [0x00000000c4800000, 0x0000000100000000)
  region size 1024K, 2 young (2048K), 2 survivors (2048K)
 Metaspace       used 31844K, capacity 32883K, committed 33280K, reserved 1079296K
  class space    used 3832K, capacity 4244K, committed 4352K, reserved 1048576K
}
Event: 3.095 GC heap before
{Heap before GC invocations=13 (full 0):
 garbage-first heap   total 89088K, used 58364K [0x00000000c4800000, 0x0000000100000000)
  region size 1024K, 36 young (36864K), 2 survivors (2048K)
 Metaspace       used 34357K, capacity 35443K, committed 35584K, reserved 1081344K
  class space    used 4153K, capacity 4589K, committed 4608K, reserved 1048576K
}
Event: 3.102 GC heap after
{Heap after GC invocations=14 (full 0):
 garbage-first heap   total 89088K, used 20665K [0x00000000c4800000, 0x0000000100000000)
  region size 1024K, 2 young (2048K), 2 survivors (2048K)
 Metaspace       used 34357K, capacity 35443K, committed 35584K, reserved 1081344K
  class space    used 4153K, capacity 4589K, committed 4608K, reserved 1048576K
}
Event: 3.653 GC heap before
{Heap before GC invocations=15 (full 0):
 garbage-first heap   total 89088K, used 66745K [0x00000000c4800000, 0x0000000100000000)
  region size 1024K, 47 young (48128K), 2 survivors (2048K)
 Metaspace       used 41490K, capacity 42654K, committed 43128K, reserved 1087488K
  class space    used 5184K, capacity 5647K, committed 5752K, reserved 1048576K
}
Event: 3.660 GC heap after
{Heap after GC invocations=16 (full 0):
 garbage-first heap   total 107520K, used 22544K [0x00000000c4800000, 0x0000000100000000)
  region size 1024K, 4 young (4096K), 4 survivors (4096K)
 Metaspace       used 41490K, capacity 42654K, committed 43128K, reserved 1087488K
  class space    used 5184K, capacity 5647K, committed 5752K, reserved 1048576K
}
Event: 4.142 GC heap before
{Heap before GC invocations=16 (full 0):
 garbage-first heap   total 107520K, used 75792K [0x00000000c4800000, 0x0000000100000000)
  region size 1024K, 56 young (57344K), 4 survivors (4096K)
 Metaspace       used 48941K, capacity 50180K, committed 50552K, reserved 1093632K
  class space    used 6209K, capacity 6727K, committed 6776K, reserved 1048576K
}
Event: 4.147 GC heap after
{Heap after GC invocations=17 (full 0):
 garbage-first heap   total 107520K, used 24734K [0x00000000c4800000, 0x0000000100000000)
  region size 1024K, 5 young (5120K), 5 survivors (5120K)
 Metaspace       used 48941K, capacity 50180K, committed 50552K, reserved 1093632K
  class space    used 6209K, capacity 6727K, committed 6776K, reserved 1048576K
}
Event: 4.672 GC heap before
{Heap before GC invocations=17 (full 0):
 garbage-first heap   total 107520K, used 77982K [0x00000000c4800000, 0x0000000100000000)
  region size 1024K, 58 young (59392K), 5 survivors (5120K)
 Metaspace       used 53482K, capacity 55048K, committed 55416K, reserved 1097728K
  class space    used 6842K, capacity 7492K, committed 7544K, reserved 1048576K
}
Event: 4.680 GC heap after
{Heap after GC invocations=18 (full 0):
 garbage-first heap   total 107520K, used 29566K [0x00000000c4800000, 0x0000000100000000)
  region size 1024K, 8 young (8192K), 8 survivors (8192K)
 Metaspace       used 53482K, capacity 55048K, committed 55416K, reserved 1097728K
  class space    used 6842K, capacity 7492K, committed 7544K, reserved 1048576K
}
Event: 4.796 GC heap before
{Heap before GC invocations=18 (full 0):
 garbage-first heap   total 107520K, used 82814K [0x00000000c4800000, 0x0000000100000000)
  region size 1024K, 59 young (60416K), 8 survivors (8192K)
 Metaspace       used 53624K, capacity 55185K, committed 55416K, reserved 1097728K
  class space    used 6857K, capacity 7495K, committed 7544K, reserved 1048576K
}
Event: 4.810 GC heap after
{Heap after GC invocations=19 (full 0):
 garbage-first heap   total 107520K, used 32322K [0x00000000c4800000, 0x0000000100000000)
  region size 1024K, 5 young (5120K), 5 survivors (5120K)
 Metaspace       used 53624K, capacity 55185K, committed 55416K, reserved 1097728K
  class space    used 6857K, capacity 7495K, committed 7544K, reserved 1048576K
}
Event: 44.176 GC heap before
{Heap before GC invocations=19 (full 0):
 garbage-first heap   total 107520K, used 85570K [0x00000000c4800000, 0x0000000100000000)
  region size 1024K, 55 young (56320K), 5 survivors (5120K)
 Metaspace       used 56289K, capacity 57941K, committed 58360K, reserved 1099776K
  class space    used 7179K, capacity 7857K, committed 7928K, reserved 1048576K
}
Event: 44.258 GC heap after
{Heap after GC invocations=20 (full 0):
 garbage-first heap   total 129024K, used 30391K [0x00000000c4800000, 0x0000000100000000)
  region size 1024K, 2 young (2048K), 2 survivors (2048K)
 Metaspace       used 56289K, capacity 57941K, committed 58360K, reserved 1099776K
  class space    used 7179K, capacity 7857K, committed 7928K, reserved 1048576K
}
Event: 45.228 GC heap before
{Heap before GC invocations=20 (full 0):
 garbage-first heap   total 129024K, used 38583K [0x00000000c4800000, 0x0000000100000000)
  region size 1024K, 12 young (12288K), 2 survivors (2048K)
 Metaspace       used 57977K, capacity 59576K, committed 59896K, reserved 1101824K
  class space    used 7414K, capacity 8082K, committed 8184K, reserved 1048576K
}
Event: 45.299 GC heap after
{Heap after GC invocations=21 (full 0):
 garbage-first heap   total 129024K, used 31735K [0x00000000c4800000, 0x0000000100000000)
  region size 1024K, 4 young (4096K), 4 survivors (4096K)
 Metaspace       used 57977K, capacity 59576K, committed 59896K, reserved 1101824K
  class space    used 7414K, capacity 8082K, committed 8184K, reserved 1048576K
}
Event: 52.499 GC heap before
{Heap before GC invocations=22 (full 0):
 garbage-first heap   total 129024K, used 72695K [0x00000000c4800000, 0x0000000100000000)
  region size 1024K, 45 young (46080K), 4 survivors (4096K)
 Metaspace       used 60834K, capacity 62562K, committed 62840K, reserved 1103872K
  class space    used 7759K, capacity 8454K, committed 8568K, reserved 1048576K
}
Event: 52.556 GC heap after
{Heap after GC invocations=23 (full 0):
 garbage-first heap   total 129024K, used 33124K [0x00000000c4800000, 0x0000000100000000)
  region size 1024K, 4 young (4096K), 4 survivors (4096K)
 Metaspace       used 60834K, capacity 62562K, committed 62840K, reserved 1103872K
  class space    used 7759K, capacity 8454K, committed 8568K, reserved 1048576K
}

Deoptimization events (6 events):
Event: 2.025 Thread 0x00007f12a0002000 DEOPT PACKING pc=0x00007f12e518914c sp=0x00007f12d614d9b0
Event: 2.025 Thread 0x00007f12a0002000 DEOPT UNPACKING pc=0x00007f12e489d64a sp=0x00007f12d614cf38 mode 0
Event: 4.592 Thread 0x00007f12a0002000 DEOPT PACKING pc=0x00007f12e51b0455 sp=0x00007f12d614dca0
Event: 4.592 Thread 0x00007f12a0002000 DEOPT UNPACKING pc=0x00007f12e489d64a sp=0x00007f12d614d1c8 mode 3
Event: 4.592 Thread 0x00007f12a0002000 DEOPT PACKING pc=0x00007f12e51ac2fe sp=0x00007f12d614dc60
Event: 4.592 Thread 0x00007f12a0002000 DEOPT UNPACKING pc=0x00007f12e489d64a sp=0x00007f12d614d1c8 mode 3

Classes redefined (0 events):
No events

Internal exceptions (20 events):
Event: 4.375 Thread 0x00007f12a0002000 Exception <a 'java/lang/ClassNotFoundException'{0x00000000c9a91670}: org/springframework/context/ApplicationContextAwareCustomizer> (0x00000000c9a91670) thrown at [src/hotspot/share/classfile/systemDictionary.cpp, line 231]
Event: 4.376 Thread 0x00007f12a0002000 Exception <a 'java/lang/ClassNotFoundException'{0x00000000c9aa30f8}: org/springframework/beans/factory/AwareCustomizer> (0x00000000c9aa30f8) thrown at [src/hotspot/share/classfile/systemDictionary.cpp, line 231]
Event: 4.376 Thread 0x00007f12a0002000 Exception <a 'java/lang/ClassNotFoundException'{0x00000000c9ab5068}: org/springframework/web/context/ServletContextAwareCustomizer> (0x00000000c9ab5068) thrown at [src/hotspot/share/classfile/systemDictionary.cpp, line 231]
Event: 4.376 Thread 0x00007f12a0002000 Exception <a 'java/lang/ClassNotFoundException'{0x00000000c9ac65c8}: org/springframework/beans/factory/AwareCustomizer> (0x00000000c9ac65c8) thrown at [src/hotspot/share/classfile/systemDictionary.cpp, line 231]
Event: 4.519 Thread 0x00007f12a0002000 Exception <a 'java/lang/NoSuchMethodError'{0x00000000c91c8ed8}: 'void java.lang.invoke.DirectMethodHandle$Holder.invokeVirtual(java.lang.Object, java.lang.Object, int)'> (0x00000000c91c8ed8) thrown at [src/hotspot/share/interpreter/linkResolver.cpp, line 772]
Event: 4.520 Thread 0x00007f12a0002000 Exception <a 'java/lang/NoSuchMethodError'{0x00000000c91e2a98}: 'void java.lang.invoke.DirectMethodHandle$Holder.invokeVirtual(java.lang.Object, java.lang.Object, long)'> (0x00000000c91e2a98) thrown at [src/hotspot/share/interpreter/linkResolver.cpp, line 772]
Event: 4.604 Thread 0x00007f12a0002000 Exception <a 'java/lang/IncompatibleClassChangeError'{0x00000000c8a429f0}: Found class java.lang.Object, but interface was expected> (0x00000000c8a429f0) thrown at [src/hotspot/share/interpreter/linkResolver.cpp, line 839]
Event: 4.916 Thread 0x00007f12a0002000 Exception <a 'java/lang/NoSuchMethodError'{0x00000000c9047b80}: 'int java.lang.invoke.DirectMethodHandle$Holder.invokeStaticInit(java.lang.Object, java.lang.Object, java.lang.Object, java.lang.Object)'> (0x00000000c9047b80) thrown at [src/hotspot/share/interpreter/linkResolver.cpp, line 772]
Event: 5.015 Thread 0x00007f12a0002000 Exception <a 'java/lang/NoSuchMethodError'{0x00000000c8815f98}: 'java.lang.Object java.lang.invoke.DirectMethodHandle$Holder.invokeSpecial(java.lang.Object, java.lang.Object, int, java.lang.Object, int, java.lang.Object)'> (0x00000000c8815f98) thrown at [src/hotspot/share/interpreter/linkResolver.cpp, line 772]
Event: 5.016 Thread 0x00007f12a0002000 Exception <a 'java/lang/NoSuchMethodError'{0x00000000c881d728}: 'java.lang.Object java.lang.invoke.DirectMethodHandle$Holder.invokeStatic(java.lang.Object, java.lang.Object, int, java.lang.Object, int)'> (0x00000000c881d728) thrown at [src/hotspot/share/interpreter/linkResolver.cpp, line 772]
Event: 5.016 Thread 0x00007f12a0002000 Exception <a 'java/lang/NoSuchMethodError'{0x00000000c8820f08}: 'java.lang.Object java.lang.invoke.DirectMethodHandle$Holder.invokeSpecial(java.lang.Object, java.lang.Object, java.lang.Object, int, java.lang.Object, int)'> (0x00000000c8820f08) thrown at [src/hotspot/share/interpreter/linkResolver.cpp, line 772]
Event: 5.018 Thread 0x00007f12a0002000 Exception <a 'java/lang/NoSuchMethodError'{0x00000000c882b840}: 'void java.lang.invoke.DirectMethodHandle$Holder.invokeVirtual(java.lang.Object, java.lang.Object)'> (0x00000000c882b840) thrown at [src/hotspot/share/interpreter/linkResolver.cpp, line 772]
Event: 46.207 Thread 0x00007f126c005800 Exception <a 'java/lang/ClassNotFoundException'{0x00000000cc24bd88}: java/lang/ObjectCustomizer> (0x00000000cc24bd88) thrown at [src/hotspot/share/classfile/systemDictionary.cpp, line 231]
Event: 46.208 Thread 0x00007f126c005800 Exception <a 'java/lang/ClassNotFoundException'{0x00000000cc263658}: com/simple/mvc/models/dto/SearchKeywordCustomizer> (0x00000000cc263658) thrown at [src/hotspot/share/classfile/systemDictionary.cpp, line 231]
Event: 48.690 Thread 0x00007f126c009000 Exception <a 'java/lang/NoSuchMethodError'{0x00000000cb216b30}: 'java.lang.Object java.lang.invoke.DirectMethodHandle$Holder.invokeInterface(java.lang.Object, java.lang.Object, java.lang.Object, java.lang.Object)'> (0x00000000cb216b30) thrown at [src/hotspot/share/interpreter/linkResolver.cpp, line 772]
Event: 48.812 Thread 0x00007f126c009000 Exception <a 'java/lang/NoSuchMethodError'{0x00000000cb197db8}: 'java.lang.Object java.lang.invoke.DirectMethodHandle$Holder.invokeStaticInit(java.lang.Object, java.lang.Object, java.lang.Object, java.lang.Object, java.lang.Object, java.lang.Object)'> (0x00000000cb197db8) thrown at [src/hotspot/share/interpreter/linkResolver.cpp, line 772]
Event: 52.197 Thread 0x00007f126c00f000 Exception <a 'java/lang/ClassNotFoundException'{0x00000000c9901a90}: java/lang/ObjectCustomizer> (0x00000000c9901a90) thrown at [src/hotspot/share/classfile/systemDictionary.cpp, line 231]
Event: 52.208 Thread 0x00007f126c00f000 Exception <a 'java/lang/ClassNotFoundException'{0x00000000c9918df8}: com/simple/mvc/models/entity/ProductCustomizer> (0x00000000c9918df8) thrown at [src/hotspot/share/classfile/systemDictionary.cpp, line 231]
Event: 66.736 Thread 0x00007f12a8004800 Exception <a 'java/io/FileNotFoundException'{0x00000000cc30aae0}> (0x00000000cc30aae0) thrown at [src/hotspot/share/prims/jni.cpp, line 616]
Event: 66.866 Thread 0x00007f12a8004800 Exception <a 'java/io/FileNotFoundException'{0x00000000cc12b0a0}> (0x00000000cc12b0a0) thrown at [src/hotspot/share/prims/jni.cpp, line 616]

Events (20 events):
Event: 68.712 loading class java/security/KeyStore$1
Event: 68.712 loading class java/security/KeyStore$1 done
Event: 68.714 loading class java/security/KeyStoreSpi
Event: 68.715 loading class java/security/KeyStoreSpi done
Event: 68.715 loading class sun/security/pkcs12/PKCS12KeyStore$DualFormatPKCS12
Event: 68.715 loading class sun/security/util/KeyStoreDelegator
Event: 68.715 loading class sun/security/util/KeyStoreDelegator done
Event: 68.715 loading class sun/security/pkcs12/PKCS12KeyStore$DualFormatPKCS12 done
Event: 68.715 loading class sun/security/pkcs12/PKCS12KeyStore
Event: 68.716 loading class sun/security/pkcs12/PKCS12KeyStore done
Event: 68.716 loading class sun/security/provider/JavaKeyStore$JKS
Event: 68.717 loading class sun/security/provider/JavaKeyStore
Event: 68.717 loading class sun/security/provider/JavaKeyStore done
Event: 68.717 loading class sun/security/provider/JavaKeyStore$JKS done
Event: 68.718 loading class sun/security/action/OpenFileInputStreamAction
Event: 68.718 loading class sun/security/action/OpenFileInputStreamAction done
Event: 68.720 loading class sun/security/provider/JavaKeyStore$TrustedCertEntry
Event: 68.720 loading class sun/security/provider/JavaKeyStore$TrustedCertEntry done
Event: 68.721 Executing VM operation: RevokeBias
Event: 68.721 Executing VM operation: RevokeBias done


Dynamic libraries:
c4800000-cc600000 rw-p 00000000 00:00 0 
cc600000-100000000 ---p 00000000 00:00 0 
100000000-10087e000 rw-p 00000000 00:00 0 
10087e000-140000000 ---p 00000000 00:00 0 
562e5d4d5000-562e5d4d6000 r--p 00000000 103:03 591840                    /usr/lib/jvm/java-11-openjdk/bin/java
562e5d4d6000-562e5d4d7000 r-xp 00001000 103:03 591840                    /usr/lib/jvm/java-11-openjdk/bin/java
562e5d4d7000-562e5d4d8000 r--p 00002000 103:03 591840                    /usr/lib/jvm/java-11-openjdk/bin/java
562e5d4d8000-562e5d4d9000 r--p 00002000 103:03 591840                    /usr/lib/jvm/java-11-openjdk/bin/java
562e5d4d9000-562e5d4da000 rw-p 00003000 103:03 591840                    /usr/lib/jvm/java-11-openjdk/bin/java
562e5edd3000-562e5ee19000 rw-p 00000000 00:00 0                          [heap]
7f1260000000-7f1260035000 rw-p 00000000 00:00 0 
7f1260035000-7f1264000000 ---p 00000000 00:00 0 
7f1264000000-7f126405b000 rw-p 00000000 00:00 0 
7f126405b000-7f1268000000 ---p 00000000 00:00 0 
7f1268000000-7f1268030000 rw-p 00000000 00:00 0 
7f1268030000-7f126c000000 ---p 00000000 00:00 0 
7f126c000000-7f126c04b000 rw-p 00000000 00:00 0 
7f126c04b000-7f1270000000 ---p 00000000 00:00 0 
7f1270000000-7f127006f000 rw-p 00000000 00:00 0 
7f127006f000-7f1274000000 ---p 00000000 00:00 0 
7f1274000000-7f12740c1000 rw-p 00000000 00:00 0 
7f12740c1000-7f1278000000 ---p 00000000 00:00 0 
7f1278000000-7f127807e000 rw-p 00000000 00:00 0 
7f127807e000-7f127c000000 ---p 00000000 00:00 0 
7f127c000000-7f127c021000 rw-p 00000000 00:00 0 
7f127c021000-7f1280000000 ---p 00000000 00:00 0 
7f1281da6000-7f1281e26000 rw-p 00000000 00:00 0 
7f1281e26000-7f1281fa6000 ---p 00000000 00:00 0 
7f1281fa6000-7f1281fae000 r--p 00000000 103:03 415448                    /usr/lib/jvm/java-11-openjdk/lib/libsunec.so
7f1281fae000-7f1281fc7000 r-xp 00008000 103:03 415448                    /usr/lib/jvm/java-11-openjdk/lib/libsunec.so
7f1281fc7000-7f1281fd1000 r--p 00021000 103:03 415448                    /usr/lib/jvm/java-11-openjdk/lib/libsunec.so
7f1281fd1000-7f1281fd2000 ---p 0002b000 103:03 415448                    /usr/lib/jvm/java-11-openjdk/lib/libsunec.so
7f1281fd2000-7f1281fd6000 r--p 0002b000 103:03 415448                    /usr/lib/jvm/java-11-openjdk/lib/libsunec.so
7f1281fd6000-7f1281fd8000 rw-p 0002f000 103:03 415448                    /usr/lib/jvm/java-11-openjdk/lib/libsunec.so
7f1281fd8000-7f1281fdc000 r--p 00000000 103:03 541247                    /usr/lib/libresolv-2.33.so
7f1281fdc000-7f1281fea000 r-xp 00004000 103:03 541247                    /usr/lib/libresolv-2.33.so
7f1281fea000-7f1281fed000 r--p 00012000 103:03 541247                    /usr/lib/libresolv-2.33.so
7f1281fed000-7f1281fee000 ---p 00015000 103:03 541247                    /usr/lib/libresolv-2.33.so
7f1281fee000-7f1281fef000 r--p 00015000 103:03 541247                    /usr/lib/libresolv-2.33.so
7f1281fef000-7f1281ff0000 rw-p 00016000 103:03 541247                    /usr/lib/libresolv-2.33.so
7f1281ff0000-7f1281ff2000 rw-p 00000000 00:00 0 
7f1281ff2000-7f1281ff6000 ---p 00000000 00:00 0 
7f1281ff6000-7f12820f3000 rw-p 00000000 00:00 0 
7f12820f3000-7f12820f7000 ---p 00000000 00:00 0 
7f12820f7000-7f12821f4000 rw-p 00000000 00:00 0 
7f12821f4000-7f12821f8000 ---p 00000000 00:00 0 
7f12821f8000-7f12822f5000 rw-p 00000000 00:00 0 
7f12822f5000-7f12822f9000 ---p 00000000 00:00 0 
7f12822f9000-7f12825f6000 rw-p 00000000 00:00 0 
7f12825f6000-7f12827f6000 rw-p 00000000 00:00 0 
7f12827f6000-7f12829f6000 rw-p 00000000 00:00 0 
7f12829f6000-7f12829fa000 ---p 00000000 00:00 0 
7f12829fa000-7f1282af7000 rw-p 00000000 00:00 0 
7f1282af7000-7f1282afb000 ---p 00000000 00:00 0 
7f1282afb000-7f1282bf8000 rw-p 00000000 00:00 0 
7f1282bf8000-7f1282bfc000 ---p 00000000 00:00 0 
7f1282bfc000-7f1282cf9000 rw-p 00000000 00:00 0 
7f1282cf9000-7f1282cfd000 ---p 00000000 00:00 0 
7f1282cfd000-7f1282dfa000 rw-p 00000000 00:00 0 
7f1282dfa000-7f1282dfe000 ---p 00000000 00:00 0 
7f1282dfe000-7f1282efb000 rw-p 00000000 00:00 0 
7f1282efb000-7f1282eff000 ---p 00000000 00:00 0 
7f1282eff000-7f1282ffc000 rw-p 00000000 00:00 0 
7f1282ffc000-7f1283000000 ---p 00000000 00:00 0 
7f1283000000-7f12830fd000 rw-p 00000000 00:00 0 
7f12830fd000-7f1283101000 ---p 00000000 00:00 0 
7f1283101000-7f12831fe000 rw-p 00000000 00:00 0 
7f12831fe000-7f1283202000 ---p 00000000 00:00 0 
7f1283202000-7f12834ff000 rw-p 00000000 00:00 0 
7f12834ff000-7f12836ff000 rw-p 00000000 00:00 0 
7f12836ff000-7f12838ff000 rw-p 00000000 00:00 0 
7f12838ff000-7f1283aff000 rw-p 00000000 00:00 0 
7f1283aff000-7f1283cff000 rw-p 00000000 00:00 0 
7f1283cff000-7f1283eff000 rw-p 00000000 00:00 0 
7f1283eff000-7f1283f03000 ---p 00000000 00:00 0 
7f1283f03000-7f1284000000 rw-p 00000000 00:00 0 
7f1284000000-7f1284021000 rw-p 00000000 00:00 0 
7f1284021000-7f1288000000 ---p 00000000 00:00 0 
7f1288000000-7f1288021000 rw-p 00000000 00:00 0 
7f1288021000-7f128c000000 ---p 00000000 00:00 0 
7f128c000000-7f128c02f000 rw-p 00000000 00:00 0 
7f128c02f000-7f1290000000 ---p 00000000 00:00 0 
7f1290000000-7f1290021000 rw-p 00000000 00:00 0 
7f1290021000-7f1294000000 ---p 00000000 00:00 0 
7f1294000000-7f12951d2000 rw-p 00000000 00:00 0 
7f12951d2000-7f1298000000 ---p 00000000 00:00 0 
7f1298000000-7f12981c2000 rw-p 00000000 00:00 0 
7f12981c2000-7f129c000000 ---p 00000000 00:00 0 
7f129c000000-7f129c027000 rw-p 00000000 00:00 0 
7f129c027000-7f12a0000000 ---p 00000000 00:00 0 
7f12a0000000-7f12a012a000 rw-p 00000000 00:00 0 
7f12a012a000-7f12a4000000 ---p 00000000 00:00 0 
7f12a4000000-7f12a4067000 rw-p 00000000 00:00 0 
7f12a4067000-7f12a8000000 ---p 00000000 00:00 0 
7f12a8000000-7f12a8041000 rw-p 00000000 00:00 0 
7f12a8041000-7f12ac000000 ---p 00000000 00:00 0 
7f12ac000000-7f12ac725000 rw-p 00000000 00:00 0 
7f12ac725000-7f12b0000000 ---p 00000000 00:00 0 
7f12b0000000-7f12b0021000 rw-p 00000000 00:00 0 
7f12b0021000-7f12b4000000 ---p 00000000 00:00 0 
7f12b4000000-7f12b4021000 rw-p 00000000 00:00 0 
7f12b4021000-7f12b8000000 ---p 00000000 00:00 0 
7f12b8000000-7f12b8021000 rw-p 00000000 00:00 0 
7f12b8021000-7f12bc000000 ---p 00000000 00:00 0 
7f12bc000000-7f12bc021000 rw-p 00000000 00:00 0 
7f12bc021000-7f12c0000000 ---p 00000000 00:00 0 
7f12c0000000-7f12c0021000 rw-p 00000000 00:00 0 
7f12c0021000-7f12c4000000 ---p 00000000 00:00 0 
7f12c4000000-7f12c4021000 rw-p 00000000 00:00 0 
7f12c4021000-7f12c8000000 ---p 00000000 00:00 0 
7f12c8000000-7f12c8042000 rw-p 00000000 00:00 0 
7f12c8042000-7f12cc000000 ---p 00000000 00:00 0 
7f12cc000000-7f12cc021000 rw-p 00000000 00:00 0 
7f12cc021000-7f12d0000000 ---p 00000000 00:00 0 
7f12d0000000-7f12d0034000 rw-p 00000000 00:00 0 
7f12d0034000-7f12d4000000 ---p 00000000 00:00 0 
7f12d4020000-7f12d4048000 rw-p 00000000 00:00 0 
7f12d4048000-7f12d404c000 ---p 00000000 00:00 0 
7f12d404c000-7f12d4349000 rw-p 00000000 00:00 0 
7f12d4349000-7f12d4549000 rw-p 00000000 00:00 0 
7f12d4549000-7f12d4749000 rw-p 00000000 00:00 0 
7f12d4749000-7f12d474d000 ---p 00000000 00:00 0 
7f12d474d000-7f12d484a000 rw-p 00000000 00:00 0 
7f12d484a000-7f12d484e000 ---p 00000000 00:00 0 
7f12d484e000-7f12d4b4b000 rw-p 00000000 00:00 0 
7f12d4b4b000-7f12d4d4b000 rw-p 00000000 00:00 0 
7f12d4d4b000-7f12d4f4b000 rw-p 00000000 00:00 0 
7f12d4f4b000-7f12d514b000 rw-p 00000000 00:00 0 
7f12d514b000-7f12d534b000 rw-p 00000000 00:00 0 
7f12d534b000-7f12d554b000 rw-p 00000000 00:00 0 
7f12d554b000-7f12d574b000 rw-p 00000000 00:00 0 
7f12d574b000-7f12d574c000 ---p 00000000 00:00 0 
7f12d574c000-7f12d584d000 rw-p 00000000 00:00 0 
7f12d584d000-7f12d584e000 ---p 00000000 00:00 0 
7f12d584e000-7f12d5b4f000 rw-p 00000000 00:00 0 
7f12d5b4f000-7f12d5b53000 ---p 00000000 00:00 0 
7f12d5b53000-7f12d5e50000 rw-p 00000000 00:00 0 
7f12d5e50000-7f12d6050000 rw-p 00000000 00:00 0 
7f12d6050000-7f12d6054000 ---p 00000000 00:00 0 
7f12d6054000-7f12d6151000 rw-p 00000000 00:00 0 
7f12d6151000-7f12d6155000 ---p 00000000 00:00 0 
7f12d6155000-7f12d6452000 rw-p 00000000 00:00 0 
7f12d6452000-7f12d6453000 ---p 00000000 00:00 0 
7f12d6453000-7f12d6585000 rw-p 00000000 00:00 0 
7f12d6585000-7f12d6589000 ---p 00000000 00:00 0 
7f12d6589000-7f12d6686000 rw-p 00000000 00:00 0 
7f12d6686000-7f12d6687000 ---p 00000000 00:00 0 
7f12d6687000-7f12d6788000 rw-p 00000000 00:00 0 
7f12d6788000-7f12d678c000 ---p 00000000 00:00 0 
7f12d678c000-7f12d6889000 rw-p 00000000 00:00 0 
7f12d6889000-7f12d688d000 ---p 00000000 00:00 0 
7f12d688d000-7f12d698a000 rw-p 00000000 00:00 0 
7f12d698a000-7f12d698e000 ---p 00000000 00:00 0 
7f12d698e000-7f12d6a8b000 rw-p 00000000 00:00 0 
7f12d6a8b000-7f12d6a8f000 ---p 00000000 00:00 0 
7f12d6a8f000-7f12d6b8c000 rw-p 00000000 00:00 0 
7f12d6b8c000-7f12d6e73000 r--p 00000000 103:03 653290                    /usr/lib/locale/locale-archive
7f12d6e73000-7f12d6e77000 ---p 00000000 00:00 0 
7f12d6e77000-7f12d6f74000 rw-p 00000000 00:00 0 
7f12d6f74000-7f12d6f78000 ---p 00000000 00:00 0 
7f12d6f78000-7f12d7075000 rw-p 00000000 00:00 0 
7f12d7075000-7f12d7076000 ---p 00000000 00:00 0 
7f12d7076000-7f12d79f8000 rw-p 00000000 00:00 0 
7f12d79f8000-7f12d79f9000 ---p 00000000 00:00 0 
7f12d79f9000-7f12d7afa000 rw-p 00000000 00:00 0 
7f12d7afa000-7f12d7afb000 ---p 00000000 00:00 0 
7f12d7afb000-7f12d8000000 rw-p 00000000 00:00 0 
7f12d8000000-7f12d8021000 rw-p 00000000 00:00 0 
7f12d8021000-7f12dc000000 ---p 00000000 00:00 0 
7f12dc010000-7f12dc012000 r--p 00000000 103:03 541233                    /usr/lib/libnss_dns-2.33.so
7f12dc012000-7f12dc016000 r-xp 00002000 103:03 541233                    /usr/lib/libnss_dns-2.33.so
7f12dc016000-7f12dc017000 r--p 00006000 103:03 541233                    /usr/lib/libnss_dns-2.33.so
7f12dc017000-7f12dc018000 r--p 00006000 103:03 541233                    /usr/lib/libnss_dns-2.33.so
7f12dc018000-7f12dc019000 rw-p 00007000 103:03 541233                    /usr/lib/libnss_dns-2.33.so
7f12dc019000-7f12dc01b000 r--p 00000000 103:03 415419                    /usr/lib/jvm/java-11-openjdk/lib/libmanagement_ext.so
7f12dc01b000-7f12dc01e000 r-xp 00002000 103:03 415419                    /usr/lib/jvm/java-11-openjdk/lib/libmanagement_ext.so
7f12dc01e000-7f12dc01f000 r--p 00005000 103:03 415419                    /usr/lib/jvm/java-11-openjdk/lib/libmanagement_ext.so
7f12dc01f000-7f12dc020000 ---p 00006000 103:03 415419                    /usr/lib/jvm/java-11-openjdk/lib/libmanagement_ext.so
7f12dc020000-7f12dc021000 r--p 00006000 103:03 415419                    /usr/lib/jvm/java-11-openjdk/lib/libmanagement_ext.so
7f12dc021000-7f12dc022000 rw-p 00007000 103:03 415419                    /usr/lib/jvm/java-11-openjdk/lib/libmanagement_ext.so
7f12dc022000-7f12dc026000 r--p 00000000 103:03 415415                    /usr/lib/jvm/java-11-openjdk/lib/libnet.so
7f12dc026000-7f12dc036000 r-xp 00004000 103:03 415415                    /usr/lib/jvm/java-11-openjdk/lib/libnet.so
7f12dc036000-7f12dc03a000 r--p 00014000 103:03 415415                    /usr/lib/jvm/java-11-openjdk/lib/libnet.so
7f12dc03a000-7f12dc03b000 r--p 00017000 103:03 415415                    /usr/lib/jvm/java-11-openjdk/lib/libnet.so
7f12dc03b000-7f12dc03c000 rw-p 00018000 103:03 415415                    /usr/lib/jvm/java-11-openjdk/lib/libnet.so
7f12dc03c000-7f12de03c000 rw-p 00000000 00:00 0 
7f12de03c000-7f12de03d000 ---p 00000000 00:00 0 
7f12de03d000-7f12de13e000 rw-p 00000000 00:00 0 
7f12de13e000-7f12de13f000 ---p 00000000 00:00 0 
7f12de13f000-7f12de438000 rw-p 00000000 00:00 0 
7f12de438000-7f12df120000 ---p 00000000 00:00 0 
7f12df120000-7f12df318000 rw-p 00000000 00:00 0 
7f12df318000-7f12e0000000 ---p 00000000 00:00 0 
7f12e0000000-7f12e0023000 rw-p 00000000 00:00 0 
7f12e0023000-7f12e4000000 ---p 00000000 00:00 0 
7f12e4001000-7f12e4002000 r--p 00000000 103:03 418120                    /usr/lib/jvm/java-11-openjdk/lib/libextnet.so
7f12e4002000-7f12e4003000 r-xp 00001000 103:03 418120                    /usr/lib/jvm/java-11-openjdk/lib/libextnet.so
7f12e4003000-7f12e4004000 r--p 00002000 103:03 418120                    /usr/lib/jvm/java-11-openjdk/lib/libextnet.so
7f12e4004000-7f12e4005000 r--p 00002000 103:03 418120                    /usr/lib/jvm/java-11-openjdk/lib/libextnet.so
7f12e4005000-7f12e4006000 rw-p 00003000 103:03 418120                    /usr/lib/jvm/java-11-openjdk/lib/libextnet.so
7f12e4006000-7f12e400d000 r--p 00000000 103:03 415428                    /usr/lib/jvm/java-11-openjdk/lib/libnio.so
7f12e400d000-7f12e4014000 r-xp 00007000 103:03 415428                    /usr/lib/jvm/java-11-openjdk/lib/libnio.so
7f12e4014000-7f12e4017000 r--p 0000e000 103:03 415428                    /usr/lib/jvm/java-11-openjdk/lib/libnio.so
7f12e4017000-7f12e4018000 r--p 00010000 103:03 415428                    /usr/lib/jvm/java-11-openjdk/lib/libnio.so
7f12e4018000-7f12e4019000 rw-p 00011000 103:03 415428                    /usr/lib/jvm/java-11-openjdk/lib/libnio.so
7f12e4019000-7f12e40fc000 rw-p 00000000 00:00 0 
7f12e40fc000-7f12e4299000 ---p 00000000 00:00 0 
7f12e4299000-7f12e42d8000 rw-p 00000000 00:00 0 
7f12e42d8000-7f12e4475000 ---p 00000000 00:00 0 
7f12e4475000-7f12e44b4000 rw-p 00000000 00:00 0 
7f12e44b4000-7f12e4651000 ---p 00000000 00:00 0 
7f12e4651000-7f12e4853000 rw-p 00000000 00:00 0 
7f12e4853000-7f12e4ac3000 rwxp 00000000 00:00 0 
7f12e4ac3000-7f12e4efa000 ---p 00000000 00:00 0 
7f12e4efa000-7f12e57ea000 rwxp 00000000 00:00 0 
7f12e57ea000-7f12f3853000 ---p 00000000 00:00 0 
7f12f3853000-7f12fc000000 r--s 00000000 103:03 415436                    /usr/lib/jvm/java-11-openjdk/lib/modules
7f12fc000000-7f12fc827000 rw-p 00000000 00:00 0 
7f12fc827000-7f1300000000 ---p 00000000 00:00 0 
7f1300002000-7f1300245000 rw-p 00000000 00:00 0 
7f1300245000-7f1300246000 ---p 00000000 00:00 0 
7f1300246000-7f1300359000 rw-p 00000000 00:00 0 
7f1300359000-7f130051a000 ---p 00000000 00:00 0 
7f130051a000-7f130051f000 rw-p 00000000 00:00 0 
7f130051f000-7f1300528000 ---p 00000000 00:00 0 
7f1300528000-7f130052b000 r--p 00000000 103:03 541236                    /usr/lib/libnss_files-2.33.so
7f130052b000-7f1300532000 r-xp 00003000 103:03 541236                    /usr/lib/libnss_files-2.33.so
7f1300532000-7f1300534000 r--p 0000a000 103:03 541236                    /usr/lib/libnss_files-2.33.so
7f1300534000-7f1300535000 r--p 0000b000 103:03 541236                    /usr/lib/libnss_files-2.33.so
7f1300535000-7f1300536000 rw-p 0000c000 103:03 541236                    /usr/lib/libnss_files-2.33.so
7f1300536000-7f130053c000 rw-p 00000000 00:00 0 
7f130053d000-7f1300540000 r--p 00000000 103:03 415423                    /usr/lib/jvm/java-11-openjdk/lib/libmanagement.so
7f1300540000-7f1300541000 r-xp 00003000 103:03 415423                    /usr/lib/jvm/java-11-openjdk/lib/libmanagement.so
7f1300541000-7f1300542000 r--p 00004000 103:03 415423                    /usr/lib/jvm/java-11-openjdk/lib/libmanagement.so
7f1300542000-7f1300543000 r--p 00004000 103:03 415423                    /usr/lib/jvm/java-11-openjdk/lib/libmanagement.so
7f1300543000-7f1300544000 rw-p 00005000 103:03 415423                    /usr/lib/jvm/java-11-openjdk/lib/libmanagement.so
7f1300544000-7f1300546000 r--p 00000000 103:03 415437                    /usr/lib/jvm/java-11-openjdk/lib/libzip.so
7f1300546000-7f130054a000 r-xp 00002000 103:03 415437                    /usr/lib/jvm/java-11-openjdk/lib/libzip.so
7f130054a000-7f130054c000 r--p 00006000 103:03 415437                    /usr/lib/jvm/java-11-openjdk/lib/libzip.so
7f130054c000-7f130054d000 r--p 00007000 103:03 415437                    /usr/lib/jvm/java-11-openjdk/lib/libzip.so
7f130054d000-7f130054e000 rw-p 00008000 103:03 415437                    /usr/lib/jvm/java-11-openjdk/lib/libzip.so
7f130054e000-7f1300556000 rw-s 00000000 00:2e 1292                       /tmp/hsperfdata_artix/24484
7f1300556000-7f1300557000 ---p 00000000 00:00 0 
7f1300557000-7f1300558000 r--p 00000000 00:00 0 
7f1300558000-7f1300566000 r--p 00000000 103:03 418135                    /usr/lib/jvm/java-11-openjdk/lib/libjava.so
7f1300566000-7f130057b000 r-xp 0000e000 103:03 418135                    /usr/lib/jvm/java-11-openjdk/lib/libjava.so
7f130057b000-7f1300581000 r--p 00023000 103:03 418135                    /usr/lib/jvm/java-11-openjdk/lib/libjava.so
7f1300581000-7f1300582000 ---p 00029000 103:03 418135                    /usr/lib/jvm/java-11-openjdk/lib/libjava.so
7f1300582000-7f1300583000 r--p 00029000 103:03 418135                    /usr/lib/jvm/java-11-openjdk/lib/libjava.so
7f1300583000-7f1300584000 rw-p 0002a000 103:03 418135                    /usr/lib/jvm/java-11-openjdk/lib/libjava.so
7f1300584000-7f1300585000 rw-p 00000000 00:00 0 
7f1300585000-7f1300588000 r--p 00000000 103:03 541251                    /usr/lib/librt-2.33.so
7f1300588000-7f130058c000 r-xp 00003000 103:03 541251                    /usr/lib/librt-2.33.so
7f130058c000-7f130058e000 r--p 00007000 103:03 541251                    /usr/lib/librt-2.33.so
7f130058e000-7f130058f000 r--p 00008000 103:03 541251                    /usr/lib/librt-2.33.so
7f130058f000-7f1300590000 rw-p 00009000 103:03 541251                    /usr/lib/librt-2.33.so
7f1300590000-7f1300594000 ---p 00000000 00:00 0 
7f1300594000-7f1300691000 rw-p 00000000 00:00 0 
7f1300691000-7f1300694000 r--p 00000000 103:03 680088                    /usr/lib/libgcc_s.so.1
7f1300694000-7f13006a6000 r-xp 00003000 103:03 680088                    /usr/lib/libgcc_s.so.1
7f13006a6000-7f13006a9000 r--p 00015000 103:03 680088                    /usr/lib/libgcc_s.so.1
7f13006a9000-7f13006aa000 ---p 00018000 103:03 680088                    /usr/lib/libgcc_s.so.1
7f13006aa000-7f13006ab000 r--p 00018000 103:03 680088                    /usr/lib/libgcc_s.so.1
7f13006ab000-7f13006ac000 rw-p 00019000 103:03 680088                    /usr/lib/libgcc_s.so.1
7f13006ac000-7f13006bb000 r--p 00000000 103:03 541215                    /usr/lib/libm-2.33.so
7f13006bb000-7f1300756000 r-xp 0000f000 103:03 541215                    /usr/lib/libm-2.33.so
7f1300756000-7f13007ee000 r--p 000aa000 103:03 541215                    /usr/lib/libm-2.33.so
7f13007ee000-7f13007ef000 ---p 00142000 103:03 541215                    /usr/lib/libm-2.33.so
7f13007ef000-7f13007f0000 r--p 00142000 103:03 541215                    /usr/lib/libm-2.33.so
7f13007f0000-7f13007f1000 rw-p 00143000 103:03 541215                    /usr/lib/libm-2.33.so
7f13007f1000-7f130088a000 r--p 00000000 103:03 677876                    /usr/lib/libstdc++.so.6.0.29
7f130088a000-7f130098a000 r-xp 00099000 103:03 677876                    /usr/lib/libstdc++.so.6.0.29
7f130098a000-7f13009f6000 r--p 00199000 103:03 677876                    /usr/lib/libstdc++.so.6.0.29
7f13009f6000-7f1300a03000 r--p 00204000 103:03 677876                    /usr/lib/libstdc++.so.6.0.29
7f1300a03000-7f1300a04000 rw-p 00211000 103:03 677876                    /usr/lib/libstdc++.so.6.0.29
7f1300a04000-7f1300a07000 rw-p 00000000 00:00 0 
7f1300a07000-7f1300c80000 r--p 00000000 103:03 13024                     /usr/lib/jvm/java-11-openjdk/lib/server/libjvm.so
7f1300c80000-7f13018e9000 r-xp 00279000 103:03 13024                     /usr/lib/jvm/java-11-openjdk/lib/server/libjvm.so
7f13018e9000-7f1301bbb000 r--p 00ee2000 103:03 13024                     /usr/lib/jvm/java-11-openjdk/lib/server/libjvm.so
7f1301bbb000-7f1301bbc000 ---p 011b4000 103:03 13024                     /usr/lib/jvm/java-11-openjdk/lib/server/libjvm.so
7f1301bbc000-7f1301c7d000 r--p 011b4000 103:03 13024                     /usr/lib/jvm/java-11-openjdk/lib/server/libjvm.so
7f1301c7d000-7f1301cb7000 rw-p 01275000 103:03 13024                     /usr/lib/jvm/java-11-openjdk/lib/server/libjvm.so
7f1301cb7000-7f1301d0f000 rw-p 00000000 00:00 0 
7f1301d0f000-7f1301d16000 r--p 00000000 103:03 541243                    /usr/lib/libpthread-2.33.so
7f1301d16000-7f1301d25000 r-xp 00007000 103:03 541243                    /usr/lib/libpthread-2.33.so
7f1301d25000-7f1301d2a000 r--p 00016000 103:03 541243                    /usr/lib/libpthread-2.33.so
7f1301d2a000-7f1301d2b000 r--p 0001a000 103:03 541243                    /usr/lib/libpthread-2.33.so
7f1301d2b000-7f1301d2c000 rw-p 0001b000 103:03 541243                    /usr/lib/libpthread-2.33.so
7f1301d2c000-7f1301d30000 rw-p 00000000 00:00 0 
7f1301d30000-7f1301d32000 r--p 00000000 103:03 541209                    /usr/lib/libdl-2.33.so
7f1301d32000-7f1301d34000 r-xp 00002000 103:03 541209                    /usr/lib/libdl-2.33.so
7f1301d34000-7f1301d35000 r--p 00004000 103:03 541209                    /usr/lib/libdl-2.33.so
7f1301d35000-7f1301d36000 r--p 00004000 103:03 541209                    /usr/lib/libdl-2.33.so
7f1301d36000-7f1301d37000 rw-p 00005000 103:03 541209                    /usr/lib/libdl-2.33.so
7f1301d37000-7f1301d3a000 r--p 00000000 103:03 911054                    /usr/lib/libz.so.1.2.11
7f1301d3a000-7f1301d48000 r-xp 00003000 103:03 911054                    /usr/lib/libz.so.1.2.11
7f1301d48000-7f1301d4e000 r--p 00011000 103:03 911054                    /usr/lib/libz.so.1.2.11
7f1301d4e000-7f1301d4f000 ---p 00017000 103:03 911054                    /usr/lib/libz.so.1.2.11
7f1301d4f000-7f1301d50000 r--p 00017000 103:03 911054                    /usr/lib/libz.so.1.2.11
7f1301d50000-7f1301d51000 rw-p 00018000 103:03 911054                    /usr/lib/libz.so.1.2.11
7f1301d51000-7f1301d77000 r--p 00000000 103:03 541201                    /usr/lib/libc-2.33.so
7f1301d77000-7f1301ec3000 r-xp 00026000 103:03 541201                    /usr/lib/libc-2.33.so
7f1301ec3000-7f1301f0f000 r--p 00172000 103:03 541201                    /usr/lib/libc-2.33.so
7f1301f0f000-7f1301f12000 r--p 001bd000 103:03 541201                    /usr/lib/libc-2.33.so
7f1301f12000-7f1301f15000 rw-p 001c0000 103:03 541201                    /usr/lib/libc-2.33.so
7f1301f15000-7f1301f1e000 rw-p 00000000 00:00 0 
7f1301f1e000-7f1301f20000 r--p 00000000 103:03 418141                    /usr/lib/jvm/java-11-openjdk/lib/libjimage.so
7f1301f20000-7f1301f23000 r-xp 00002000 103:03 418141                    /usr/lib/jvm/java-11-openjdk/lib/libjimage.so
7f1301f23000-7f1301f24000 r--p 00005000 103:03 418141                    /usr/lib/jvm/java-11-openjdk/lib/libjimage.so
7f1301f24000-7f1301f25000 ---p 00006000 103:03 418141                    /usr/lib/jvm/java-11-openjdk/lib/libjimage.so
7f1301f25000-7f1301f26000 r--p 00006000 103:03 418141                    /usr/lib/jvm/java-11-openjdk/lib/libjimage.so
7f1301f26000-7f1301f27000 rw-p 00007000 103:03 418141                    /usr/lib/jvm/java-11-openjdk/lib/libjimage.so
7f1301f27000-7f1301f2c000 r--p 00000000 103:03 415439                    /usr/lib/jvm/java-11-openjdk/lib/libverify.so
7f1301f2c000-7f1301f33000 r-xp 00005000 103:03 415439                    /usr/lib/jvm/java-11-openjdk/lib/libverify.so
7f1301f33000-7f1301f35000 r--p 0000c000 103:03 415439                    /usr/lib/jvm/java-11-openjdk/lib/libverify.so
7f1301f35000-7f1301f37000 r--p 0000d000 103:03 415439                    /usr/lib/jvm/java-11-openjdk/lib/libverify.so
7f1301f37000-7f1301f38000 rw-p 0000f000 103:03 415439                    /usr/lib/jvm/java-11-openjdk/lib/libverify.so
7f1301f38000-7f1301f3b000 r--p 00000000 103:03 591721                    /usr/lib/jvm/java-11-openjdk/lib/jli/libjli.so
7f1301f3b000-7f1301f45000 r-xp 00003000 103:03 591721                    /usr/lib/jvm/java-11-openjdk/lib/jli/libjli.so
7f1301f45000-7f1301f48000 r--p 0000d000 103:03 591721                    /usr/lib/jvm/java-11-openjdk/lib/jli/libjli.so
7f1301f48000-7f1301f49000 ---p 00010000 103:03 591721                    /usr/lib/jvm/java-11-openjdk/lib/jli/libjli.so
7f1301f49000-7f1301f4a000 r--p 00010000 103:03 591721                    /usr/lib/jvm/java-11-openjdk/lib/jli/libjli.so
7f1301f4a000-7f1301f4b000 rw-p 00011000 103:03 591721                    /usr/lib/jvm/java-11-openjdk/lib/jli/libjli.so
7f1301f4b000-7f1301f4d000 rw-p 00000000 00:00 0 
7f1301f4d000-7f1301f4e000 r--p 00000000 103:03 541190                    /usr/lib/ld-2.33.so
7f1301f4e000-7f1301f72000 r-xp 00001000 103:03 541190                    /usr/lib/ld-2.33.so
7f1301f72000-7f1301f7b000 r--p 00025000 103:03 541190                    /usr/lib/ld-2.33.so
7f1301f7c000-7f1301f7e000 r--p 0002e000 103:03 541190                    /usr/lib/ld-2.33.so
7f1301f7e000-7f1301f80000 rw-p 00030000 103:03 541190                    /usr/lib/ld-2.33.so
7ffd63a8a000-7ffd63aad000 rw-p 00000000 00:00 0                          [stack]
7ffd63ac2000-7ffd63ac6000 r--p 00000000 00:00 0                          [vvar]
7ffd63ac6000-7ffd63ac8000 r-xp 00000000 00:00 0                          [vdso]
ffffffffff600000-ffffffffff601000 --xp 00000000 00:00 0                  [vsyscall]


VM Arguments:
jvm_args: -Xverify:none -XX:TieredStopAtLevel=1 
java_command: com.simple.mvc.SimpleSpringMvcApplication
java_class_path (initial): /run/media/artix/MySDCard/Projects/simple-spring-mvc/target/classes:/home/artix/.m2/repository/ch/qos/logback/logback-classic/1.2.6/logback-classic-1.2.6.jar:/home/artix/.m2/repository/ch/qos/logback/logback-core/1.2.6/logback-core-1.2.6.jar:/home/artix/.m2/repository/org/apache/logging/log4j/log4j-to-slf4j/2.14.1/log4j-to-slf4j-2.14.1.jar:/home/artix/.m2/repository/org/apache/logging/log4j/log4j-api/2.14.1/log4j-api-2.14.1.jar:/home/artix/.m2/repository/org/slf4j/jul-to-slf4j/1.7.32/jul-to-slf4j-1.7.32.jar:/home/artix/.m2/repository/jakarta/annotation/jakarta.annotation-api/1.3.5/jakarta.annotation-api-1.3.5.jar:/home/artix/.m2/repository/org/yaml/snakeyaml/1.28/snakeyaml-1.28.jar:/home/artix/.m2/repository/org/thymeleaf/thymeleaf-spring5/3.0.12.RELEASE/thymeleaf-spring5-3.0.12.RELEASE.jar:/home/artix/.m2/repository/org/thymeleaf/thymeleaf/3.0.12.RELEASE/thymeleaf-3.0.12.RELEASE.jar:/home/artix/.m2/repository/org/attoparser/attoparser/2.0.5.RELEASE/attoparser-2.0.5.RELEASE.jar:/home/artix/.m2/repository/org/unbescape/unbescape/1.1.6.RELEASE/unbescape-1.1.6.RELEASE.jar:/home/artix/.m2/repository/org/thymeleaf/extras/thymeleaf-extras-java8time/3.0.4.RELEASE/thymeleaf-extras-java8time-3.0.4.RELEASE.jar:/home/artix/.m2/repository/com/fasterxml/jackson/datatype/jackson-datatype-jdk8/2.12.5/jackson-datatype-jdk8-2.12.5.jar:/home/artix/.m2/repository/com/fasterxml/jackson/datatype/jackson-datatype-jsr310/2.12.5/jackson-datatype-jsr310-2.12.5.jar:/home/artix/.m2/repository/com/fasterxml/jackson/module/jackson-module-parameter-names/2.12.5/jackson-module-parameter-names-2.12.5.jar:/home/artix/.m2/repository/org/apache/tomcat/embed/tomcat-embed-core/9.0.53/tomcat-embed-core-9.0.53.jar:/home/artix/.m2/repository/org/apache/tomcat/embed/tomcat-embed-el/9.0.53/tomcat-embed-el-9.0.53.jar:/home/artix/.m2/repository/org/apache/tomcat/embed/tomcat-embed-websocket/9.0.53/tomcat-embed-websocket-9.0.53.jar:/home/artix/.m2/repository/org/springframework/spr
Launcher Type: SUN_STANDARD

[Global flags]
     bool BytecodeVerificationLocal                = false                                     {product} {command line}
     bool BytecodeVerificationRemote               = false                                     {product} {command line}
     intx CICompilerCount                          = 3                                         {product} {ergonomic}
     uint ConcGCThreads                            = 1                                         {product} {ergonomic}
     uint G1ConcRefinementThreads                  = 4                                         {product} {ergonomic}
   size_t G1HeapRegionSize                         = 1048576                                   {product} {ergonomic}
    uintx GCDrainStackTargetSize                   = 64                                        {product} {ergonomic}
   size_t InitialHeapSize                          = 62914560                                  {product} {ergonomic}
   size_t MarkStackSize                            = 4194304                                   {product} {ergonomic}
   size_t MaxHeapSize                              = 998244352                                 {product} {ergonomic}
   size_t MaxNewSize                               = 598736896                                 {product} {ergonomic}
   size_t MinHeapDeltaBytes                        = 1048576                                   {product} {ergonomic}
    uintx NonNMethodCodeHeapSize                   = 6973028                                {pd product} {ergonomic}
    uintx NonProfiledCodeHeapSize                  = 244685212                              {pd product} {ergonomic}
    uintx ProfiledCodeHeapSize                     = 0                                      {pd product} {ergonomic}
    uintx ReservedCodeCacheSize                    = 251658240                              {pd product} {ergonomic}
     bool SegmentedCodeCache                       = true                                      {product} {ergonomic}
     intx TieredStopAtLevel                        = 1                                         {product} {command line}
     bool UseCompressedClassPointers               = true                                 {lp64_product} {ergonomic}
     bool UseCompressedOops                        = true                                 {lp64_product} {ergonomic}
     bool UseG1GC                                  = true                                      {product} {ergonomic}

Logging:
Log output configuration:
 #0: stdout all=warning uptime,level,tags
 #1: stderr all=off uptime,level,tags

Environment Variables:
PATH=/home/artix/Applications:/opt/lampp:/opt/lampp/bin:/opt/lappstack-7.4.22-0:/opt/lappstack-7.4.22-0/postgresql/bin:/home/artix/Applications:/opt/lampp:/opt/lampp/bin:/opt/lappstack-7.4.22-0:/opt/lappstack-7.4.22-0/postgresql/bin:/usr/local/bin:/usr/local/sbin:/usr/bin:/opt/android-sdk/platform-tools:/opt/android-sdk/tools:/opt/android-sdk/tools/bin:/usr/lib/jvm/default/bin:/usr/bin/site_perl:/usr/bin/vendor_perl:/usr/bin/core_perl
SHELL=/bin/zsh
DISPLAY=:0.0
LANG=en_US.UTF-8

Signal Handlers:
SIGSEGV: [libjvm.so+0xe68600], sa_mask[0]=11111111011111111101111111111110, sa_flags=SA_RESTART|SA_SIGINFO
SIGBUS: [libjvm.so+0xe68600], sa_mask[0]=11111111011111111101111111111110, sa_flags=SA_RESTART|SA_SIGINFO
SIGFPE: [libjvm.so+0xe68600], sa_mask[0]=11111111011111111101111111111110, sa_flags=SA_RESTART|SA_SIGINFO
SIGPIPE: [libjvm.so+0xc52910], sa_mask[0]=11111111011111111101111111111110, sa_flags=SA_RESTART|SA_SIGINFO
SIGXFSZ: [libjvm.so+0xc52910], sa_mask[0]=11111111011111111101111111111110, sa_flags=SA_RESTART|SA_SIGINFO
SIGILL: [libjvm.so+0xe68600], sa_mask[0]=11111111011111111101111111111110, sa_flags=SA_RESTART|SA_SIGINFO
SIGUSR2: [libjvm.so+0xc52790], sa_mask[0]=00100000000000000000000000000000, sa_flags=SA_RESTART|SA_SIGINFO
SIGHUP: [libjvm.so+0xc52da0], sa_mask[0]=11111111011111111101111111111110, sa_flags=SA_RESTART|SA_SIGINFO
SIGINT: [libjvm.so+0xc52da0], sa_mask[0]=11111111011111111101111111111110, sa_flags=SA_RESTART|SA_SIGINFO
SIGTERM: [libjvm.so+0xc52da0], sa_mask[0]=11111111011111111101111111111110, sa_flags=SA_RESTART|SA_SIGINFO
SIGQUIT: [libjvm.so+0xc52da0], sa_mask[0]=11111111011111111101111111111110, sa_flags=SA_RESTART|SA_SIGINFO


---------------  S Y S T E M  ---------------

OS:LSB_VERSION=1.4
DISTRIB_ID=Artix
DISTRIB_RELEASE=rolling
DISTRIB_DESCRIPTION="Artix Linux"
uname:Linux 5.15.10-zen1-1-zen #1 ZEN SMP PREEMPT Fri, 17 Dec 2021 18:32:53 +0000 x86_64
OS uptime: 0 days 8:10 hours
libc:glibc 2.33 NPTL 2.33 
rlimit (soft/hard): STACK 8192k/infinity , CORE 0k/infinity , NPROC 15159/15159 , NOFILE 4096/4096 , AS infinity/infinity , CPU infinity/infinity , DATA infinity/infinity , FSIZE infinity/infinity , MEMLOCK 64k/64k
load average:3.97 3.05 3.11

/proc/meminfo:
MemTotal:        3898620 kB
MemFree:          106176 kB
MemAvailable:     124580 kB
Buffers:             132 kB
Cached:           614840 kB
SwapCached:        11036 kB
Active:           593188 kB
Inactive:         161884 kB
Active(anon):     447084 kB
Inactive(anon):   120028 kB
Active(file):     146104 kB
Inactive(file):    41856 kB
Unevictable:      344832 kB
Mlocked:               0 kB
SwapTotal:      12582908 kB
SwapFree:        7022028 kB
Dirty:               132 kB
Writeback:            20 kB
AnonPages:        478364 kB
Mapped:           160968 kB
Shmem:            426856 kB
KReclaimable:      75944 kB
Slab:             335464 kB
SReclaimable:      75944 kB
SUnreclaim:       259520 kB
KernelStack:       16136 kB
PageTables:        49588 kB
NFS_Unstable:          0 kB
Bounce:                0 kB
WritebackTmp:          0 kB
CommitLimit:    14532216 kB
Committed_AS:   14025032 kB
VmallocTotal:   34359738367 kB
VmallocUsed:      190304 kB
VmallocChunk:          0 kB
Percpu:             1120 kB
HardwareCorrupted:     0 kB
AnonHugePages:     20480 kB
ShmemHugePages:        0 kB
ShmemPmdMapped:        0 kB
FileHugePages:         0 kB
FilePmdMapped:         0 kB
CmaTotal:              0 kB
CmaFree:               0 kB
HugePages_Total:       0
HugePages_Free:        0
HugePages_Rsvd:        0
HugePages_Surp:        0
Hugepagesize:       2048 kB
Hugetlb:               0 kB
DirectMap4k:      981900 kB
DirectMap2M:     3094528 kB
DirectMap1G:           0 kB

/sys/kernel/mm/transparent_hugepage/enabled:
[always] madvise never
/sys/kernel/mm/transparent_hugepage/defrag (defrag/compaction efforts parameter):
always defer [defer+madvise] madvise never

Process Memory:
Virtual Size: 4647012K (peak: 4647012K)
Resident Set Size: 133232K (peak: 230080K) (anon: 123364K, file: 9852K, shmem: 16K)
Swapped out: 125800K
C-Heap outstanding allocations: 34584K

/proc/sys/kernel/threads-max (system-wide limit on the number of threads):
30318
/proc/sys/vm/max_map_count (maximum number of memory map areas a process may have):
65530
/proc/sys/kernel/pid_max (system-wide limit on number of process identifiers):
32768

container (cgroup) information:
container_type: cgroupv1
cpu_cpuset_cpus: 0-3
cpu_memory_nodes: 0
active_processor_count: 4
cpu_quota: -1
cpu_period: 100000
cpu_shares: -1
memory_limit_in_bytes: -1
memory_and_swap_limit_in_bytes: -1
memory_soft_limit_in_bytes: -1
memory_usage_in_bytes: 1120194560
memory_max_usage_in_bytes: 0

Steal ticks since vm start: 0
Steal ticks percentage since vm start:  0.000

CPU:total 4 (initial active 4) (2 cores per cpu, 2 threads per core) family 6 model 142 stepping 12 microcode 0xea, cmov, cx8, fxsr, mmx, sse, sse2, sse3, ssse3, sse4.1, sse4.2, popcnt, avx, avx2, aes, clmul, erms, 3dnowpref, lzcnt, ht, tsc, tscinvbit, bmi1, bmi2, adx, fma
CPU Model and flags from /proc/cpuinfo:
model name	: Intel(R) Core(TM) i3-8145U CPU @ 2.10GHz
flags		: fpu vme de pse tsc msr pae mce cx8 apic sep mtrr pge mca cmov pat pse36 clflush dts acpi mmx fxsr sse sse2 ss ht tm pbe syscall nx pdpe1gb rdtscp lm constant_tsc art arch_perfmon pebs bts rep_good nopl xtopology nonstop_tsc cpuid aperfmperf pni pclmulqdq dtes64 monitor ds_cpl vmx est tm2 ssse3 sdbg fma cx16 xtpr pdcm pcid sse4_1 sse4_2 x2apic movbe popcnt tsc_deadline_timer aes xsave avx f16c rdrand lahf_lm abm 3dnowprefetch cpuid_fault epb invpcid_single ssbd ibrs ibpb stibp ibrs_enhanced tpr_shadow vnmi flexpriority ept vpid ept_ad fsgsbase tsc_adjust bmi1 avx2 smep bmi2 erms invpcid mpx rdseed adx smap clflushopt intel_pt xsaveopt xsavec xgetbv1 xsaves dtherm ida arat pln pts hwp hwp_notify hwp_act_window hwp_epp md_clear flush_l1d arch_capabilities
Online cpus:
0-3
Offline cpus:

BIOS frequency limitation:
<Not Available>
Frequency switch latency (ns):
0
Available cpu frequencies:
<Not Available>
Current governor:
powersave
Core performance/turbo boost:
<Not Available>

Memory: 4k page, physical 3898620k(106176k free), swap 12582908k(7022284k free)

vm_info: OpenJDK 64-Bit Server VM (11.0.13+8) for linux-amd64 JRE (11.0.13+8), built on Nov 10 2021 17:02:42 by "builduser" with gcc 11.1.0

END.
